(---------------------------------------------------------------------)
(                                                                     )
(    Dangling Line, Via and Antenna Report                            )
(                                                                     )
(    Drawing          : TSW3080_E2_3-30.brd                           )
(    Software Version : 17.4S011                                      )
(    Date/Time        : Sat May  8 22:05:35 2021                      )
(                                                                     )
(---------------------------------------------------------------------)


Report methodology:
  - Dangling lines have at least one end not connected.
  - Dangling vias have one or no connection
      - Plus are not a test, thieving or netshort property via.
  - Antenna vias do not have connections on their start and end layers.
      - Plus they are not a thieving vias.
      - Optionally, VOLTAGE nets, testvias and through vias can be suppressed with
        the environment variable report_antennavia.
      - Section may be suppressed by variable report_noantennavia.
  - Not part of the current partition.
  - To suppress items in dangle report add the OK_DANGLE property to the via
    or connect line.



<< Antenna Vias >>
  Net                  Padstack               Location            Layers
  ---------------------------------------------------------------------------
  THS3217_N            VIA008_TENTED_18     (1235.00 1370.60) TOP/BOTTOM 
  THS3217_P            VIA008_TENTED_18     (1235.00 1052.00) TOP/BOTTOM 
  THS3217N             VIA008_TENTED_18     (725.00 501.40)  TOP/BOTTOM 
  THS3217P             VIA008_TENTED_18     (725.00 182.80)  TOP/BOTTOM 
  N18239154            VIA008_TENTED_18     (341.00 1284.00) TOP/BOTTOM 
  N4.7V                VIA008_TENTED_18     (2152.64 435.00) TOP/BOTTOM 
  N4.7V                VIA008_TENTED_18     (2152.64 380.00) TOP/BOTTOM 
  N4.7V                VIA008_TENTED_18     (2087.64 324.00) TOP/BOTTOM 
  N4.7V                VIA008_TENTED_18     (2187.64 296.00) TOP/BOTTOM 
  N4.7V                VIA008_TENTED_18     (2232.64 400.00) TOP/BOTTOM 
  N4.7V                VIA008_TENTED_18     (2110.00 360.00) TOP/BOTTOM 
  N4.7V                VIA008_TENTED_18     (2110.00 455.00) TOP/BOTTOM 
  N4.7V                VIA008_TENTED_18     (2140.00 310.00) TOP/BOTTOM 
  N4.7V                VIA008_TENTED_18     (2210.00 330.00) TOP/BOTTOM 
  N4.7V                VIA008_TENTED_18     (2195.00 395.00) TOP/BOTTOM 
  N4.7V                VIA008_TENTED_18     (2260.00 307.36) TOP/BOTTOM 
  N4.7V                VIA008_TENTED_18     (2287.64 345.00) TOP/BOTTOM 
  N4.7V                VIA008_TENTED_18     (2115.00 405.00) TOP/BOTTOM 
  N4.7V                VIA008_TENTED_18     (2185.00 345.00) TOP/BOTTOM 
  N4.7V                VIA008_TENTED_18     (2265.00 335.00) TOP/BOTTOM 
  N4.7V                VIA008_TENTED_18     (2140.00 340.00) TOP/BOTTOM 
  2.5V                 VIA008_TENTED_18     (325.00 2919.00) TOP/BOTTOM 
  2.5V                 VIA008_TENTED_18     (385.00 2910.00) TOP/BOTTOM 
  2.5V                 VIA008_TENTED_18     (382.36 2801.18) TOP/BOTTOM 
  2.5V                 VIA008_TENTED_18     (433.82 2852.64) TOP/BOTTOM 
  2.5V                 VIA008_TENTED_18     (255.00 2900.00) TOP/BOTTOM 
  2.5V                 VIA008_TENTED_18     (260.00 2850.00) TOP/BOTTOM 
  2.5V                 VIA008_TENTED_18     (250.00 2935.00) TOP/BOTTOM 
  2.5V                 VIA008_TENTED_18     (290.00 2930.00) TOP/BOTTOM 
  2.5V                 VIA008_TENTED_18     (230.00 2835.00) TOP/BOTTOM 
  2.5V                 VIA008_TENTED_18     (290.00 2890.00) TOP/BOTTOM 
  2.5V                 VIA008_TENTED_18     (290.00 2850.00) TOP/BOTTOM 
  2.5V                 VIA008_TENTED_18     (380.00 2830.00) TOP/BOTTOM 
  2.5V                 VIA008_TENTED_18     (380.00 2880.00) TOP/BOTTOM 
  2.5V                 VIA008_TENTED_18     (425.00 2905.00) TOP/BOTTOM 
  2.5V                 VIA008_TENTED_18     (405.00 2855.00) TOP/BOTTOM 
  2.5V                 VIA008_TENTED_18     (335.00 2835.00) TOP/BOTTOM 
  2.5V                 VIA008_TENTED_18     (330.00 2875.00) TOP/BOTTOM 
  2.5V                 VIA008_TENTED_18     (220.00 2875.00) TOP/BOTTOM 
  2.5V                 VIA008_TENTED_18     (220.00 2935.00) TOP/BOTTOM 
  N2.5V                VIA008_TENTED_18     (930.00 2890.00) TOP/BOTTOM 
  N2.5V                VIA008_TENTED_18     (930.00 2945.00) TOP/BOTTOM 
  N2.5V                VIA008_TENTED_18     (865.00 2834.00) TOP/BOTTOM 
  N2.5V                VIA008_TENTED_18     (965.00 2806.00) TOP/BOTTOM 
  N2.5V                VIA008_TENTED_18     (890.00 2965.00) TOP/BOTTOM 
  N2.5V                VIA008_TENTED_18     (890.00 2920.00) TOP/BOTTOM 
  N2.5V                VIA008_TENTED_18     (890.00 2875.00) TOP/BOTTOM 
  N2.5V                VIA008_TENTED_18     (970.00 2920.00) TOP/BOTTOM 
  N2.5V                VIA008_TENTED_18     (975.00 2875.00) TOP/BOTTOM 
  N2.5V                VIA008_TENTED_18     (915.00 2840.00) TOP/BOTTOM 
  N2.5V                VIA008_TENTED_18     (995.00 2840.00) TOP/BOTTOM 
  N2.5V                VIA008_TENTED_18     (1010.00 2910.00) TOP/BOTTOM 
  N2.5V                VIA008_TENTED_18     (1020.00 2855.00) TOP/BOTTOM 
  -2.5V                VIA008_TENTED_18     (725.00 2155.00) TOP/BOTTOM 
  -2.5V                VIA008_TENTED_18     (835.00 2635.00) TOP/BOTTOM 
  -2.5V                VIA008_TENTED_18     (865.00 2696.00) TOP/BOTTOM 
  -2.5V                VIA008_TENTED_18     (900.00 2631.00) TOP/BOTTOM 
  -2.5V                VIA008_TENTED_18     (725.00 2375.00) TOP/BOTTOM 
  -2.5V                VIA008_TENTED_18     (805.00 2695.00) TOP/BOTTOM 
  -2.5V                VIA008_TENTED_18     (780.00 2660.00) TOP/BOTTOM 
  -2.5V                VIA008_TENTED_18     (645.00 2635.00) TOP/BOTTOM 
  -2.5V                VIA008_TENTED_18     (645.00 2555.00) TOP/BOTTOM 
  -2.5V                VIA008_TENTED_18     (660.00 2525.00) TOP/BOTTOM 
  -2.5V                VIA008_TENTED_18     (780.00 2545.00) TOP/BOTTOM 
  -2.5V                VIA008_TENTED_18     (785.00 2600.00) TOP/BOTTOM 
  -2.5V                VIA008_TENTED_18     (830.00 2600.00) TOP/BOTTOM 
  -2.5V                VIA008_TENTED_18     (870.00 2615.00) TOP/BOTTOM 
  -2.5V                VIA008_TENTED_18     (870.00 2660.00) TOP/BOTTOM 
  -2.5V                VIA008_TENTED_18     (900.00 2695.00) TOP/BOTTOM 
  -2.5V                VIA008_TENTED_18     (820.00 2670.00) TOP/BOTTOM 
  -2.5V                VIA008_TENTED_18     (785.00 2630.00) TOP/BOTTOM 
  -2.5V                VIA008_TENTED_18     (710.00 2515.00) TOP/BOTTOM 
  -2.5V                VIA008_TENTED_18     (755.00 2525.00) TOP/BOTTOM 
  -2.5V                VIA008_TENTED_18     (805.00 2610.00) TOP/BOTTOM 
  -2.5V                VIA008_TENTED_18     (905.00 2660.00) TOP/BOTTOM 
  -2.5V                VIA008_TENTED_18     (785.00 2680.00) TOP/BOTTOM 
  +2.5V                VIA008_TENTED_18     (660.00 2155.00) TOP/BOTTOM 
  +2.5V                VIA008_TENTED_18     (245.00 2701.00) TOP/BOTTOM 
  +2.5V                VIA008_TENTED_18     (210.00 2635.00) TOP/BOTTOM 
  +2.5V                VIA008_TENTED_18     (280.00 2636.00) TOP/BOTTOM 
  +2.5V                VIA008_TENTED_18     (320.00 2715.00) TOP/BOTTOM 
  +2.5V                VIA008_TENTED_18     (130.00 2710.00) TOP/BOTTOM 
  +2.5V                VIA008_TENTED_18     (170.00 2685.00) TOP/BOTTOM 
  +2.5V                VIA008_TENTED_18     (140.00 2530.00) TOP/BOTTOM 
  +2.5V                VIA008_TENTED_18     (75.00 2535.00)  TOP/BOTTOM 
  +2.5V                VIA008_TENTED_18     (25.00 2575.00)  TOP/BOTTOM 
  +2.5V                VIA008_TENTED_18     (90.00 2710.00)  TOP/BOTTOM 
  +2.5V                VIA008_TENTED_18     (660.00 2375.00) TOP/BOTTOM 
  -4.7V                VIA008_TENTED_18     (1235.00 1440.60) TOP/BOTTOM 
  -4.7V                VIA008_TENTED_18     (2057.64 125.00) TOP/BOTTOM 
  -4.7V                VIA008_TENTED_18     (2087.64 186.00) TOP/BOTTOM 
  -4.7V                VIA008_TENTED_18     (2122.64 121.00) TOP/BOTTOM 
  -4.7V                VIA008_TENTED_18     (2030.00 185.00) TOP/BOTTOM 
  -4.7V                VIA008_TENTED_18     (2120.00 150.00) TOP/BOTTOM 
  -4.7V                VIA008_TENTED_18     (2015.00 105.00) TOP/BOTTOM 
  -4.7V                VIA008_TENTED_18     (1910.00 65.00)  TOP/BOTTOM 
  -4.7V                VIA008_TENTED_18     (1895.00 10.00)  TOP/BOTTOM 
  -4.7V                VIA008_TENTED_18     (1895.00 -45.00) TOP/BOTTOM 
  -4.7V                VIA008_TENTED_18     (1900.00 -115.00) TOP/BOTTOM 
  -4.7V                VIA008_TENTED_18     (2055.00 -110.00) TOP/BOTTOM 
  -4.7V                VIA008_TENTED_18     (2055.00 -60.00) TOP/BOTTOM 
  -4.7V                VIA008_TENTED_18     (2055.00 -5.00)  TOP/BOTTOM 
  -4.7V                VIA008_TENTED_18     (2000.00 35.00)  TOP/BOTTOM 
  -4.7V                VIA008_TENTED_18     (1965.00 120.00) TOP/BOTTOM 
  -4.7V                VIA008_TENTED_18     (1945.00 50.00)  TOP/BOTTOM 
  -4.7V                VIA008_TENTED_18     (1980.00 75.00)  TOP/BOTTOM 
  -4.7V                VIA008_TENTED_18     (2000.00 155.00) TOP/BOTTOM 
  -4.7V                VIA008_TENTED_18     (2055.00 90.00)  TOP/BOTTOM 
  -4.7V                VIA008_TENTED_18     (2050.00 160.00) TOP/BOTTOM 
  -4.7V                VIA008_TENTED_18     (2120.00 185.00) TOP/BOTTOM 
  -4.7V                VIA008_TENTED_18     (760.00 559.20)  TOP/BOTTOM 
  -4.7V                VIA008_TENTED_18     (690.00 559.20)  TOP/BOTTOM 
  -4.7V                VIA008_TENTED_18     (725.00 571.40)  TOP/BOTTOM 
  -4.7V                VIA008_TENTED_18     (690.00 619.20)  TOP/BOTTOM 
  -4.7V                VIA008_TENTED_18     (760.00 619.20)  TOP/BOTTOM 
  -4.7V                VIA008_TENTED_18     (725.00 599.20)  TOP/BOTTOM 
  -4.7V                VIA008_TENTED_18     (2120.00 15.00)  TOP/BOTTOM 
  -4.7V                VIA008_TENTED_18     (1870.00 100.00) TOP/BOTTOM 
  -4.7V                VIA008_TENTED_18     (1865.00 -80.00) TOP/BOTTOM 
  -4.7V                VIA008_TENTED_18     (2085.00 -25.00) TOP/BOTTOM 
  -4.7V                VIA008_TENTED_18     (2145.00 170.00) TOP/BOTTOM 
  -4.7V                VIA008_TENTED_18     (1925.00 105.00) TOP/BOTTOM 
  -4.7V                VIA008_TENTED_18     (1270.00 1428.40) TOP/BOTTOM 
  -4.7V                VIA008_TENTED_18     (1235.00 1468.40) TOP/BOTTOM 
  -4.7V                VIA008_TENTED_18     (1200.00 1488.40) TOP/BOTTOM 
  -4.7V                VIA008_TENTED_18     (1200.00 1428.40) TOP/BOTTOM 
  N18187538            VIA008_TENTED_18     (958.50 3140.00) TOP/BOTTOM 
  N18187538            VIA008_TENTED_18     (920.00 3160.00) TOP/BOTTOM 
  N18187538            VIA008_TENTED_18     (920.00 3120.00) TOP/BOTTOM 
  N18187538            VIA008_TENTED_18     (895.00 3140.00) TOP/BOTTOM 
  +4.7V                VIA008_TENTED_18     (1235.00 954.20) TOP/BOTTOM 
  +4.7V                VIA008_TENTED_18     (1440.00 125.00) TOP/BOTTOM 
  +4.7V                VIA008_TENTED_18     (1475.00 191.00) TOP/BOTTOM 
  +4.7V                VIA008_TENTED_18     (1510.00 126.00) TOP/BOTTOM 
  +4.7V                VIA008_TENTED_18     (725.00 112.80)  TOP/BOTTOM 
  +4.7V                VIA008_TENTED_18     (690.00 65.00)   TOP/BOTTOM 
  +4.7V                VIA008_TENTED_18     (760.00 65.00)   TOP/BOTTOM 
  +4.7V                VIA008_TENTED_18     (725.00 85.00)   TOP/BOTTOM 
  +4.7V                VIA008_TENTED_18     (690.00 125.00)  TOP/BOTTOM 
  +4.7V                VIA008_TENTED_18     (760.00 125.00)  TOP/BOTTOM 
  +4.7V                VIA008_TENTED_18     (1405.00 200.00) TOP/BOTTOM 
  +4.7V                VIA008_TENTED_18     (1405.00 95.00)  TOP/BOTTOM 
  +4.7V                VIA008_TENTED_18     (1520.00 170.00) TOP/BOTTOM 
  +4.7V                VIA008_TENTED_18     (1560.00 85.00)  TOP/BOTTOM 
  +4.7V                VIA008_TENTED_18     (1410.00 -10.00) TOP/BOTTOM 
  +4.7V                VIA008_TENTED_18     (1410.00 -75.00) TOP/BOTTOM 
  +4.7V                VIA008_TENTED_18     (1500.00 15.00)  TOP/BOTTOM 
  +4.7V                VIA008_TENTED_18     (1575.00 15.00)  TOP/BOTTOM 
  +4.7V                VIA008_TENTED_18     (1580.00 -115.00) TOP/BOTTOM 
  +4.7V                VIA008_TENTED_18     (1580.00 -50.00) TOP/BOTTOM 
  +4.7V                VIA008_TENTED_18     (1440.00 -120.00) TOP/BOTTOM 
  +4.7V                VIA008_TENTED_18     (1550.00 150.00) TOP/BOTTOM 
  +4.7V                VIA008_TENTED_18     (1480.00 155.00) TOP/BOTTOM 
  +4.7V                VIA008_TENTED_18     (1405.00 160.00) TOP/BOTTOM 
  +4.7V                VIA008_TENTED_18     (1540.00 5.00)   TOP/BOTTOM 
  +4.7V                VIA008_TENTED_18     (1450.00 -5.00)  TOP/BOTTOM 
  +4.7V                VIA008_TENTED_18     (1560.00 50.00)  TOP/BOTTOM 
  +4.7V                VIA008_TENTED_18     (1585.00 65.00)  TOP/BOTTOM 
  +4.7V                VIA008_TENTED_18     (1395.00 -45.00) TOP/BOTTOM 
  +4.7V                VIA008_TENTED_18     (1410.00 -100.00) TOP/BOTTOM 
  +4.7V                VIA008_TENTED_18     (1390.00 45.00)  TOP/BOTTOM 
  +4.7V                VIA008_TENTED_18     (1430.00 180.00) TOP/BOTTOM 
  +4.7V                VIA008_TENTED_18     (1550.00 115.00) TOP/BOTTOM 
  +4.7V                VIA008_TENTED_18     (1475.00 115.00) TOP/BOTTOM 
  +4.7V                VIA008_TENTED_18     (1460.00 90.00)  TOP/BOTTOM 
  +4.7V                VIA008_TENTED_18     (1270.00 980.00) TOP/BOTTOM 
  +4.7V                VIA008_TENTED_18     (1270.00 934.20) TOP/BOTTOM 
  +4.7V                VIA008_TENTED_18     (1200.00 934.20) TOP/BOTTOM 
  +4.7V                VIA008_TENTED_18     (1205.00 980.00) TOP/BOTTOM 
  +4.7V                VIA008_TENTED_18     (1235.00 982.00) TOP/BOTTOM 
  4.7V                 VIA008_TENTED_18     (1470.00 425.00) TOP/BOTTOM 
  4.7V                 VIA008_TENTED_18     (1555.00 409.00) TOP/BOTTOM 
  4.7V                 VIA008_TENTED_18     (1475.00 329.00) TOP/BOTTOM 
  4.7V                 VIA008_TENTED_18     (1615.00 400.00) TOP/BOTTOM 
  4.7V                 VIA008_TENTED_18     (1495.00 395.00) TOP/BOTTOM 
  4.7V                 VIA008_TENTED_18     (1455.00 365.00) TOP/BOTTOM 
  4.7V                 VIA008_TENTED_18     (1510.00 365.00) TOP/BOTTOM 
  4.7V                 VIA008_TENTED_18     (1655.00 380.00) TOP/BOTTOM 
  4.7V                 VIA008_TENTED_18     (1580.00 300.00) TOP/BOTTOM 
  4.7V                 VIA008_TENTED_18     (1530.00 320.00) TOP/BOTTOM 
  4.7V                 VIA008_TENTED_18     (1560.00 365.00) TOP/BOTTOM 
  4.7V                 VIA008_TENTED_18     (1600.00 350.00) TOP/BOTTOM 
  4.7V                 VIA008_TENTED_18     (1635.00 350.00) TOP/BOTTOM 
  4.7V                 VIA008_TENTED_18     (1610.00 315.00) TOP/BOTTOM 
  -5.0V                VIA008_TENTED_18     (2445.00 325.00) TOP/BOTTOM 
  -5.0V                VIA008_TENTED_18     (2565.00 370.00) TOP/BOTTOM 
  -5.0V                VIA008_TENTED_18     (2455.00 395.00) TOP/BOTTOM 
  -5.0V                VIA008_TENTED_18     (2490.00 420.00) TOP/BOTTOM 
  -5.0V                VIA008_TENTED_18     (2425.00 420.00) TOP/BOTTOM 
  -5.0V                VIA008_TENTED_18     (2545.00 335.00) TOP/BOTTOM 
  -5.0V                VIA008_TENTED_18     (2527.64 355.00) TOP/BOTTOM 
  -5.0V                VIA008_TENTED_18     (2502.64 325.00) TOP/BOTTOM 
  -5.0V                VIA008_TENTED_18     (2442.64 365.00) TOP/BOTTOM 
  -5.0V                VIA008_TENTED_18     (2487.64 380.00) TOP/BOTTOM 
  -5.0V                VIA008_TENTED_18     (2417.64 385.00) TOP/BOTTOM 
  -5.0V                VIA008_TENTED_18     (2467.64 345.00) TOP/BOTTOM 
  -5.0V                VIA008_TENTED_18     (2507.64 235.00) TOP/BOTTOM 
  -5.0V                VIA008_TENTED        (816.65 3104.41) TOP/BOTTOM 
  -5.0V                VIA008_TENTED        (832.87 3104.41) TOP/BOTTOM 
  -5.0V                VIA008_TENTED        (833.11 3155.79) TOP/BOTTOM 
  -5.0V                VIA008_TENTED        (833.11 3138.66) TOP/BOTTOM 
  -5.0V                VIA008_TENTED        (816.89 3121.54) TOP/BOTTOM 
  -5.0V                VIA008_TENTED        (833.11 3121.54) TOP/BOTTOM 
  -5.0V                VIA008_TENTED        (816.89 3155.79) TOP/BOTTOM 
  -5.0V                VIA008_TENTED        (816.89 3138.66) TOP/BOTTOM 
  -5.0V                VIA008_TENTED_18     (765.00 3360.00) TOP/BOTTOM 
  -5.0V                VIA008_TENTED_18     (720.00 3360.00) TOP/BOTTOM 
  -5.0V                VIA008_TENTED_18     (765.00 3410.00) TOP/BOTTOM 
  -5.0V                VIA008_TENTED_18     (720.00 3410.00) TOP/BOTTOM 
  -5.0V                VIA008_TENTED_18     (743.50 3385.00) TOP/BOTTOM 
  -5.0V                VIA008_TENTED_18     (775.00 3230.00) TOP/BOTTOM 
  -5.0V                VIA008_TENTED_18     (775.00 3285.00) TOP/BOTTOM 
  -5.0V                VIA008_TENTED_18     (630.00 3200.00) TOP/BOTTOM 
  -5.0V                VIA008_TENTED_18     (575.00 3200.00) TOP/BOTTOM 
  -5.0V                VIA008_TENTED_18     (700.00 3200.00) TOP/BOTTOM 
  -5.0V                VIA008_TENTED_18     (755.00 3200.00) TOP/BOTTOM 
  -5.0V                VIA008_TENTED_18     (595.00 3395.00) TOP/BOTTOM 
  -5.0V                VIA008_TENTED_18     (650.00 3395.00) TOP/BOTTOM 
  -5.0V                VIA008_TENTED_18     (550.00 3240.00) TOP/BOTTOM 
  -5.0V                VIA008_TENTED_18     (605.00 3240.00) TOP/BOTTOM 
  -5.0V                VIA008_TENTED_18     (730.00 3320.00) TOP/BOTTOM 
  -5.0V                VIA008_TENTED_18     (785.00 3320.00) TOP/BOTTOM 
  -5.0V                VIA008_TENTED_18     (820.00 3285.00) TOP/BOTTOM 
  -5.0V                VIA008_TENTED_18     (820.00 3230.00) TOP/BOTTOM 
  -5.0V                VIA008_TENTED_18     (1205.00 2920.00) TOP/BOTTOM 
  -5.0V                VIA008_TENTED_18     (1265.00 2920.00) TOP/BOTTOM 
  -5.0V                VIA008_TENTED_18     (1330.00 2920.00) TOP/BOTTOM 
  -5.0V                VIA008_TENTED_18     (1305.00 2865.00) TOP/BOTTOM 
  -5.0V                VIA008_TENTED_18     (1220.00 2875.00) TOP/BOTTOM 
  -5.0V                VIA008_TENTED_18     (1245.00 2855.00) TOP/BOTTOM 
  -5.0V                VIA008_TENTED_18     (1265.00 2890.00) TOP/BOTTOM 
  -5.0V                VIA008_TENTED_18     (1330.00 2895.00) TOP/BOTTOM 
  -5.0V                VIA008_TENTED_18     (1335.00 2840.00) TOP/BOTTOM 
  -5.0V                VIA008_TENTED_18     (1280.00 2835.00) TOP/BOTTOM 
  -5.0V                VIA008_TENTED_18     (1195.00 2895.00) TOP/BOTTOM 
  -5.0V                VIA008_TENTED_18     (799.00 3030.00) TOP/BOTTOM 
  -5.0V                VIA008_TENTED_18     (1285.00 2745.00) TOP/BOTTOM 
  FTDI_SEN_TRF         VIA008_TENTED_18     (1477.00 3175.73) TOP/BOTTOM 
  FTDI_SEN_TRF         VIA008_TENTED_18     (3921.57 334.00) TOP/BOTTOM 
  3.3V_CLOCK           VIA008_TENTED_18     (3115.00 3635.00) TOP/BOTTOM 
  3.3V_CLOCK           VIA008_TENTED_18     (2895.00 3695.00) TOP/BOTTOM 
  3.3V_CLOCK           VIA008_TENTED_18     (2965.00 3679.00) TOP/BOTTOM 
  3.3V_CLOCK           VIA008_TENTED_18     (3020.00 3670.00) TOP/BOTTOM 
  3.3V_CLOCK           VIA008_TENTED_18     (3105.00 3525.00) TOP/BOTTOM 
  3.3V_CLOCK           VIA008_TENTED_18     (2890.00 3610.00) TOP/BOTTOM 
  3.3V_CLOCK           VIA008_TENTED_18     (2890.00 3645.00) TOP/BOTTOM 
  3.3V_CLOCK           VIA008_TENTED_18     (2935.00 3645.00) TOP/BOTTOM 
  3.3V_CLOCK           VIA008_TENTED_18     (2980.00 3645.00) TOP/BOTTOM 
  3.3V_CLOCK           VIA008_TENTED_18     (3035.00 3645.00) TOP/BOTTOM 
  3.3V_CLOCK           VIA008_TENTED_18     (2940.00 3600.00) TOP/BOTTOM 
  3.3V_CLOCK           VIA008_TENTED_18     (3030.00 3515.00) TOP/BOTTOM 
  3.3V_CLOCK           VIA008_TENTED_18     (3060.00 3580.00) TOP/BOTTOM 
  3.3V_CLOCK           VIA008_TENTED_18     (3060.00 3675.00) TOP/BOTTOM 
  3.3V_CLOCK           VIA008_TENTED_18     (3060.00 3540.00) TOP/BOTTOM 
  3.3V_CLOCK           VIA008_TENTED_18     (2995.00 3570.00) TOP/BOTTOM 
  +3.3V_VDDADAC        VIA008_TENTED_18     (1515.00 1360.00) TOP/BOTTOM 
  +3.3V_VDDADAC        VIA008_TENTED_18     (1605.00 1360.00) TOP/BOTTOM 
  +3.3V_VDDADAC        VIA008_TENTED_18     (1495.00 1375.00) TOP/BOTTOM 
  +1.8V_VDDAREF        VIA008_TENTED_18     (1480.00 1505.00) TOP/BOTTOM 
  +1.8V_VDDAREF        VIA008_TENTED_18     (1620.00 1519.00) TOP/BOTTOM 
  +1.8V_VDDAREF        VIA008_TENTED_18     (1565.00 1510.00) TOP/BOTTOM 
  +1.8V_VDDS           VIA006_012PAD_TENTED (1794.25 1164.76) TOP/BOTTOM 
  +1.8V_VDDS           VIA008_TENTED_18     (1960.00 936.00) TOP/BOTTOM 
  +1.8V_VDDR           VIA008_TENTED_18     (2050.00 1520.00) TOP/BOTTOM 
  +1.8V_VDDR           VIA008_TENTED_18     (2020.00 1510.00) TOP/BOTTOM 
  +1.8V_VDDR           VIA008_TENTED_18     (2100.00 1510.00) TOP/BOTTOM 
  +1.8V_VDDR           VIA008_TENTED_18     (2165.00 1522.00) TOP/BOTTOM 
  +1.8V_VDDR           VIA008_TENTED_18     (2120.00 1525.00) TOP/BOTTOM 
  +1.8V_VDDIO          VIA008_TENTED_18     (1860.00 1604.00) TOP/BOTTOM 
  +1.8V_VDDIO          VIA008_TENTED_18     (1859.00 1545.00) TOP/BOTTOM 
  +1.8V_VDDIO          VIA008_TENTED_18     (1860.00 1575.00) TOP/BOTTOM 
  +1.8V_VDDIO          VIA008_TENTED_18     (1860.00 2005.00) TOP/BOTTOM 
  +0.9V_VDDDIG         VIA008_TENTED_18     (2150.00 1045.00) TOP/BOTTOM 
  +0.9V_VDDDIG         VIA008_TENTED_18     (2150.00 1000.00) TOP/BOTTOM 
  +0.9V_VDDDIG         VIA008_TENTED_18     (2150.00 1075.00) TOP/BOTTOM 
  +0.9V_VDDDIG         VIA008_TENTED_18     (2117.00 1045.00) TOP/BOTTOM 
  +0.9V_VDDT           VIA008_TENTED_18     (2125.00 1275.00) TOP/BOTTOM 
  +0.9V_VDDCLK         VIA008_TENTED_18     (1665.00 855.00) TOP/BOTTOM 
  +0.9V_VDDCLK         VIA008_TENTED_18     (1666.00 955.00) TOP/BOTTOM 
  +5.0V                VIA008_TENTED_18     (1766.18 342.64) TOP/BOTTOM 
  +5.0V                VIA008_TENTED_18     (1900.00 370.00) TOP/BOTTOM 
  +5.0V                VIA008_TENTED_18     (1865.00 330.00) TOP/BOTTOM 
  +5.0V                VIA008_TENTED_18     (1795.00 330.00) TOP/BOTTOM 
  +5.0V                VIA008_TENTED_18     (1835.00 340.00) TOP/BOTTOM 
  +5.0V                VIA008_TENTED_18     (1855.00 360.00) TOP/BOTTOM 
  +5.0V                VIA008_TENTED_18     (1805.00 360.00) TOP/BOTTOM 
  +5.0V                VIA008_TENTED_18     (1910.00 390.00) TOP/BOTTOM 
  +5.0V                VIA008_TENTED_18     (1875.00 390.00) TOP/BOTTOM 
  +5.0V                VIA008_TENTED_18     (1835.00 390.00) TOP/BOTTOM 
  +5.0V                VIA008_TENTED_18     (1790.00 390.00) TOP/BOTTOM 
  +5.0V                VIA008_TENTED_18     (1905.00 335.00) TOP/BOTTOM 
  +5.0V                VIA008_TENTED_18     (1865.00 240.00) TOP/BOTTOM 
  +5.0V                VIA008_TENTED_18     (1766.18 378.82) TOP/BOTTOM 
  +5.0V                VIA008_TENTED_18     (2096.50 2270.00) TOP/BOTTOM 
  +5.0V                VIA008_TENTED_18     (2163.00 2360.00) TOP/BOTTOM 
  +5.0V                VIA008_TENTED_18     (2220.00 2374.00) TOP/BOTTOM 
  +5.0V                VIA008_TENTED_18     (2146.00 2317.00) TOP/BOTTOM 
  +5.0V                VIA008_TENTED_18     (2137.00 2378.00) TOP/BOTTOM 
  +5.0V                VIA008_TENTED_18     (2119.00 2228.00) TOP/BOTTOM 
  +5.0V                VIA008_TENTED_18     (2117.00 2313.00) TOP/BOTTOM 
  +5.0V                VIA008_TENTED_18     (2109.00 2363.00) TOP/BOTTOM 
  +5.0V                VIA008_TENTED_18     (2225.00 2315.00) TOP/BOTTOM 
  +5.0V                VIA008_TENTED_18     (2183.00 2270.00) TOP/BOTTOM 
  +5.0V                VIA008_TENTED_18     (2156.00 2229.00) TOP/BOTTOM 
  +5.0V                VIA008_TENTED_18     (2224.00 2228.00) TOP/BOTTOM 
  +5.0V                VIA008_TENTED_18     (2150.00 2271.00) TOP/BOTTOM 
  +5.0V                VIA008_TENTED_18     (2220.00 2269.00) TOP/BOTTOM 
  +5.0V                VIA008_TENTED_18     (2183.00 2306.00) TOP/BOTTOM 
  +5.0V                VIA008_TENTED_18     (2193.00 2354.00) TOP/BOTTOM 
  +5.0V                VIA008_TENTED_18     (2227.00 2344.00) TOP/BOTTOM 
  +5.0V                VIA008_TENTED_18     (635.00 2750.00) TOP/BOTTOM 
  +5.0V                VIA008_TENTED_18     (710.00 3005.00) TOP/BOTTOM 
  +5.0V                VIA008_TENTED_18     (690.00 3035.00) TOP/BOTTOM 
  +5.0V                VIA008_TENTED_18     (700.00 3120.00) TOP/BOTTOM 
  +5.0V                VIA008_TENTED_18     (680.00 3085.00) TOP/BOTTOM 
  +5.0V                VIA008_TENTED_18     (720.00 3085.00) TOP/BOTTOM 
  +5.0V                VIA008_TENTED_18     (700.00 3065.00) TOP/BOTTOM 
  +5.0V                VIA008_TENTED_18     (590.00 3140.00) TOP/BOTTOM 
  +5.0V                VIA008_TENTED_18     (520.00 3140.00) TOP/BOTTOM 
  +5.0V                VIA008_TENTED_18     (525.00 3080.00) TOP/BOTTOM 
  +5.0V                VIA008_TENTED_18     (535.00 2980.00) TOP/BOTTOM 
  +5.0V                VIA008_TENTED_18     (715.00 2970.00) TOP/BOTTOM 
  +5.0V                VIA008_TENTED_18     (665.00 2970.00) TOP/BOTTOM 
  +5.0V                VIA008_TENTED_18     (320.00 3275.00) TOP/BOTTOM 
  +5.0V                VIA008_TENTED_18     (1391.00 4081.00) TOP/BOTTOM 
  +5.0V                VIA008_TENTED_18     (2890.00 3320.00) TOP/BOTTOM 
  +5.0V                VIA008_TENTED_18     (2995.00 3285.00) TOP/BOTTOM 
  +5.0V                VIA008_TENTED_18     (3023.82 3408.82) TOP/BOTTOM 
  +5.0V                VIA008_TENTED_18     (1118.94 3598.03) TOP/BOTTOM 
  +5.0V                VIA008_TENTED_18     (1118.94 3548.03) TOP/BOTTOM 
  +5.0V                VIA008_TENTED_18     (1195.00 3630.00) TOP/BOTTOM 
  +5.0V                VIA008_TENTED_18     (1195.00 3760.00) TOP/BOTTOM 
  +5.0V                VIA008_TENTED_18     (1125.00 3715.00) TOP/BOTTOM 
  +5.0V                VIA008_TENTED_18     (1215.00 3510.00) TOP/BOTTOM 
  +5.0V                VIA008_TENTED_18     (1199.00 3440.00) TOP/BOTTOM 
  +5.0V                VIA008_TENTED_18     (1180.00 3375.00) TOP/BOTTOM 
  +5.0V                VIA008_TENTED_18     (2615.00 4082.50) TOP/BOTTOM 
  +5.0V                VIA008_TENTED_18     (2750.00 4082.50) TOP/BOTTOM 
  +5.0V                VIA008_TENTED_18     (2885.00 4082.50) TOP/BOTTOM 
  +5.0V                VIA008_TENTED_18     (675.00 2845.00) TOP/BOTTOM 
  +5.0V                VIA008_TENTED_18     (545.00 2850.00) TOP/BOTTOM 
  +5.0V                VIA008_TENTED_18     (1160.00 3360.00) TOP/BOTTOM 
  +5.0V                VIA008_TENTED_18     (1200.00 3390.00) TOP/BOTTOM 
  +5.0V                VIA008_TENTED_18     (1195.00 3575.00) TOP/BOTTOM 
  +5.0V                VIA008_TENTED_18     (1175.00 3500.00) TOP/BOTTOM 
  +5.0V                VIA008_TENTED_18     (1160.00 3625.00) TOP/BOTTOM 
  +5.0V                VIA008_TENTED_18     (1155.00 3570.00) TOP/BOTTOM 
  +5.0V                VIA008_TENTED_18     (1195.00 3540.00) TOP/BOTTOM 
  +5.0V                VIA008_TENTED_18     (1195.00 3470.00) TOP/BOTTOM 
  +5.0V                VIA008_TENTED_18     (1196.00 3725.00) TOP/BOTTOM 
  +5.0V                VIA008_TENTED_18     (1160.00 3765.00) TOP/BOTTOM 
  +5.0V                VIA008_TENTED_18     (1160.00 3725.00) TOP/BOTTOM 
  +5.0V                VIA008_TENTED_18     (1095.00 3730.00) TOP/BOTTOM 
  +5.0V                VIA008_TENTED_18     (1095.00 3625.00) TOP/BOTTOM 
  +5.0V                VIA008_TENTED_18     (1095.00 3575.00) TOP/BOTTOM 
  +5.0V                VIA008_TENTED_18     (1196.00 3605.00) TOP/BOTTOM 
  +5.0V                VIA008_TENTED_18     (1220.00 3555.00) TOP/BOTTOM 
  +5.0V                VIA008_TENTED_18     (1220.00 3775.00) TOP/BOTTOM 
  +5.0V                VIA008_TENTED_18     (1095.00 3775.00) TOP/BOTTOM 
  +5.0V                VIA008_TENTED_18     (1220.00 3345.00) TOP/BOTTOM 
  +5.0V                VIA008_TENTED_18     (1185.00 3345.00) TOP/BOTTOM 
  +5.0V                VIA008_TENTED_18     (1220.00 3415.00) TOP/BOTTOM 
  +5.0V                VIA008_TENTED_18     (1150.00 3395.00) TOP/BOTTOM 
  +5.0V                VIA008_TENTED_18     (1170.00 3415.00) TOP/BOTTOM 
  +5.0V                VIA008_TENTED_18     (40.00 3230.00)  TOP/BOTTOM 
  +5.0V                VIA008_TENTED_18     (100.00 3230.00) TOP/BOTTOM 
  +5.0V                VIA008_TENTED_18     (70.00 3195.00)  TOP/BOTTOM 
  +5.0V                VIA008_TENTED_18     (40.00 3160.00)  TOP/BOTTOM 
  +5.0V                VIA008_TENTED_18     (100.00 3160.00) TOP/BOTTOM 
  +5.0V                VIA008_TENTED_18     (200.00 3120.00) TOP/BOTTOM 
  +5.0V                VIA008_TENTED_18     (140.00 3120.00) TOP/BOTTOM 
  +5.0V                VIA008_TENTED_18     (170.00 3155.00) TOP/BOTTOM 
  +5.0V                VIA008_TENTED_18     (200.00 3190.00) TOP/BOTTOM 
  +5.0V                VIA008_TENTED_18     (140.00 3190.00) TOP/BOTTOM 
  +5.0V                VIA008_TENTED_18     (280.00 3080.00) TOP/BOTTOM 
  +5.0V                VIA008_TENTED_18     (250.00 3115.00) TOP/BOTTOM 
  +5.0V                VIA008_TENTED_18     (430.00 3080.00) TOP/BOTTOM 
  +5.0V                VIA008_TENTED_18     (460.00 3115.00) TOP/BOTTOM 
  +5.0V                VIA008_TENTED_18     (400.00 3115.00) TOP/BOTTOM 
  +5.0V                VIA008_TENTED_18     (-40.00 3065.00) TOP/BOTTOM 
  +5.0V                VIA008_TENTED_18     (-100.00 3065.00) TOP/BOTTOM 
  +5.0V                VIA008_TENTED_18     (-70.00 3100.00) TOP/BOTTOM 
  +5.0V                VIA008_TENTED_18     (0.00 3095.00)   TOP/BOTTOM 
  +5.0V                VIA008_TENTED_18     (130.00 3070.00) TOP/BOTTOM 
  +5.0V                VIA008_TENTED_18     (70.00 3070.00)  TOP/BOTTOM 
  +5.0V                VIA008_TENTED_18     (100.00 3105.00) TOP/BOTTOM 
  +5.0V                VIA008_TENTED_18     (170.00 3100.00) TOP/BOTTOM 
  +5.0V                VIA008_TENTED_18     (205.00 3235.00) TOP/BOTTOM 
  +5.0V                VIA008_TENTED_18     (145.00 3235.00) TOP/BOTTOM 
  +5.0V                VIA008_TENTED_18     (175.00 3270.00) TOP/BOTTOM 
  +5.0V                VIA008_TENTED_18     (245.00 3265.00) TOP/BOTTOM 
  +5.0V                VIA008_TENTED_18     (-55.00 3245.00) TOP/BOTTOM 
  +5.0V                VIA008_TENTED_18     (-115.00 3245.00) TOP/BOTTOM 
  +5.0V                VIA008_TENTED_18     (-85.00 3280.00) TOP/BOTTOM 
  +5.0V                VIA008_TENTED_18     (-15.00 3275.00) TOP/BOTTOM 
  +5.0V                VIA008_TENTED_18     (-155.00 3275.00) TOP/BOTTOM 
  +5.0V                VIA008_TENTED_18     (-155.00 3110.00) TOP/BOTTOM 
  +5.0V                VIA008_TENTED_18     (-155.00 3215.00) TOP/BOTTOM 
  +5.0V                VIA008_TENTED_18     (25.00 3360.00)  TOP/BOTTOM 
  +5.0V                VIA008_TENTED_18     (90.00 3360.00)  TOP/BOTTOM 
  +5.0V                VIA008_TENTED_18     (0.00 3325.00)   TOP/BOTTOM 
  +5.0V                VIA008_TENTED_18     (0.00 3210.00)   TOP/BOTTOM 
  +5.0V                VIA008_TENTED_18     (5.00 3145.00)   TOP/BOTTOM 
  +5.0V                VIA008_TENTED_18     (70.00 3265.00)  TOP/BOTTOM 
  +5.0V                VIA008_TENTED_18     (195.00 3010.00) TOP/BOTTOM 
  +5.0V                VIA008_TENTED_18     (265.00 3010.00) TOP/BOTTOM 
  +5.0V                VIA008_TENTED_18     (350.00 3140.00) TOP/BOTTOM 
  +5.0V                VIA008_TENTED_18     (350.00 3080.00) TOP/BOTTOM 
  +5.0V                VIA008_TENTED_18     (380.00 3010.00) TOP/BOTTOM 
  +5.0V                VIA008_TENTED_18     (430.00 3145.00) TOP/BOTTOM 
  +5.0V                VIA008_TENTED_18     (505.00 3110.00) TOP/BOTTOM 
  +5.0V                VIA008_TENTED_18     (555.00 3010.00) TOP/BOTTOM 
  +5.0V                VIA008_TENTED_18     (435.00 3010.00) TOP/BOTTOM 
  +5.0V                VIA008_TENTED_18     (550.00 2915.00) TOP/BOTTOM 
  +5.0V                VIA008_TENTED_18     (670.00 2915.00) TOP/BOTTOM 
  +5.0V                VIA008_TENTED_18     (565.00 2880.00) TOP/BOTTOM 
  EXTIO                VIA006_012PAD_TENTED (1699.76 1259.25) TOP/BOTTOM 
  0.9VSW2              VIA008_TENTED_18     (2680.00 2390.00) TOP/BOTTOM 
  0.9VSW2              VIA008_TENTED_18     (2680.00 2450.00) TOP/BOTTOM 
  0.9VSW2              VIA008_TENTED_18     (2680.00 2420.00) TOP/BOTTOM 
  0.9VSW2              VIA008_TENTED_18     (2680.00 2360.00) TOP/BOTTOM 
  0.9VSW2              VIA008_TENTED_18     (2610.00 2320.00) TOP/BOTTOM 
  0.9VSW2              VIA008_TENTED_18     (2580.00 2305.00) TOP/BOTTOM 
  0.9VSW2              VIA008_TENTED_18     (2656.00 2359.00) TOP/BOTTOM 
  0.9VSW2              VIA008_TENTED_18     (2656.00 2389.00) TOP/BOTTOM 
  0.9VSW2              VIA008_TENTED_18     (2656.00 2419.00) TOP/BOTTOM 
  0.9VSW2              VIA008_TENTED_18     (2639.00 2320.00) TOP/BOTTOM 
  +2.5V_LDO_IN         VIA008_TENTED_18     (3061.18 966.18) TOP/BOTTOM 
  +2.5V_LDO_IN         VIA008_TENTED_18     (3209.00 1125.00) TOP/BOTTOM 
  +2.5V_LDO_IN         VIA008_TENTED_18     (3112.64 1171.18) TOP/BOTTOM 
  +2.5V_LDO_IN         VIA008_TENTED_18     (3112.64 1145.59) TOP/BOTTOM 
  +2.5V_LDO_IN         VIA008_TENTED_18     (3112.64 1120.00) TOP/BOTTOM 
  +2.5V_LDO_IN         VIA008_TENTED_18     (3165.00 1200.00) TOP/BOTTOM 
  +2.5V_LDO_IN         VIA008_TENTED_18     (3210.00 1200.00) TOP/BOTTOM 
  +2.5V_LDO_IN         VIA008_TENTED_18     (3215.00 1165.00) TOP/BOTTOM 
  +2.5V_LDO_IN         VIA008_TENTED_18     (3165.00 1165.00) TOP/BOTTOM 
  +2.5V_LDO_IN         VIA008_TENTED_18     (3140.00 1130.00) TOP/BOTTOM 
  +2.5V_LDO_IN         VIA008_TENTED_18     (3175.00 1130.00) TOP/BOTTOM 
  +2.5V_LDO_IN         VIA008_TENTED_18     (3115.00 1200.00) TOP/BOTTOM 
  +2.5V_LDO_IN         VIA008_TENTED_18     (3215.00 1260.00) TOP/BOTTOM 
  +2.5V_LDO_IN         VIA008_TENTED_18     (3160.00 1260.00) TOP/BOTTOM 
  +2.5V_LDO_IN         VIA008_TENTED_18     (3115.00 1260.00) TOP/BOTTOM 
  +2.5V_LDO_IN         VIA008_TENTED_18     (3070.00 1260.00) TOP/BOTTOM 
  +2.5V_LDO_IN         VIA008_TENTED_18     (3061.18 1501.18) TOP/BOTTOM 
  +2.5V_LDO_IN         VIA008_TENTED_18     (3116.00 1790.00) TOP/BOTTOM 
  +2.5V_LDO_IN         VIA008_TENTED_18     (3132.00 1714.00) TOP/BOTTOM 
  +2.5V_LDO_IN         VIA008_TENTED_18     (3133.00 1680.00) TOP/BOTTOM 
  +2.5V_LDO_IN         VIA008_TENTED_18     (3200.00 1672.00) TOP/BOTTOM 
  +2.5V_LDO_IN         VIA008_TENTED_18     (3202.00 1719.00) TOP/BOTTOM 
  +2.5V_LDO_IN         VIA008_TENTED_18     (3146.00 1777.00) TOP/BOTTOM 
  +2.5V_LDO_IN         VIA008_TENTED_18     (3149.00 1732.00) TOP/BOTTOM 
  +2.5V_LDO_IN         VIA008_TENTED_18     (3202.00 1788.00) TOP/BOTTOM 
  2.5V_FB1             VIA008_TENTED_18     (2477.00 1981.00) TOP/BOTTOM 
  2.5V_FB1             VIA008_TENTED_18     (2655.00 1983.00) TOP/BOTTOM 
  2.5V_FB1             VIA008_TENTED_18     (2513.00 1993.00) TOP/BOTTOM 
  2.5V_FB1             VIA008_TENTED_18     (2449.00 2021.00) TOP/BOTTOM 
  2.5V_FB1             VIA008_TENTED_18     (2606.00 1993.00) TOP/BOTTOM 
  2.5V_FB1             VIA008_TENTED_18     (2460.00 2115.00) TOP/BOTTOM 
  2.5V_FB1             VIA008_TENTED_18     (2634.00 2009.00) TOP/BOTTOM 
  2.5V_FB1             VIA008_TENTED_18     (2404.00 2065.00) TOP/BOTTOM 
  2.5V_FB1             VIA008_TENTED_18     (2472.00 2169.00) TOP/BOTTOM 
  2.5V_FB1             VIA008_TENTED_18     (2473.00 2063.00) TOP/BOTTOM 
  2.5V_FB1             VIA008_TENTED_18     (2402.00 2119.00) TOP/BOTTOM 
  2.5V_FB1             VIA008_TENTED_18     (2402.00 2174.00) TOP/BOTTOM 
  2.5V_FB1             VIA008_TENTED_18     (2405.00 2021.00) TOP/BOTTOM 
  2.5V_FB1             VIA008_TENTED_18     (2405.00 1982.00) TOP/BOTTOM 
  CPLD_SYNC            VIA008_TENTED_18     (4496.89 652.89) TOP/BOTTOM 
  CPLD_SYNC            VIA008_TENTED_18     (4560.00 2665.00) TOP/BOTTOM 
  SYNCN                VIA006_012PAD_TENTED (5485.00 2715.00) TOP/BOTTOM 
  SYNCN                VIA006_012PAD_TENTED (1825.75 1133.27) TOP/BOTTOM 
  0.9VDACDIG           VIA008_TENTED_18     (2515.00 2435.00) TOP/BOTTOM 
  0.9VDACDIG           VIA008_TENTED_18     (2470.00 2395.00) TOP/BOTTOM 
  0.9VDACDIG           VIA008_TENTED_18     (2515.00 2395.00) TOP/BOTTOM 
  0.9VDACDIG           VIA008_TENTED_18     (2605.00 2491.00) TOP/BOTTOM 
  0.9VDACDIG           VIA008_TENTED_18     (2565.00 2490.00) TOP/BOTTOM 
  0.9VDACDIG           VIA008_TENTED_18     (2535.00 2490.00) TOP/BOTTOM 
  0.9VDACDIG           VIA008_TENTED_18     (2465.00 2495.00) TOP/BOTTOM 
  0.9VDACDIG           VIA008_TENTED_18     (2465.00 2435.00) TOP/BOTTOM 
  0.9VDACDIG           VIA008_TENTED_18     (2490.00 2415.00) TOP/BOTTOM 
  0.9VDACDIG           VIA008_TENTED_18     (2490.00 2455.00) TOP/BOTTOM 
  0.9VDACDIG           VIA008_TENTED_18     (2553.00 2444.00) TOP/BOTTOM 
  0.9VDACDIG           VIA008_TENTED_18     (2554.00 2352.00) TOP/BOTTOM 
  0.9VDACDIG           VIA008_TENTED_18     (2560.00 2395.00) TOP/BOTTOM 
  3.3V_USB             VIA008_TENTED_18     (1704.00 2918.00) TOP/BOTTOM 
  3.3V_USB             VIA008_TENTED_18     (1661.00 2945.00) TOP/BOTTOM 
  3.3V_USB             VIA008_TENTED_18     (1663.00 2918.00) TOP/BOTTOM 
  3.3V_USB             VIA008_TENTED_18     (1843.00 3360.00) TOP/BOTTOM 
  3.3V_USB             VIA008_TENTED_18     (1820.00 3375.00) TOP/BOTTOM 
  3.3V_USB             VIA008_TENTED_18     (1865.00 3375.00) TOP/BOTTOM 
  3.3V_USB             VIA008_TENTED_18     (1820.00 3345.00) TOP/BOTTOM 
  3.3V_USB             VIA008_TENTED_18     (1865.00 3345.00) TOP/BOTTOM 
  3.3V_USB             VIA008_TENTED_18     (1876.00 3094.00) TOP/BOTTOM 
  3.3V_USB             VIA006_012PAD_TENTED (1685.00 2965.00) TOP/BOTTOM 
  3.3V_USB             VIA006_012PAD_TENTED (1805.00 2970.00) TOP/BOTTOM 
  3.3V_USB             VIA006_012PAD_TENTED (1850.00 3075.00) TOP/BOTTOM 
  3.3V_USB             VIA006_012PAD_TENTED (1900.00 3075.00) TOP/BOTTOM 
  3.3V_USB             VIA006_012PAD_TENTED (1850.00 3100.00) TOP/BOTTOM 
  3.3V_USB             VIA006_012PAD_TENTED (1900.00 3100.00) TOP/BOTTOM 
  3.3V_USB             VIA006_012PAD_TENTED (1685.00 3505.00) TOP/BOTTOM 
  3.3V_USB             VIA006_012PAD_TENTED (1905.00 3505.00) TOP/BOTTOM 
  1.8V_USB             VIA008_TENTED_18     (1592.00 2995.00) TOP/BOTTOM 
  1.8V_USB             VIA008_TENTED_18     (1561.00 2994.00) TOP/BOTTOM 
  1.8V_USB             VIA008_TENTED_18     (1561.00 2954.00) TOP/BOTTOM 
  1.8V_USB             VIA008_TENTED_18     (1591.00 2954.00) TOP/BOTTOM 
  1.8V_USB             VIA008_TENTED_18     (1576.00 3064.00) TOP/BOTTOM 
  1.8V_USB             VIA008_TENTED_18     (1562.00 3045.00) TOP/BOTTOM 
  1.8V_USB             VIA008_TENTED_18     (1590.00 3044.00) TOP/BOTTOM 
  N17199129            VIA008_TENTED_18     (4093.59 276.28) TOP/BOTTOM 
  N17199129            VIA008_TENTED_18     (4370.00 771.00) TOP/BOTTOM 
  TXENABLE             VIA006_012PAD_TENTED (1857.24 1385.24) TOP/BOTTOM 
  +5V_IN               VIA008_TENTED_18     (843.50 3916.00) TOP/BOTTOM 
  +5V_IN               VIA008_TENTED_18     (585.00 4139.00) TOP/BOTTOM 
  +5V_IN               VIA008_TENTED_18     (680.00 3875.00) TOP/BOTTOM 
  +5V_IN               VIA008_TENTED_18     (680.00 3845.00) TOP/BOTTOM 
  +5V_IN               VIA008_TENTED_18     (700.00 3860.00) TOP/BOTTOM 
  +5V_IN               VIA008_TENTED_18     (720.00 3845.00) TOP/BOTTOM 
  +5V_IN               VIA008_TENTED_18     (720.00 3875.00) TOP/BOTTOM 
  +5V_IN               VIA008_TENTED_18     (730.00 4070.00) TOP/BOTTOM 
  +5V_IN               VIA008_TENTED_18     (730.00 4040.00) TOP/BOTTOM 
  +5V_IN               VIA008_TENTED_18     (750.00 4055.00) TOP/BOTTOM 
  +5V_IN               VIA008_TENTED_18     (770.00 4040.00) TOP/BOTTOM 
  +5V_IN               VIA008_TENTED_18     (770.00 4070.00) TOP/BOTTOM 
  +5V_IN               VIA008_TENTED_18     (920.00 4090.00) TOP/BOTTOM 
  +5V_IN               VIA008_TENTED_18     (920.00 4060.00) TOP/BOTTOM 
  +5V_IN               VIA008_TENTED_18     (940.00 4075.00) TOP/BOTTOM 
  +5V_IN               VIA008_TENTED_18     (960.00 4060.00) TOP/BOTTOM 
  +5V_IN               VIA008_TENTED_18     (960.00 4090.00) TOP/BOTTOM 
  +5V_IN               VIA008_TENTED_18     (925.00 3975.00) TOP/BOTTOM 
  +5V_IN               VIA008_TENTED_18     (925.00 3945.00) TOP/BOTTOM 
  +5V_IN               VIA008_TENTED_18     (945.00 3960.00) TOP/BOTTOM 
  +5V_IN               VIA008_TENTED_18     (965.00 3945.00) TOP/BOTTOM 
  +5V_IN               VIA008_TENTED_18     (965.00 3975.00) TOP/BOTTOM 
  +5V_IN               VIA008_TENTED_18     (1005.00 3840.00) TOP/BOTTOM 
  +5V_IN               VIA008_TENTED_18     (1005.00 3810.00) TOP/BOTTOM 
  +5V_IN               VIA008_TENTED_18     (1025.00 3825.00) TOP/BOTTOM 
  +5V_IN               VIA008_TENTED_18     (1045.00 3810.00) TOP/BOTTOM 
  +5V_IN               VIA008_TENTED_18     (1045.00 3840.00) TOP/BOTTOM 
  +5V_IN               VIA008_TENTED_18     (380.00 4125.00) TOP/BOTTOM 
  +5V_IN               VIA008_TENTED_18     (380.00 4095.00) TOP/BOTTOM 
  +5V_IN               VIA008_TENTED_18     (400.00 4110.00) TOP/BOTTOM 
  +5V_IN               VIA008_TENTED_18     (420.00 4095.00) TOP/BOTTOM 
  +5V_IN               VIA008_TENTED_18     (420.00 4125.00) TOP/BOTTOM 
  +5V_IN               VIA008_TENTED_18     (375.00 3960.00) TOP/BOTTOM 
  +5V_IN               VIA008_TENTED_18     (375.00 3930.00) TOP/BOTTOM 
  +5V_IN               VIA008_TENTED_18     (395.00 3945.00) TOP/BOTTOM 
  +5V_IN               VIA008_TENTED_18     (415.00 3930.00) TOP/BOTTOM 
  +5V_IN               VIA008_TENTED_18     (415.00 3960.00) TOP/BOTTOM 
  +5V_IN               VIA008_TENTED_18     (540.00 3860.00) TOP/BOTTOM 
  +5V_IN               VIA008_TENTED_18     (540.00 3830.00) TOP/BOTTOM 
  +5V_IN               VIA008_TENTED_18     (560.00 3845.00) TOP/BOTTOM 
  +5V_IN               VIA008_TENTED_18     (580.00 3830.00) TOP/BOTTOM 
  +5V_IN               VIA008_TENTED_18     (580.00 3860.00) TOP/BOTTOM 
  +5V_IN               VIA008_TENTED_18     (640.00 3505.00) TOP/BOTTOM 
  +5V_IN               VIA008_TENTED_18     (640.00 3475.00) TOP/BOTTOM 
  +5V_IN               VIA008_TENTED_18     (660.00 3490.00) TOP/BOTTOM 
  +5V_IN               VIA008_TENTED_18     (680.00 3475.00) TOP/BOTTOM 
  +5V_IN               VIA008_TENTED_18     (680.00 3505.00) TOP/BOTTOM 
  +5V_IN               VIA008_TENTED_18     (825.00 3800.00) TOP/BOTTOM 
  +5V_IN               VIA008_TENTED_18     (825.00 3770.00) TOP/BOTTOM 
  +5V_IN               VIA008_TENTED_18     (845.00 3785.00) TOP/BOTTOM 
  +5V_IN               VIA008_TENTED_18     (865.00 3770.00) TOP/BOTTOM 
  +5V_IN               VIA008_TENTED_18     (865.00 3800.00) TOP/BOTTOM 
  FMC_DIR_CONTROL      VIA006_012PAD_TENTED (5385.00 2415.00) TOP/BOTTOM 
  FMC_DIR_CONTROL      VIA008_TENTED_18     (4076.63 1127.63) TOP/BOTTOM 
  FMC_DIR_CONTROL      VIA008_TENTED_18     (4076.63 1985.00) TOP/BOTTOM 
  FMC_B6               VIA008_TENTED_18     (4214.43 1150.43) TOP/BOTTOM 
  FMC_B6               VIA008_TENTED_18     (4170.00 2000.00) TOP/BOTTOM 
  FMC_B6               VIA006_012PAD_TENTED (5385.00 2465.00) TOP/BOTTOM 
  FMC_B5               VIA008_TENTED_18     (4234.11 1132.89) TOP/BOTTOM 
  FMC_B5               VIA008_TENTED_18     (4235.50 2397.72) TOP/BOTTOM 
  FMC_SEN_LMK          VIA008_TENTED_18     (4253.80 1149.80) TOP/BOTTOM 
  FMC_SEN_LMK          VIA008_TENTED_18     (4253.80 2458.80) TOP/BOTTOM 
  FMC_SEN_DAC          VIA008_TENTED_18     (4273.48 1128.52) TOP/BOTTOM 
  FMC_SEN_DAC          VIA008_TENTED_18     (4335.50 2540.00) TOP/BOTTOM 
  FMC_SDO              VIA008_TENTED_18     (4355.00 2405.00) TOP/BOTTOM 
  FMC_SDO              VIA008_TENTED_18     (4293.17 1153.83) TOP/BOTTOM 
  FMC_SDIO             VIA008_TENTED_18     (4312.85 1123.85) TOP/BOTTOM 
  FMC_SDIO             VIA008_TENTED_18     (4435.50 2575.00) TOP/BOTTOM 
  FMC_SCLK             VIA008_TENTED_18     (4458.02 2393.02) TOP/BOTTOM 
  FMC_SCLK             VIA008_TENTED_18     (4338.00 1139.00) TOP/BOTTOM 
  DAC_TRSTB            VIA006_012PAD_TENTED (1920.24 1353.74) TOP/BOTTOM 
  DAC_TRSTB            VIA008_TENTED_18     (3670.00 652.89) TOP/BOTTOM 
  DAC_TMS              VIA006_012PAD_TENTED (1904.24 1485.00) TOP/BOTTOM 
  DAC_TMS              VIA008_TENTED_18     (3670.00 676.89) TOP/BOTTOM 
  DAC_TDO              VIA008_TENTED_18     (3670.00 700.89) TOP/BOTTOM 
  DAC_TDO              VIA008_TENTED_18     (2105.00 1670.00) TOP/BOTTOM 
  DAC_TDI              VIA006_012PAD_TENTED (1873.24 1488.24) TOP/BOTTOM 
  DAC_TDI              VIA008_TENTED_18     (3670.00 724.89) TOP/BOTTOM 
  DAC_TCLK             VIA006_012PAD_TENTED (1888.74 1385.24) TOP/BOTTOM 
  DAC_TCLK             VIA008_TENTED_18     (2090.00 690.00) TOP/BOTTOM 
  DAC_TCLK             VIA008_TENTED_18     (2620.00 725.00) TOP/BOTTOM 
  DAC_TCLK             VIA008_TENTED_18     (3670.00 748.89) TOP/BOTTOM 
  DAC_SCLK             VIA006_012PAD_TENTED (1760.00 1485.00) TOP/BOTTOM 
  DAC_SCLK             VIA008_TENTED_18     (3720.00 885.00) TOP/BOTTOM 
  DAC_SDENB            VIA008_TENTED_18     (3690.00 880.00) TOP/BOTTOM 
  DAC_SDENB            VIA008_TENTED_18     (2585.00 945.00) TOP/BOTTOM 
  DAC_SDENB            VIA008_TENTED_18     (2445.00 1055.00) TOP/BOTTOM 
  DAC_SDENB            VIA006_012PAD_TENTED (1760.00 1535.00) TOP/BOTTOM 
  2.5V_SW1             VIA008_TENTED_18     (2550.00 2115.00) TOP/BOTTOM 
  2.5V_SW1             VIA008_TENTED_18     (2565.00 2197.00) TOP/BOTTOM 
  2.5V_SW1             VIA008_TENTED_18     (2588.00 2173.00) TOP/BOTTOM 
  2.5V_SW1             VIA008_TENTED_18     (2589.00 2136.00) TOP/BOTTOM 
  2.5V_SW1             VIA008_TENTED_18     (2590.00 2098.00) TOP/BOTTOM 
  2.5V_SW1             VIA008_TENTED_18     (2589.00 2064.00) TOP/BOTTOM 
  2.5V_SW1             VIA008_TENTED_18     (2557.00 2167.00) TOP/BOTTOM 
  2.5V_SW1             VIA008_TENTED_18     (2546.00 2063.00) TOP/BOTTOM 
  DAC_SDIO             VIA008_TENTED_18     (1620.00 1480.00) TOP/BOTTOM 
  DAC_SDIO             VIA008_TENTED_18     (3885.00 805.00) TOP/BOTTOM 
  CAR_SYSREFM          VIA006_012PAD_TENTED (5435.00 2765.00) TOP/BOTTOM 
  CAR_SYSREFM          VIA008_TENTED_18     (3951.00 2710.00) TOP/BOTTOM 
  N18528696            VIA008_TENTED_18     (2697.00 3780.00) TOP/BOTTOM 
  N18528696            VIA006_012PAD_TENTED (5585.00 2415.00) TOP/BOTTOM 
  DAC_SDO              VIA006_012PAD_TENTED (1699.76 1484.76) TOP/BOTTOM 
  DAC_SDO              VIA008_TENTED_18     (1890.00 820.00) TOP/BOTTOM 
  DAC_SDO              VIA008_TENTED_18     (2580.00 890.00) TOP/BOTTOM 
  DAC_SDO              VIA008_TENTED_18     (3650.00 814.69) TOP/BOTTOM 
  N18582465            VIA008_TENTED_18     (4090.00 3910.00) TOP/BOTTOM 
  N18582465            VIA008_TENTED_18     (4119.25 3165.75) TOP/BOTTOM 
  +5V_USB              VIA008_TENTED_18     (2265.00 3344.00) TOP/BOTTOM 
  +5V_USB              VIA008_TENTED_18     (2575.00 3475.00) TOP/BOTTOM 
  N18582474            VIA008_TENTED_18     (4094.55 3185.45) TOP/BOTTOM 
  N18582474            VIA008_TENTED_18     (4065.00 3885.00) TOP/BOTTOM 
  GTX_CLKM             VIA006_012PAD_TENTED (5585.00 3015.00) TOP/BOTTOM 
  GTX_CLKM             VIA008_TENTED_18     (4105.00 2795.00) TOP/BOTTOM 
  FTDI_LMK_SDIO_READ   VIA008_TENTED_18     (3897.57 334.00) TOP/BOTTOM 
  FTDI_LMK_SDIO_READ   VIA008_TENTED_18     (1477.00 3151.73) TOP/BOTTOM 
  FTDI_TRSTB           VIA008_TENTED_18     (4256.22 334.00) TOP/BOTTOM 
  FTDI_TRSTB           VIA008_TENTED_18     (1877.00 3520.00) TOP/BOTTOM 
  FTDI_TMS             VIA008_TENTED_18     (4280.22 334.00) TOP/BOTTOM 
  FTDI_TMS             VIA008_TENTED_18     (1921.00 3544.00) TOP/BOTTOM 
  FTDI_TDO             VIA008_TENTED_18     (4304.22 334.00) TOP/BOTTOM 
  FTDI_TDO             VIA008_TENTED_18     (1966.00 3530.00) TOP/BOTTOM 
  FTDI_TDI             VIA008_TENTED_18     (1995.00 3450.00) TOP/BOTTOM 
  FTDI_TDI             VIA008_TENTED_18     (4328.22 334.00) TOP/BOTTOM 
  N18138859            VIA008_TENTED_18     (4044.70 3395.30) TOP/BOTTOM 
  N18138859            VIA006_012PAD_TENTED (4020.00 3675.00) TOP/BOTTOM 
  FTDI_TCK             VIA008_TENTED_18     (4352.22 334.00) TOP/BOTTOM 
  FTDI_TCK             VIA008_TENTED_18     (2100.00 3480.00) TOP/BOTTOM 
  FTDI_DIR_CONTROL     VIA008_TENTED_18     (3873.57 334.00) TOP/BOTTOM 
  FTDI_DIR_CONTROL     VIA008_TENTED_18     (1477.00 3127.73) TOP/BOTTOM 
  FTDI_A6              VIA008_TENTED_18     (4208.22 334.00) TOP/BOTTOM 
  FTDI_A6              VIA008_TENTED_18     (1838.21 3543.00) TOP/BOTTOM 
  GTX_CLKP             VIA006_012PAD_TENTED (5585.00 3065.00) TOP/BOTTOM 
  GTX_CLKP             VIA008_TENTED_18     (4150.00 2795.00) TOP/BOTTOM 
  FTDI_SEN_LMK         VIA008_TENTED_18     (1477.00 3202.00) TOP/BOTTOM 
  FTDI_SEN_LMK         VIA008_TENTED_18     (3945.57 334.00) TOP/BOTTOM 
  FTDI_A5              VIA008_TENTED_18     (4232.22 334.00) TOP/BOTTOM 
  FTDI_A5              VIA008_TENTED_18     (1862.21 3543.00) TOP/BOTTOM 
  FTDI_SEN_DAC         VIA008_TENTED_18     (1445.00 3226.16) TOP/BOTTOM 
  FTDI_SEN_DAC         VIA008_TENTED_18     (3969.57 334.00) TOP/BOTTOM 
  FTDI_SDO             VIA008_TENTED_18     (1445.00 3250.16) TOP/BOTTOM 
  FTDI_SDO             VIA008_TENTED_18     (3993.57 334.00) TOP/BOTTOM 
  FTDI_SDIO            VIA008_TENTED_18     (1445.00 3274.16) TOP/BOTTOM 
  FTDI_SDIO            VIA008_TENTED_18     (4017.57 334.00) TOP/BOTTOM 
  FTDI_SCLK            VIA008_TENTED_18     (1445.00 3298.16) TOP/BOTTOM 
  FTDI_SCLK            VIA008_TENTED_18     (4076.63 405.37) TOP/BOTTOM 
  +1.8V_DAC            VIA008_TENTED_18     (2020.00 889.00) TOP/BOTTOM 
  +1.8V_DAC            VIA008_TENTED_18     (1450.00 1120.00) TOP/BOTTOM 
  +1.8V_DAC            VIA008_TENTED_18     (1480.00 1115.00) TOP/BOTTOM 
  +1.8V_DAC            VIA008_TENTED_18     (1465.00 1095.00) TOP/BOTTOM 
  +1.8V_DAC            VIA008_TENTED_18     (2260.00 1430.00) TOP/BOTTOM 
  +1.8V_DAC            VIA008_TENTED_18     (2215.00 1430.00) TOP/BOTTOM 
  +1.8V_DAC            VIA008_TENTED_18     (2235.00 1420.00) TOP/BOTTOM 
  +1.8V_DAC            VIA008_TENTED_18     (2195.00 1420.00) TOP/BOTTOM 
  +1.8V_DAC            VIA008_TENTED_18     (1985.00 1545.00) TOP/BOTTOM 
  +1.8V_DAC            VIA008_TENTED_18     (2830.00 1666.00) TOP/BOTTOM 
  +1.8V_DAC            VIA008_TENTED_18     (2835.00 1734.00) TOP/BOTTOM 
  +1.8V_DAC            VIA008_TENTED_18     (2765.00 1735.00) TOP/BOTTOM 
  +1.8V_DAC            VIA008_TENTED_18     (2719.00 1735.00) TOP/BOTTOM 
  +1.8V_DAC            VIA008_TENTED_18     (2723.00 1695.00) TOP/BOTTOM 
  +1.8V_DAC            VIA008_TENTED_18     (2724.00 1661.00) TOP/BOTTOM 
  +1.8V_DAC            VIA008_TENTED_18     (2712.00 1615.00) TOP/BOTTOM 
  +1.8V_DAC            VIA008_TENTED_18     (2578.00 1611.00) TOP/BOTTOM 
  +1.8V_DAC            VIA008_TENTED_18     (2573.00 1736.00) TOP/BOTTOM 
  +1.8V_DAC            VIA008_TENTED_18     (2570.00 1664.00) TOP/BOTTOM 
  +1.8V_DAC            VIA008_TENTED_18     (2620.00 1609.00) TOP/BOTTOM 
  +1.8V_DAC            VIA008_TENTED_18     (2671.00 1607.00) TOP/BOTTOM 
  +1.8V_DAC            VIA008_TENTED_18     (2760.00 1701.00) TOP/BOTTOM 
  +1.8V_DAC            VIA008_TENTED_18     (2802.00 1701.00) TOP/BOTTOM 
  +1.8V_DAC            VIA008_TENTED_18     (2860.00 1700.00) TOP/BOTTOM 
  +1.8V_DAC            VIA008_TENTED_18     (2887.00 1728.00) TOP/BOTTOM 
  +1.8V_DAC            VIA008_TENTED_18     (2907.36 1690.59) TOP/BOTTOM 
  +1.8V_DAC            VIA008_TENTED_18     (2950.00 1839.00) TOP/BOTTOM 
  +1.8V_DAC            VIA008_TENTED_18     (2922.00 1839.00) TOP/BOTTOM 
  +1.8V_DAC            VIA008_TENTED_18     (2948.00 1797.00) TOP/BOTTOM 
  +1.8V_DAC            VIA008_TENTED_18     (1380.00 1505.00) TOP/BOTTOM 
  +1.8V_DAC            VIA008_TENTED_18     (1360.00 1505.00) TOP/BOTTOM 
  N17000669            VIA008_TENTED_18     (2765.00 1059.00) TOP/BOTTOM 
  N17000669            VIA008_TENTED_18     (2830.00 1059.00) TOP/BOTTOM 
  N17000669            VIA008_TENTED_18     (2907.36 1068.82) TOP/BOTTOM 
  N17000669            VIA008_TENTED_18     (2795.00 1035.00) TOP/BOTTOM 
  N17000669            VIA008_TENTED_18     (2865.00 1035.00) TOP/BOTTOM 
  N17000669            VIA008_TENTED_18     (2870.00 1065.00) TOP/BOTTOM 
  N17000669            VIA008_TENTED_18     (2910.00 1045.00) TOP/BOTTOM 
  CAR_SYSREFP          VIA006_012PAD_TENTED (5435.00 2815.00) TOP/BOTTOM 
  CAR_SYSREFP          VIA008_TENTED_18     (3996.00 2710.00) TOP/BOTTOM 
  TCK                  VIA008_TENTED_18     (2735.00 3270.00) TOP/BOTTOM 
  TCK                  VIA008_TENTED_18     (3990.00 2020.00) TOP/BOTTOM 
  TCK                  VIA008_TENTED_18     (3445.00 2020.00) TOP/BOTTOM 
  ALTSYNCOUT2          VIA006_012PAD_TENTED (1794.25 1416.73) TOP/BOTTOM 
  ALTSYNCOUT1          VIA006_012PAD_TENTED (1825.75 1416.73) TOP/BOTTOM 
  FTDI_A7              VIA008_TENTED_18     (4184.22 334.00) TOP/BOTTOM 
  FTDI_A7              VIA008_TENTED_18     (1814.21 3543.00) TOP/BOTTOM 
  +1.8V_VDDAPLL        VIA006_012PAD_TENTED (1677.00 1080.00) TOP/BOTTOM 
  +1.8V_VDDAPLL        VIA008_TENTED_18     (1610.00 1090.00) TOP/BOTTOM 
  +1.8V_VDDAPLL        VIA008_TENTED_18     (1625.00 1060.00) TOP/BOTTOM 
  N16960299            VIA008_TENTED_18     (1080.00 3495.00) TOP/BOTTOM 
  USB_DP               VIA008_TENTED_18     (295.00 3850.00) TOP/BOTTOM 
  USB_DP               VIA008_TENTED_18     (2180.00 3255.00) TOP/BOTTOM 
  USB_DM               VIA008_TENTED_18     (240.00 3820.00) TOP/BOTTOM 
  USB_DM               VIA008_TENTED_18     (2180.00 3210.00) TOP/BOTTOM 
  3.3V_CPLD            VIA008_TENTED_18     (4028.00 144.00) TOP/BOTTOM 
  5V_TPS62420          VIA008_TENTED_18     (2305.00 2270.00) TOP/BOTTOM 
  5V_TPS62420          VIA008_TENTED_18     (2320.00 2310.00) TOP/BOTTOM 
  5V_TPS62420          VIA008_TENTED_18     (2285.00 2230.00) TOP/BOTTOM 
  5V_TPS62420          VIA008_TENTED_18     (2325.00 2230.00) TOP/BOTTOM 
  5V_TPS62420          VIA008_TENTED_18     (2400.00 2265.00) TOP/BOTTOM 
  5V_TPS62420          VIA008_TENTED_18     (2285.00 2310.00) TOP/BOTTOM 
  5V_TPS62420          VIA008_TENTED_18     (2305.00 2385.00) TOP/BOTTOM 
  5V_TPS62420          VIA008_TENTED_18     (2365.00 2370.00) TOP/BOTTOM 
  5V_TPS62420          VIA008_TENTED_18     (2285.00 2345.00) TOP/BOTTOM 
  5V_TPS62420          VIA008_TENTED_18     (2320.00 2345.00) TOP/BOTTOM 
  5V_TPS62420          VIA008_TENTED_18     (2355.00 2310.00) TOP/BOTTOM 
  5V_TPS62420          VIA008_TENTED_18     (2390.00 2310.00) TOP/BOTTOM 
  5V_TPS62420          VIA008_TENTED_18     (2370.00 2335.00) TOP/BOTTOM 
  5V_TPS62420          VIA008_TENTED_18     (2345.00 2265.00) TOP/BOTTOM 
  5V_TPS62420          VIA008_TENTED_18     (2639.00 2275.00) TOP/BOTTOM 
  5V_TPS62420          VIA008_TENTED_18     (2639.00 2215.00) TOP/BOTTOM 
  5V_TPS62420          VIA008_TENTED_18     (2639.00 2245.00) TOP/BOTTOM 
  DAC_RESET            VIA008_TENTED_18     (3650.00 790.69) TOP/BOTTOM 
  DAC_RESET            VIA008_TENTED_18     (2625.00 765.00) TOP/BOTTOM 
  DAC_RESET            VIA008_TENTED_18     (1955.00 785.00) TOP/BOTTOM 
  DAC_RESET            VIA006_012PAD_TENTED (1762.76 1385.24) TOP/BOTTOM 
  DAC_RESET            VIA008_TENTED_18     (2017.50 1883.50) TOP/BOTTOM 
  DAC_RESET            VIA008_TENTED_18     (1811.50 1883.50) TOP/BOTTOM 
  +3.3V_DAC            VIA008_TENTED_18     (3209.00 1055.00) TOP/BOTTOM 
  +3.3V_DAC            VIA008_TENTED_18     (3175.00 1870.00) TOP/BOTTOM 
  +3.3V_DAC            VIA008_TENTED_18     (1035.00 1960.00) TOP/BOTTOM 
  +3.3V_DAC            VIA008_TENTED_18     (175.00 3589.00) TOP/BOTTOM 
  +3.3V_DAC            VIA008_TENTED_18     (230.00 3590.00) TOP/BOTTOM 
  +3.3V_DAC            VIA008_TENTED_18     (80.00 3575.00)  TOP/BOTTOM 
  +3.3V_DAC            VIA008_TENTED_18     (290.00 3615.00) TOP/BOTTOM 
  +3.3V_DAC            VIA008_TENTED_18     (25.00 3635.00)  TOP/BOTTOM 
  +3.3V_DAC            VIA008_TENTED_18     (80.00 3635.00)  TOP/BOTTOM 
  +3.3V_DAC            VIA008_TENTED_18     (130.00 3635.00) TOP/BOTTOM 
  +3.3V_DAC            VIA008_TENTED_18     (80.00 3525.00)  TOP/BOTTOM 
  +3.3V_DAC            VIA008_TENTED_18     (130.00 3525.00) TOP/BOTTOM 
  +3.3V_DAC            VIA008_TENTED_18     (140.00 3580.00) TOP/BOTTOM 
  +3.3V_DAC            VIA008_TENTED_18     (20.00 3580.00)  TOP/BOTTOM 
  +3.3V_DAC            VIA008_TENTED_18     (265.00 3550.00) TOP/BOTTOM 
  +3.3V_DAC            VIA008_TENTED_18     (320.00 3550.00) TOP/BOTTOM 
  +3.3V_DAC            VIA008_TENTED_18     (185.00 3460.00) TOP/BOTTOM 
  +3.3V_DAC            VIA008_TENTED_18     (325.00 3640.00) TOP/BOTTOM 
  +3.3V_DAC            VIA008_TENTED_18     (325.00 3595.00) TOP/BOTTOM 
  +3.3V_DAC            VIA008_TENTED_18     (50.00 3600.00)  TOP/BOTTOM 
  +3.3V_DAC            VIA008_TENTED_18     (50.00 3550.00)  TOP/BOTTOM 
  +3.3V_DAC            VIA008_TENTED_18     (110.00 3550.00) TOP/BOTTOM 
  +3.3V_DAC            VIA008_TENTED_18     (110.00 3600.00) TOP/BOTTOM 
  +3.3V_DAC            VIA008_TENTED_18     (275.00 3635.00) TOP/BOTTOM 
  +3.3V_DAC            VIA008_TENTED_18     (305.00 3635.00) TOP/BOTTOM 
  +3.3V_DAC            VIA008_TENTED_18     (275.00 3595.00) TOP/BOTTOM 
  +3.3V_DAC            VIA008_TENTED_18     (305.00 3595.00) TOP/BOTTOM 
  +3.3V_DAC            VIA008_TENTED_18     (1385.00 1365.00) TOP/BOTTOM 
  +3.3V_DAC            VIA008_TENTED_18     (1400.00 1380.00) TOP/BOTTOM 
  +3.3V_DAC            VIA008_TENTED_18     (1420.00 1380.00) TOP/BOTTOM 
  +3.3V_DAC            VIA008_TENTED_18     (1035.00 1885.00) TOP/BOTTOM 
  +3.3V_DAC            VIA008_TENTED_18     (1075.00 1915.00) TOP/BOTTOM 
  +3.3V_DAC            VIA008_TENTED_18     (1100.00 1960.00) TOP/BOTTOM 
  +3.3V_DAC            VIA008_TENTED_18     (1110.00 1880.00) TOP/BOTTOM 
  +3.3V_DAC            VIA008_TENTED_18     (1145.00 1915.00) TOP/BOTTOM 
  +3.3V_DAC            VIA008_TENTED_18     (1175.00 1960.00) TOP/BOTTOM 
  +3.3V_DAC            VIA008_TENTED_18     (1185.00 1880.00) TOP/BOTTOM 
  +3.3V_DAC            VIA008_TENTED_18     (1220.00 1920.00) TOP/BOTTOM 
  +3.3V_DAC            VIA008_TENTED_18     (1260.00 1960.00) TOP/BOTTOM 
  +3.3V_DAC            VIA008_TENTED_18     (1255.00 1875.00) TOP/BOTTOM 
  +3.3V_DAC            VIA008_TENTED_18     (1310.00 1875.00) TOP/BOTTOM 
  +3.3V_DAC            VIA008_TENTED_18     (3195.00 1915.00) TOP/BOTTOM 
  +3.3V_DAC            VIA008_TENTED_18     (3220.00 1870.00) TOP/BOTTOM 
  +3.3V_DAC            VIA008_TENTED_18     (3240.00 1915.00) TOP/BOTTOM 
  +3.3V_DAC            VIA008_TENTED_18     (3265.00 1870.00) TOP/BOTTOM 
  +3.3V_DAC            VIA008_TENTED_18     (3310.00 1870.00) TOP/BOTTOM 
  +3.3V_DAC            VIA008_TENTED_18     (3315.00 1915.00) TOP/BOTTOM 
  +3.3V_DAC            VIA008_TENTED_18     (3275.00 1915.00) TOP/BOTTOM 
  +3.3V_DAC            VIA008_TENTED_18     (3290.00 1895.00) TOP/BOTTOM 
  +3.3V_DAC            VIA008_TENTED_18     (3240.00 1890.00) TOP/BOTTOM 
  +3.3V_DAC            VIA008_TENTED_18     (3200.00 1890.00) TOP/BOTTOM 
  +3.3V_DAC            VIA008_TENTED_18     (3300.00 1950.00) TOP/BOTTOM 
  +3.3V_DAC            VIA008_TENTED_18     (3245.00 1950.00) TOP/BOTTOM 
  +3.3V_DAC            VIA008_TENTED_18     (3200.00 1950.00) TOP/BOTTOM 
  +3.3V_DAC            VIA008_TENTED_18     (3195.18 1068.82) TOP/BOTTOM 
  +3.3V_DAC            VIA008_TENTED_18     (3170.00 1070.00) TOP/BOTTOM 
  +3.3V_DAC            VIA008_TENTED_18     (3195.18 1613.82) TOP/BOTTOM 
  +3.3V_DAC            VIA008_TENTED_18     (3209.00 1600.00) TOP/BOTTOM 
  1.8V_CPLD            VIA008_TENTED_18     (3446.00 538.00) TOP/BOTTOM 
  1.8V_CPLD            VIA008_TENTED_18     (3356.00 828.00) TOP/BOTTOM 
  1.8V_CPLD            VIA008_TENTED_18     (3895.00 2210.00) TOP/BOTTOM 
  FMC_SYSREF_N         VIA008_TENTED_18     (4895.00 2651.88) TOP/BOTTOM 
  FMC_SYSREF_N         VIA008_TENTED_18     (2820.00 620.00) TOP/BOTTOM 
  FMC_SYSREF_P         VIA008_TENTED_18     (4895.00 2619.50) TOP/BOTTOM 
  FMC_SYSREF_P         VIA008_TENTED_18     (2820.00 570.00) TOP/BOTTOM 
  FMC_DACCLK_N         VIA008_TENTED_18     (2820.00 115.00) TOP/BOTTOM 
  FMC_DACCLK_N         VIA008_TENTED_18     (4990.00 2751.05) TOP/BOTTOM 
  FMC_DACCLK_P         VIA008_TENTED_18     (2820.00 65.00)  TOP/BOTTOM 
  FMC_DACCLK_P         VIA008_TENTED_18     (4990.00 2718.95) TOP/BOTTOM 
  +0.9V_VDDDAC         VIA008_TENTED_18     (1740.00 1510.00) TOP/BOTTOM 
  +0.9V_VDDDAC         VIA008_TENTED_18     (1740.00 1555.00) TOP/BOTTOM 
  +0.9V_VDDDAC         VIA008_TENTED_18     (1730.00 1580.00) TOP/BOTTOM 
  +0.9V_DACDIG         VIA008_TENTED_18     (2187.00 1155.00) TOP/BOTTOM 
  +0.9V_DACDIG         VIA008_TENTED_18     (2510.00 2630.00) TOP/BOTTOM 
  +0.9V_DACDIG         VIA008_TENTED_18     (2679.00 2640.00) TOP/BOTTOM 
  +0.9V_DACDIG         VIA008_TENTED_18     (2605.00 2629.00) TOP/BOTTOM 
  +0.9V_DACDIG         VIA008_TENTED_18     (2535.00 2655.00) TOP/BOTTOM 
  +0.9V_DACDIG         VIA008_TENTED_18     (2570.00 2655.00) TOP/BOTTOM 
  +0.9V_DACDIG         VIA008_TENTED_18     (2645.00 2655.00) TOP/BOTTOM 
  +0.9V_DACDIG         VIA008_TENTED_18     (2555.00 2630.00) TOP/BOTTOM 
  +0.9V_DACDIG         VIA008_TENTED_18     (2605.00 2665.00) TOP/BOTTOM 
  +0.9V_DACDIG         VIA008_TENTED_18     (2640.00 2630.00) TOP/BOTTOM 
  +0.9V_DACDIG         VIA008_TENTED_18     (2685.00 2665.00) TOP/BOTTOM 
  +0.9V_DACDIG         VIA008_TENTED_18     (2510.00 2665.00) TOP/BOTTOM 
  +0.9V_DAC            VIA008_TENTED_18     (1630.00 795.00) TOP/BOTTOM 
  +0.9V_DAC            VIA008_TENTED_18     (1630.00 750.00) TOP/BOTTOM 
  +0.9V_DAC            VIA008_TENTED_18     (1645.00 775.00) TOP/BOTTOM 
  +0.9V_DAC            VIA008_TENTED_18     (2950.00 1294.00) TOP/BOTTOM 
  +0.9V_DAC            VIA008_TENTED_18     (2835.00 1189.00) TOP/BOTTOM 
  +0.9V_DAC            VIA008_TENTED_18     (2907.36 1171.18) TOP/BOTTOM 
  +0.9V_DAC            VIA008_TENTED_18     (2830.00 1121.00) TOP/BOTTOM 
  +0.9V_DAC            VIA008_TENTED_18     (2765.00 1190.00) TOP/BOTTOM 
  +0.9V_DAC            VIA008_TENTED_18     (2907.36 1145.59) TOP/BOTTOM 
  +0.9V_DAC            VIA008_TENTED_18     (2907.36 1120.00) TOP/BOTTOM 
  +0.9V_DAC            VIA008_TENTED_18     (2800.00 1190.00) TOP/BOTTOM 
  +0.9V_DAC            VIA008_TENTED_18     (2865.00 1155.00) TOP/BOTTOM 
  +0.9V_DAC            VIA008_TENTED_18     (2865.00 1195.00) TOP/BOTTOM 
  +0.9V_DAC            VIA008_TENTED_18     (2905.00 1195.00) TOP/BOTTOM 
  +0.9V_DAC            VIA008_TENTED_18     (2915.00 1255.00) TOP/BOTTOM 
  +0.9V_DAC            VIA008_TENTED_18     (2955.00 1255.00) TOP/BOTTOM 
  +0.9V_DAC            VIA008_TENTED_18     (2915.00 1300.00) TOP/BOTTOM 
  +0.9V_DAC            VIA008_TENTED_18     (2705.00 1075.00) TOP/BOTTOM 
  +0.9V_DAC            VIA008_TENTED_18     (2580.00 1070.00) TOP/BOTTOM 
  +0.9V_DAC            VIA008_TENTED_18     (2570.00 1115.00) TOP/BOTTOM 
  +0.9V_DAC            VIA008_TENTED_18     (2620.00 1065.00) TOP/BOTTOM 
  +0.9V_DAC            VIA008_TENTED_18     (2665.00 1065.00) TOP/BOTTOM 
  +0.9V_DAC            VIA008_TENTED_18     (2725.00 1110.00) TOP/BOTTOM 
  +0.9V_DAC            VIA008_TENTED_18     (2720.00 1165.00) TOP/BOTTOM 
  +0.9V_DAC            VIA008_TENTED_18     (2765.00 1155.00) TOP/BOTTOM 
  +0.9V_DAC            VIA008_TENTED_18     (2830.00 1155.00) TOP/BOTTOM 
  +0.9V_DAC            VIA008_TENTED_18     (2800.00 1120.00) TOP/BOTTOM 
  +0.9V_DAC            VIA008_TENTED_18     (2865.00 1115.00) TOP/BOTTOM 
  +0.9V_DAC            VIA008_TENTED_18     (1740.00 1632.00) TOP/BOTTOM 
  +0.9V_DAC            VIA008_TENTED_18     (1725.00 1720.00) TOP/BOTTOM 
  +0.9V_DAC            VIA008_TENTED_18     (1740.00 1675.00) TOP/BOTTOM 
  +0.9V_DAC            VIA008_TENTED_18     (1730.00 1655.00) TOP/BOTTOM 
  +0.9V_DAC            VIA008_TENTED_18     (2221.00 1360.00) TOP/BOTTOM 
  N16957588            VIA008_TENTED_18     (2765.00 1604.00) TOP/BOTTOM 
  N16957588            VIA008_TENTED_18     (2830.00 1604.00) TOP/BOTTOM 
  N16957588            VIA008_TENTED_18     (2872.00 1604.00) TOP/BOTTOM 
  N16957588            VIA008_TENTED_18     (2797.00 1604.00) TOP/BOTTOM 
  N16957588            VIA008_TENTED_18     (2910.00 1603.00) TOP/BOTTOM 
  N18529139            VIA006_012PAD_TENTED (5635.00 2365.00) TOP/BOTTOM 
  N18529139            VIA008_TENTED_18     (2832.00 3785.00) TOP/BOTTOM 
  N16918679            VIA008_TENTED_18     (4351.00 3865.00) TOP/BOTTOM 
  N16918679            VIA008_TENTED_18     (4350.00 3940.00) TOP/BOTTOM 
  N16918679            VIA008_TENTED_18     (4345.00 3810.00) TOP/BOTTOM 
  N16918679            VIA008_TENTED_18     (4345.00 3765.00) TOP/BOTTOM 
  N16918679            VIA008_TENTED_18     (4345.00 3720.00) TOP/BOTTOM 
  N16918679            VIA008_TENTED_18     (4541.00 3717.50) TOP/BOTTOM 
  N16918679            VIA008_TENTED_18     (4380.00 3720.00) TOP/BOTTOM 
  N16918679            VIA008_TENTED_18     (4380.00 3765.00) TOP/BOTTOM 
  N16918679            VIA008_TENTED_18     (4380.00 3810.00) TOP/BOTTOM 
  N16918679            VIA008_TENTED_18     (4415.00 3720.00) TOP/BOTTOM 
  N16918679            VIA008_TENTED_18     (4415.00 3765.00) TOP/BOTTOM 
  N16918679            VIA008_TENTED_18     (4415.00 3810.00) TOP/BOTTOM 
  VCC12_CG0            VIA008_TENTED_18     (4155.00 3040.00) TOP/BOTTOM 
  VCC12_CG0            VIA008_TENTED_18     (4130.00 3035.00) TOP/BOTTOM 
  VCC4_CG2             VIA008_TENTED_18     (3585.00 3285.00) TOP/BOTTOM 
  VCC4_CG2             VIA008_TENTED_18     (3655.00 3285.00) TOP/BOTTOM 
  VCC4_CG2             VIA008_TENTED_18     (3595.00 3245.00) TOP/BOTTOM 
  VCC11_CG3            VIA008_TENTED_18     (4160.00 3285.00) TOP/BOTTOM 
  VCC1_VCC5_VCC6       VIA008_TENTED_18     (3860.00 3000.00) TOP/BOTTOM 
  LMK_SDO              VIA008_TENTED_18     (4573.00 634.00) TOP/BOTTOM 
  LMK_SDO              VIA008_TENTED_18     (4573.00 2765.00) TOP/BOTTOM 
  LMK_SDO              VIA008_TENTED_18     (3943.95 2980.00) TOP/BOTTOM 
  SYNCP                VIA006_012PAD_TENTED (5485.00 2765.00) TOP/BOTTOM 
  SYNCP                VIA006_012PAD_TENTED (1794.25 1133.27) TOP/BOTTOM 
  LMK_SDIO             VIA008_TENTED_18     (4488.00 529.00) TOP/BOTTOM 
  LMK_SDIO             VIA008_TENTED_18     (4615.00 2040.00) TOP/BOTTOM 
  LMK_SCK              VIA008_TENTED_18     (4502.54 554.46) TOP/BOTTOM 
  LMK_SCK              VIA008_TENTED_18     (4550.00 2505.00) TOP/BOTTOM 
  LMK_SCK              VIA008_TENTED_18     (3610.00 2575.00) TOP/BOTTOM 
  LMK_CS               VIA008_TENTED_18     (4477.85 574.15) TOP/BOTTOM 
  LMK_CS               VIA008_TENTED_18     (4535.00 2560.00) TOP/BOTTOM 
  LMK_CS               VIA008_TENTED_18     (3592.50 2642.50) TOP/BOTTOM 
  GND                  VIA008_TENTED_18     (1055.00 3235.00) TOP/BOTTOM 
  GND                  VIA008_TENTED_18     (2120.00 1215.00) TOP/BOTTOM 
  GND                  VIA008_TENTED_18     (2221.00 1276.00) TOP/BOTTOM 
  GND                  VIA008_TENTED_18     (1865.61 2640.61) TOP/BOTTOM 
  GND                  VIA008_TENTED_18     (655.20 454.80)  TOP/BOTTOM 
  GND                  VIA008_TENTED_18     (1165.20 1324.80) TOP/BOTTOM 
  GND                  VIA008_TENTED_18     (2906.00 1995.00) TOP/BOTTOM 
  GND                  VIA008_TENTED_18     (2356.00 1983.00) TOP/BOTTOM 
  GND                  VIA010               (2715.00 1995.00) TOP/BOTTOM 
  GND                  VIA008_TENTED_18     (1555.00 -140.00) TOP/BOTTOM 
  GND                  VIA008_TENTED_18     (1964.00 -139.00) TOP/BOTTOM 
  GND                  VIA008_TENTED_18     (965.00 3370.00) TOP/BOTTOM 
  GND                  VIA008_TENTED_18     (4360.00 3440.00) TOP/BOTTOM 
  GND                  VIA008_TENTED_18     (3821.60 3523.40) TOP/BOTTOM 
  GND                  VIA008_TENTED_18     (1534.00 3206.00) TOP/BOTTOM 
  GND                  VIA008_TENTED_18     (1803.16 3512.84) TOP/BOTTOM 
  GND                  VIA008_TENTED_18     (1704.73 3071.73) TOP/BOTTOM 
  GND                  VIA008_TENTED_18     (1648.95 3108.05) TOP/BOTTOM 
  GND                  VIA008_TENTED_18     (5585.00 2965.00) TOP/BOTTOM 
  GND                  VIA008_TENTED_18     (5585.00 2915.00) TOP/BOTTOM 
  GND                  VIA008_TENTED_18     (5585.00 2765.00) TOP/BOTTOM 
  GND                  VIA008_TENTED_18     (5585.00 3115.00) TOP/BOTTOM 
  GND                  VIA008_TENTED_18     (5335.00 1515.00) TOP/BOTTOM 
  GND                  VIA008_TENTED_18     (4105.00 2995.00) TOP/BOTTOM 
  GND                  VIA008_TENTED_18     (4200.00 3485.00) TOP/BOTTOM 
  GND                  VIA008_TENTED_18     (4200.00 3320.00) TOP/BOTTOM 
  GND                  VIA008_TENTED_18     (4045.00 3465.00) TOP/BOTTOM 
  GND                  VIA008_TENTED_18     (2685.00 3460.00) TOP/BOTTOM 
  GND                  VIA_30P15H           (3657.20 3892.32) TOP/BOTTOM 
  GND                  VIA_30P15H           (3806.80 3892.32) TOP/BOTTOM 
  GND                  VIA008_TENTED_18     (4070.00 3630.00) TOP/BOTTOM 
  GND                  VIA008_TENTED_18     (3985.00 3630.00) TOP/BOTTOM 
  GND                  VIA008_TENTED_18     (2254.00 3838.00) TOP/BOTTOM 
  GND                  VIA008_TENTED_18     (2315.00 3905.00) TOP/BOTTOM 
  GND                  VIA008_TENTED_18     (2310.00 3718.00) TOP/BOTTOM 
  GND                  VIA008_TENTED_18     (2487.00 3635.00) TOP/BOTTOM 
  GND                  VIA008_TENTED_18     (2585.00 3660.00) TOP/BOTTOM 
  GND                  VIA008_TENTED_18     (55.00 3300.00)  TOP/BOTTOM 
  GND                  VIA008_TENTED_18     (535.00 3358.82) TOP/BOTTOM 
  GND                  VIA008_TENTED_18     (535.00 3410.00) TOP/BOTTOM 
  GND                  VIA008_TENTED_18     (70.00 3325.00)  TOP/BOTTOM 
  GND                  VIA008_TENTED_18     (280.00 3679.00) TOP/BOTTOM 
  GND                  VIA008_TENTED_18     (2003.00 2623.00) TOP/BOTTOM 
  GND                  VIA008_TENTED_18     (2695.00 3895.00) TOP/BOTTOM 
  GND                  VIA010               (924.00 2765.00) TOP/BOTTOM 
  GND                  VIA006_012PAD_TENTED (1676.00 1050.00) TOP/BOTTOM 
  GND                  VIA006_012PAD_TENTED (1749.00 1050.00) TOP/BOTTOM 
  GND                  VIA006_012PAD_TENTED (1773.00 1050.00) TOP/BOTTOM 
  GND                  VIA006_012PAD_TENTED (1762.76 1077.77) TOP/BOTTOM 
  GND                  VIA006_012PAD_TENTED (1636.77 1101.77) TOP/BOTTOM 
  GND                  VIA006_012PAD_TENTED (1668.27 1101.77) TOP/BOTTOM 
  GND                  VIA006_012PAD_TENTED (1810.00 1502.00) TOP/BOTTOM 
  GND                  VIA006_012PAD_TENTED (1840.00 1502.00) TOP/BOTTOM 
  GND                  VIA006_012PAD_TENTED (2097.00 1275.00) TOP/BOTTOM 
  GND                  VIA008_TENTED_18     (3660.00 3735.00) TOP/BOTTOM 
  GND                  VIA008_TENTED_18     (2450.00 3955.00) TOP/BOTTOM 
  GND                  VIA008_TENTED_18     (2660.00 3955.00) TOP/BOTTOM 
  GND                  VIA008_TENTED_18     (2680.00 4010.00) TOP/BOTTOM 
  GND                  VIA008_TENTED_18     (663.00 4170.00) TOP/BOTTOM 
  GND                  VIA008_TENTED_18     (588.00 4170.00) TOP/BOTTOM 
  GND                  VIA008_TENTED_18     (813.00 4170.00) TOP/BOTTOM 
  GND                  VIA008_TENTED_18     (738.00 4170.00) TOP/BOTTOM 
  GND                  VIA008_TENTED_18     (963.00 4170.00) TOP/BOTTOM 
  GND                  VIA008_TENTED_18     (888.00 4170.00) TOP/BOTTOM 
  GND                  VIA008_TENTED_18     (1038.00 4170.00) TOP/BOTTOM 
  GND                  VIA010               (2700.00 1968.00) TOP/BOTTOM 
  GND                  VIA008_TENTED_18     (2950.00 1356.00) TOP/BOTTOM 
  GND                  VIA008_TENTED_18     (1070.00 1077.00) TOP/BOTTOM 
  GND                  VIA008_TENTED_18     (775.00 207.80)  TOP/BOTTOM 
  GND                  VIA008_TENTED_18     (3355.00 3155.00) TOP/BOTTOM 
  GND                  VIA008_TENTED_18     (3285.00 3070.00) TOP/BOTTOM 
  GND                  VIA008_TENTED_18     (3355.00 3280.00) TOP/BOTTOM 
  GND                  VIA008_TENTED_18     (3410.00 3070.00) TOP/BOTTOM 
  GND                  VIA010               (2729.00 1968.00) TOP/BOTTOM 
  GND                  VIA008_TENTED_18     (280.00 3179.00) TOP/BOTTOM 
  GND                  VIA008_TENTED_18     (1970.00 10.00)  TOP/BOTTOM 
  GND                  VIA008_TENTED_18     (2560.00 3685.00) TOP/BOTTOM 
  GND                  VIA008_TENTED_18     (2455.00 3777.10) TOP/BOTTOM 
  GND                  VIA008_TENTED_18     (2455.00 3745.00) TOP/BOTTOM 
  GND                  VIA008_TENTED_18     (2455.00 3810.00) TOP/BOTTOM 
  GND                  VIA008_TENTED_18     (1865.61 2530.61) TOP/BOTTOM 
  GND                  VIA008_TENTED_18     (1860.00 1955.00) TOP/BOTTOM 
  GND                  VIA008_TENTED_18     (1812.50 1726.50) TOP/BOTTOM 
  GND                  VIA008_TENTED_18     (2017.50 1726.50) TOP/BOTTOM 
  GND                  VIA008_TENTED_18     (1855.00 1725.00) TOP/BOTTOM 
  GND                  VIA008_TENTED_18     (2060.00 1725.00) TOP/BOTTOM 
  GND                  VIA008_TENTED_18     (1860.00 1666.00) TOP/BOTTOM 
  GND                  VIA008_TENTED_18     (1700.00 1555.00) TOP/BOTTOM 
  GND                  VIA008_TENTED_18     (1700.00 1510.00) TOP/BOTTOM 
  GND                  VIA008_TENTED_18     (1685.00 1720.00) TOP/BOTTOM 
  GND                  VIA008_TENTED_18     (1960.00 889.00) TOP/BOTTOM 
  GND                  VIA008_TENTED_18     (1890.00 1005.00) TOP/BOTTOM 
  GND                  VIA008_TENTED_18     (550.00 1750.00) TOP/BOTTOM 
  GND                  VIA008_TENTED_18     (1050.00 1850.00) TOP/BOTTOM 
  GND                  VIA008_TENTED_18     (1375.00 1390.00) TOP/BOTTOM 
  GND                  VIA008_TENTED_18     (1440.00 1305.00) TOP/BOTTOM 
  GND                  VIA008_TENTED_18     (585.00 1475.00) TOP/BOTTOM 
  GND                  VIA008_TENTED_18     (645.00 1475.00) TOP/BOTTOM 
  GND                  VIA008_TENTED_18     (675.00 1430.00) TOP/BOTTOM 
  GND                  VIA008_TENTED_18     (575.00 1110.00) TOP/BOTTOM 
  GND                  VIA008_TENTED_18     (645.00 1110.00) TOP/BOTTOM 
  GND                  VIA008_TENTED_18     (1495.00 1085.00) TOP/BOTTOM 
  GND                  VIA008_TENTED_18     (1535.00 1378.00) TOP/BOTTOM 
  GND                  VIA008_TENTED_18     (1580.00 1377.74) TOP/BOTTOM 
  GND                  VIA008_TENTED_18     (1006.69 3370.00) TOP/BOTTOM 
  GND                  VIA008_TENTED_18     (1335.00 3815.00) TOP/BOTTOM 
  GND                  VIA006_012PAD_TENTED (1920.24 1164.76) TOP/BOTTOM 
  GND                  VIA006_012PAD_TENTED (1920.24 1133.27) TOP/BOTTOM 
  GND                  VIA006_012PAD_TENTED (1951.73 1133.27) TOP/BOTTOM 
  GND                  VIA006_012PAD_TENTED (1951.73 1164.76) TOP/BOTTOM 
  GND                  VIA006_012PAD_TENTED (1857.24 1133.27) TOP/BOTTOM 
  GND                  VIA008_TENTED_18     (3425.00 3265.00) TOP/BOTTOM 
  GND                  VIA008_TENTED_18     (4895.00 2590.00) TOP/BOTTOM 
  GND                  VIA008_TENTED_18     (1450.00 1930.00) TOP/BOTTOM 
  GND                  VIA008_TENTED_18     (1335.00 1950.00) TOP/BOTTOM 
  GND                  VIA008_TENTED_18     (1395.00 1885.00) TOP/BOTTOM 
  GND                  VIA008_TENTED_18     (1465.00 1885.00) TOP/BOTTOM 
  GND                  VIA008_TENTED_18     (645.00 490.00)  TOP/BOTTOM 
  GND                  VIA008_TENTED_18     (595.00 490.00)  TOP/BOTTOM 
  GND                  VIA008_TENTED_18     (1155.00 1355.00) TOP/BOTTOM 
  GND                  VIA008_TENTED_18     (1110.00 1360.00) TOP/BOTTOM 
  GND                  VIA008_TENTED_18     (1070.00 995.00) TOP/BOTTOM 
  GND                  VIA008_TENTED_18     (1175.00 1000.00) TOP/BOTTOM 
  GND                  VIA008_TENTED_18     (1745.00 910.00) TOP/BOTTOM 
  GND                  VIA008_TENTED_18     (1745.00 800.00) TOP/BOTTOM 
  GND                  VIA008_TENTED_18     (1840.00 755.00) TOP/BOTTOM 
  GND                  VIA008_TENTED_18     (2290.00 485.00) TOP/BOTTOM 
  GND                  VIA008_TENTED_18     (3200.00 1290.00) TOP/BOTTOM 
  GND                  VIA008_TENTED_18     (3315.00 3160.00) TOP/BOTTOM 
  GND                  VIA008_TENTED_18     (3310.00 3275.00) TOP/BOTTOM 
  GND                  VIA008_TENTED_18     (1400.00 3800.00) TOP/BOTTOM 
  GND                  VIA008_TENTED_18     (1400.00 3900.00) TOP/BOTTOM 
  GND                  VIA008_TENTED_18     (1450.00 3850.00) TOP/BOTTOM 
  GND                  VIA008_TENTED_18     (1500.00 3800.00) TOP/BOTTOM 
  GND                  VIA008_TENTED_18     (1500.00 3900.00) TOP/BOTTOM 
  GND                  VIA008_TENTED_18     (1800.00 3700.00) TOP/BOTTOM 
  GND                  VIA008_TENTED_18     (1800.00 3800.00) TOP/BOTTOM 
  GND                  VIA008_TENTED_18     (1850.00 3750.00) TOP/BOTTOM 
  GND                  VIA008_TENTED_18     (1900.00 3700.00) TOP/BOTTOM 
  GND                  VIA008_TENTED_18     (1900.00 3800.00) TOP/BOTTOM 
  GND                  VIA008_TENTED_18     (1585.00 3710.00) TOP/BOTTOM 
  GND                  VIA008_TENTED_18     (1585.00 3810.00) TOP/BOTTOM 
  GND                  VIA008_TENTED_18     (1685.00 3710.00) TOP/BOTTOM 
  GND                  VIA008_TENTED_18     (1635.00 3760.00) TOP/BOTTOM 
  GND                  VIA008_TENTED_18     (1685.00 3810.00) TOP/BOTTOM 
  GND                  VIA008_TENTED_18     (3400.00 2985.00) TOP/BOTTOM 
  GND                  VIA008_TENTED_18     (3410.00 3035.00) TOP/BOTTOM 
  GND                  VIA008_TENTED_18     (3310.00 3120.00) TOP/BOTTOM 
  GND                  VIA008_TENTED_18     (2540.00 1010.00) TOP/BOTTOM 
  GND                  VIA008_TENTED_18     (2610.00 1010.00) TOP/BOTTOM 
  GND                  VIA008_TENTED_18     (1395.00 1950.00) TOP/BOTTOM 
  CP2                  VIA008_TENTED_18     (3983.35 3425.00) TOP/BOTTOM 
  CP2                  VIA008_TENTED_18     (3985.00 3705.00) TOP/BOTTOM 
  +3.3VCLK             VIA008_TENTED_18     (3520.00 3315.00) TOP/BOTTOM 
  +3.3VCLK             VIA008_TENTED_18     (3290.00 3505.00) TOP/BOTTOM 
  +3.3VCLK             VIA008_TENTED_18     (3349.00 3455.00) TOP/BOTTOM 
  +3.3VCLK             VIA008_TENTED_18     (3349.00 3390.00) TOP/BOTTOM 
  +3.3VCLK             VIA008_TENTED_18     (3235.00 3415.00) TOP/BOTTOM 
  +3.3VCLK             VIA008_TENTED_18     (3225.00 3525.00) TOP/BOTTOM 
  +3.3VCLK             VIA008_TENTED_18     (3490.00 3265.00) TOP/BOTTOM 
  +3.3VCLK             VIA008_TENTED_18     (3460.00 3165.00) TOP/BOTTOM 
  +3.3VCLK             VIA008_TENTED_18     (3425.00 2980.00) TOP/BOTTOM 
  +3.3VCLK             VIA008_TENTED_18     (3460.00 3065.00) TOP/BOTTOM 
  +3.3VCLK             VIA008_TENTED_18     (3490.00 3030.00) TOP/BOTTOM 
  +3.3VCLK             VIA008_TENTED_18     (3355.00 3515.00) TOP/BOTTOM 
  +3.3VCLK             VIA008_TENTED_18     (3210.00 3445.00) TOP/BOTTOM 
  +3.3VCLK             VIA008_TENTED_18     (3260.00 3445.00) TOP/BOTTOM 
  +3.3VCLK             VIA008_TENTED_18     (3210.00 3385.00) TOP/BOTTOM 
  +3.3VCLK             VIA008_TENTED_18     (3260.00 3385.00) TOP/BOTTOM 
  +3.3VCLK             VIA008_TENTED_18     (3210.00 3545.00) TOP/BOTTOM 
  +3.3VCLK             VIA008_TENTED_18     (3240.00 3505.00) TOP/BOTTOM 
  +3.3VCLK             VIA008_TENTED_18     (3340.00 3540.00) TOP/BOTTOM 
  +3.3VCLK             VIA008_TENTED_18     (4280.00 3320.00) TOP/BOTTOM 
  +3.3VCLK             VIA008_TENTED_18     (4320.00 3355.00) TOP/BOTTOM 
  +3.3VCLK             VIA008_TENTED_18     (3415.00 3185.00) TOP/BOTTOM 
  +3.3VCLK             VIA008_TENTED_18     (3480.00 3315.00) TOP/BOTTOM 
  +3.3VCLK             VIA008_TENTED_18     (3490.00 3165.00) TOP/BOTTOM 
  +3.3VCLK             VIA008_TENTED_18     (4280.00 2970.00) TOP/BOTTOM 
  +3.3VCLK             VIA008_TENTED_18     (4275.00 3025.00) TOP/BOTTOM 
  +3.3VCLK             VIA008_TENTED_18     (4315.00 3025.00) TOP/BOTTOM 
  +3.3VCLK             VIA008_TENTED_18     (4360.00 3025.00) TOP/BOTTOM 
  +3.3VCLK             VIA008_TENTED_18     (4410.00 3425.00) TOP/BOTTOM 
  +3.3VCLK             VIA008_TENTED_18     (3690.00 3605.00) TOP/BOTTOM 
  +3.3VCLK             VIA008_TENTED_18     (3700.00 3632.50) TOP/BOTTOM 
  +3.3VCLK             VIA008_TENTED_18     (4335.00 3476.50) TOP/BOTTOM 
  +3.3VCLK             VIA008_TENTED_18     (4698.00 3620.00) TOP/BOTTOM 
  +3.3VCLK             VIA008_TENTED_18     (4335.00 3658.50) TOP/BOTTOM 
  +3.3VCLK             VIA008_TENTED_18     (2239.00 3975.00) TOP/BOTTOM 
  +3.3VCLK             VIA008_TENTED_18     (4240.00 2970.00) TOP/BOTTOM 

<< Summary >>
  Total dangling lines:       0
  Total dangling vias:        0
  Total antenna vias:      1080
