(---------------------------------------------------------------------)
(                                                                     )
(    Dangling Line, Via and Antenna Report                            )
(                                                                     )
(    Drawing          : LAY-27452_B.brd                               )
(    Software Version : 17.4S011                                      )
(    Date/Time        : Sun May  2 02:33:41 2021                      )
(                                                                     )
(---------------------------------------------------------------------)


Report methodology:
  - Dangling lines have at least one end not connected.
  - Dangling vias have one or no connection
      - Plus are not a test, thieving or netshort property via.
  - Antenna vias do not have connections on their start and end layers.
      - Plus they are not a thieving vias.
      - Optionally, VOLTAGE nets, testvias and through vias can be suppressed with
        the environment variable report_antennavia.
      - Section may be suppressed by variable report_noantennavia.
  - Not part of the current partition.
  - To suppress items in dangle report add the OK_DANGLE property to the via
    or connect line.



<< Dangling Vias >>
  Net                  Padstack               Location            Layers
  ---------------------------------------------------------------------------
  LCD_ENABLE           VIA018-008STENTED    (1898.50 1775.20) TOP/BOTTOM 
  JTAG_TDO             VIA018-008STENTED    (1707.56 3801.89) TOP/BOTTOM 
  KEY_COL3             VIA018-008STENTED    (1791.50 1407.50) TOP/BOTTOM 
  KEY_ROW4             VIA018-008STENTED    (3851.32 2529.68) TOP/BOTTOM 
  LCD_CLK              VIA018-008STENTED    (490.80 2843.15) TOP/BOTTOM 
  ECSPI2_SCLK          VIA018-008STENTED    (512.80 3478.15) TOP/BOTTOM 
  AUD_MCLK             VIA018-008STENTED    (683.02 2062.66) TOP/BOTTOM 
  WDOG_B               VIA018-008STENTED    (1278.75 2902.75) TOP/BOTTOM 
  P1V8_VGEN4           VIA020-010STENDED    (409.00 2404.87) TOP/BOTTOM 
  P1V5_VGEN2           VIA020-010STENDED    (3247.00 715.00) TOP/BOTTOM 
  P3V15_VDDHIGH_SW2    VIA020-010STENDED    (2139.58 3437.50) TOP/BOTTOM 
  JTAG_TRSTB           VIA018-008STENTED    (2178.04 3799.89) TOP/BOTTOM 
  WALL_CTL_BASE1       VIA018-008STENTED    (4618.00 3765.24) TOP/BOTTOM 
  SD2_DAT4             VIA018-008STENTED    (855.75 1207.84) TOP/BOTTOM 
  N17479219            VIA018-008STENTED    (492.00 2786.89) TOP/BOTTOM 
  CMOS_AGND            VIA018-008STENTED    (2215.91 482.93) TOP/BOTTOM 
  PF0100_SW2_LX        VIA018-008STENTED    (2482.01 3050.50) TOP/BOTTOM 
  POR_B                VIA018-008STENTED    (1737.50 1411.50) TOP/BOTTOM 
  LCD_SPI_SCLK         VIA018-008STENTED    (417.80 3478.15) TOP/BOTTOM 
  Dummy Net            VIA018-008STENTED    (2128.00 2196.00) TOP/BOTTOM 


<< Antenna Vias >>
  Net                  Padstack               Location            Layers
  ---------------------------------------------------------------------------
  MECH                 VIA018-008OPEN-TOP   (-81.40 1610.50) TOP/BOTTOM     (Test Via)
  HSIC_STROBE_GPIO     VIA018-008OPEN-TOP   (2786.00 2339.00) TOP/BOTTOM     (Test Via)
  HSIC_STROBE_GPIO     VIA018-008STENTED    (961.00 2333.15) TOP/BOTTOM 
  HSIC_DAT_GPIO        VIA018-008STENTED    (961.00 2279.00) TOP/BOTTOM 
  HSIC_DAT_GPIO        VIA018-008OPEN-BOT   (2836.38 2325.36) TOP/BOTTOM     (Test Via)
  N20576182            VIA018-008OPEN-BOT   (1781.50 1735.00) TOP/BOTTOM     (Test Via)
  N20576182            VIA018-008STENTED    (17.00 2983.50)  TOP/BOTTOM 
  N20576179            VIA018-008OPEN-BOT   (1759.00 1755.00) TOP/BOTTOM     (Test Via)
  N20576179            VIA018-008STENTED    (-17.00 2963.50) TOP/BOTTOM 
  N20576176            VIA018-008OPEN-BOT   (3818.26 2619.76) TOP/BOTTOM     (Test Via)
  N20576176            VIA018-008STENTED    (427.18 2936.18) TOP/BOTTOM 
  N20576173            VIA018-008OPEN-BOT   (427.00 2972.00) TOP/BOTTOM     (Test Via)
  N20576173            VIA018-008STENTED    (3757.00 2597.00) TOP/BOTTOM 
  N20576170            VIA018-008OPEN-BOT   (4003.50 2545.50) TOP/BOTTOM     (Test Via)
  N20576170            VIA018-008STENTED    (431.00 2822.50) TOP/BOTTOM 
  N20565981            VIA018-008OPEN-BOT   (1187.00 3753.00) TOP/BOTTOM     (Test Via)
  P3V0_VSNVS           VIA018-008STENTED    (2630.00 3025.00) TOP/BOTTOM 
  VDD_3V15_IN          VIA018-008OPEN-BOT   (2491.00 2738.00) TOP/BOTTOM     (Test Via)
  VDD_3V15_IN          VIA018-008STENTED    (2491.00 2703.00) TOP/BOTTOM 
  VDD_3V15_IN          VIA018-008STENTED    (2171.00 2571.00) TOP/BOTTOM 
  VDD_3V15_IN          VIA018-008STENTED    (2172.00 2430.00) TOP/BOTTOM 
  VDD_3V15_IN          VIA018-008STENTED    (2363.47 1804.94) TOP/BOTTOM 
  VDD_3V15_IN          VIA018-008STENTED    (2305.20 1947.97) TOP/BOTTOM 
  VDD_3V15_IN          VIA018-008STENTED    (2196.50 2557.00) TOP/BOTTOM 
  VDD_3V15_IN          VIA018-008STENTED    (2196.50 2584.50) TOP/BOTTOM 
  N20359424            VIA018-008OPEN-BOT   (74.00 988.00)   TOP/BOTTOM     (Test Via)
  CHG_STATUS           VIA020-010BOT_OPEN   (512.80 3518.15) TOP/BOTTOM     (Test Via)
  CHG_STATUS           VIA018-008STENTED    (1177.50 3874.50) TOP/BOTTOM 
  CHG_DOK              VIA018-008OPEN-BOT   (453.04 3797.15) TOP/BOTTOM     (Test Via)
  CHG_DOK              VIA018-008STENTED    (1204.11 3898.89) TOP/BOTTOM 
  CHG_FLT              VIA020-010BOT_OPEN   (482.56 3403.15) TOP/BOTTOM     (Test Via)
  CHG_FLT              VIA018-008STENTED    (1275.00 3849.50) TOP/BOTTOM 
  N19809065            VIA018-008OPEN-BOT   (2039.40 2758.09) TOP/BOTTOM     (Test Via)
  N19781933            VIA018-008OPEN-BOT   (4058.00 2643.24) TOP/BOTTOM     (Test Via)
  IMX_OTG_VBUS         VIA018-008OPEN-BOT   (2245.38 2229.62) TOP/BOTTOM     (Test Via)
  IMX_OTG_VBUS         VIA018-008STENTED    (4203.00 2386.00) TOP/BOTTOM 
  N20331905            VIA018-008OPEN-TOP   (1699.00 795.50) TOP/BOTTOM     (Test Via)
  N20331870            VIA018-008OPEN-BOT   (1738.20 1235.20) TOP/BOTTOM     (Test Via)
  VCC_SD1              VIA018-008OPEN-TOP   (1824.00 817.00) TOP/BOTTOM     (Test Via)
  SD1_CON_CLK          VIA018-008OPEN-BOT   (1939.00 1004.00) TOP/BOTTOM     (Test Via)
  ENET_INT_B           VIA018-008OPEN-BOT   (3177.80 2993.15) TOP/BOTTOM     (Test Via)
  P3V15_LICELL         VIA018-008OPEN-TOP   (2106.00 3216.00) TOP/BOTTOM     (Test Via)
  N20351064            VIA018-008OPEN-BOT   (1206.42 3493.15) TOP/BOTTOM     (Test Via)
  N18966473            VIA018-008OPEN-BOT   (531.00 2143.02) TOP/BOTTOM     (Test Via)
  CODEC_1V8            VIA018-008STENTED    (942.00 1702.00) TOP/BOTTOM 
  HPOUTR_ZOBEL         VIA018-008OPEN-TOP   (374.81 1997.15) TOP/BOTTOM     (Test Via)
  HPOUTL_ZOBEL         VIA018-008OPEN-BOT   (475.80 2151.15) TOP/BOTTOM     (Test Via)
  CHG_EN               VIA018-008OPEN-BOT   (3764.93 3138.62) TOP/BOTTOM     (Test Via)
  USBOTG2_OC           VIA018-008OPEN-BOT   (611.00 3478.00) TOP/BOTTOM     (Test Via)
  USBOTG2_OC           VIA018-008STENTED    (3474.00 3678.00) TOP/BOTTOM 
  LCD_ENABLE           VIA018-008STENTED    (1898.50 1775.20) TOP/BOTTOM 
  USBOTG1_PWR          VIA020-010BOT_OPEN   (3977.00 2506.00) TOP/BOTTOM     (Test Via)
  JTAG_TDO             VIA018-008STENTED    (1707.56 3801.89) TOP/BOTTOM 
  LCD_RESET            VIA018-008OPEN-BOT   (844.80 2698.65) TOP/BOTTOM     (Test Via)
  LCD_RESET            VIA018-008STENTED    (383.50 2747.52) TOP/BOTTOM 
  N17128137            VIA018-008OPEN-BOT   (4755.00 2406.00) TOP/BOTTOM     (Test Via)
  EPDC_D13             VIA018-008OPEN-BOT   (2175.00 1110.84) TOP/BOTTOM     (Test Via)
  EPDC_D13             VIA018-008STENTED    (2044.18 265.66) TOP/BOTTOM 
  KEY_COL5             VIA018-008OPEN-BOT   (2121.00 1696.00) TOP/BOTTOM     (Test Via)
  KEY_COL5             VIA018-008STENTED    (3738.00 1669.00) TOP/BOTTOM 
  KEY_COL4             VIA018-008STENTED    (2123.00 1571.00) TOP/BOTTOM 
  KEY_COL4             VIA018-008STENTED    (3675.00 1646.00) TOP/BOTTOM 
  KEY_COL0             VIA018-008STENTED    (1230.00 150.84) TOP/BOTTOM 
  KEY_COL0             VIA018-008STENTED    (2805.00 375.84) TOP/BOTTOM 
  KEY_COL0             VIA018-008STENTED    (2772.50 1404.50) TOP/BOTTOM 
  KEY_COL0             VIA018-008STENTED    (2003.00 1745.00) TOP/BOTTOM 
  KEY_COL3             VIA018-008STENTED    (1791.50 1407.50) TOP/BOTTOM 
  KEY_ROW4             VIA018-008STENTED    (3710.00 1646.00) TOP/BOTTOM 
  KEY_ROW4             VIA018-008STENTED    (2120.50 1545.00) TOP/BOTTOM 
  KEY_ROW4             VIA018-008STENTED    (3851.32 2529.68) TOP/BOTTOM 
  PF0100_5V            VIA020-010STENDED    (2062.00 3184.00) TOP/BOTTOM 
  EPDC_PWRCTRL3        VIA018-008STENTED    (2557.00 463.84) TOP/BOTTOM 
  EPDC_PWRCTRL3        VIA018-008OPEN-BOT   (2622.00 1022.84) TOP/BOTTOM     (Test Via)
  EPDC_D6              VIA018-008OPEN-BOT   (2096.00 1080.84) TOP/BOTTOM     (Test Via)
  EPDC_D6              VIA018-008STENTED    (2016.00 524.84) TOP/BOTTOM 
  EPDC_D10             VIA018-008STENTED    (2505.00 356.33) TOP/BOTTOM 
  EPDC_D10             VIA018-008STENTED    (2641.00 976.84) TOP/BOTTOM 
  LCD_CLK              VIA018-008STENTED    (490.80 2843.15) TOP/BOTTOM 
  EPDC_D2              VIA018-008STENTED    (1944.00 498.84) TOP/BOTTOM 
  EPDC_D2              VIA018-008OPEN-BOT   (1965.00 1046.84) TOP/BOTTOM     (Test Via)
  LED7_3               VIA018-008OPEN-TOP   (867.50 2333.15) TOP/BOTTOM     (Test Via)
  FEC_RX_ER            VIA018-008OPEN-BOT   (2870.12 2323.92) TOP/BOTTOM     (Test Via)
  FEC_RX_ER            VIA018-008STENTED    (17.80 2136.80)  TOP/BOTTOM 
  FEC_RX_ER            VIA018-008STENTED    (1591.50 2247.50) TOP/BOTTOM 
  FEC_RX_ER            VIA018-008STENTED    (1487.50 2212.00) TOP/BOTTOM 
  ECSPI2_SCLK          VIA018-008STENTED    (512.80 3478.15) TOP/BOTTOM 
  AUD_MCLK             VIA018-008STENTED    (715.00 1677.00) TOP/BOTTOM 
  AUD_MCLK             VIA018-008STENTED    (683.02 2062.66) TOP/BOTTOM 
  AUD_MCLK             VIA018-008STENTED    (1829.50 1670.50) TOP/BOTTOM 
  EPDC_PWRINT          VIA018-008STENTED    (2754.00 1041.84) TOP/BOTTOM 
  EPDC_PWRINT          VIA018-008STENTED    (2678.00 423.96) TOP/BOTTOM 
  AUD_TXD              VIA018-008STENTED    (600.00 1726.30) TOP/BOTTOM 
  AUD_TXD              VIA018-008OPEN-BOT   (1666.50 1665.00) TOP/BOTTOM     (Test Via)
  AUD_TXFS             VIA018-008STENTED    (699.50 1633.00) TOP/BOTTOM 
  AUD_TXFS             VIA018-008OPEN-BOT   (1885.50 1660.50) TOP/BOTTOM     (Test Via)
  EPDC_D5              VIA018-008OPEN-BOT   (2071.00 1011.00) TOP/BOTTOM     (Test Via)
  EPDC_D5              VIA018-008STENTED    (1864.00 125.84) TOP/BOTTOM 
  EPDC_D5              VIA018-008STENTED    (2831.58 28.71)  TOP/BOTTOM 
  EPDC_D5              VIA018-008STENTED    (1985.00 524.84) TOP/BOTTOM 
  AUD_TXC              VIA018-008STENTED    (637.00 1638.00) TOP/BOTTOM 
  AUD_TXC              VIA018-008OPEN-BOT   (1848.50 1651.00) TOP/BOTTOM     (Test Via)
  AUD_RXD              VIA018-008STENTED    (644.00 1672.00) TOP/BOTTOM 
  AUD_RXD              VIA018-008STENTED    (1700.00 1663.50) TOP/BOTTOM 
  AUD_RXC              VIA018-008OPEN-BOT   (1682.50 1341.00) TOP/BOTTOM     (Test Via)
  AUD_RXFS             VIA018-008OPEN-TOP   (1701.00 1367.50) TOP/BOTTOM     (Test Via)
  SYS_5V               VIA020-010STENDED    (405.00 3355.84) TOP/BOTTOM 
  SYS_5V               VIA020-010STENDED    (429.00 3379.84) TOP/BOTTOM 
  SYS_5V               VIA018-008STENTED    (2339.00 103.84) TOP/BOTTOM 
  EPDC_D9              VIA018-008OPEN-BOT   (2741.00 997.00) TOP/BOTTOM     (Test Via)
  EPDC_D9              VIA018-008STENTED    (2638.00 406.00) TOP/BOTTOM 
  SD1_RST_B            VIA018-008OPEN-TOP   (1435.00 1319.00) TOP/BOTTOM     (Test Via)
  LED1_1               VIA018-008OPEN-BOT   (4309.00 3598.39) TOP/BOTTOM     (Test Via)
  PF0100_VIN           VIA018-008STENTED    (2385.00 101.84) TOP/BOTTOM 
  PF0100_VIN           VIA018-008STENTED    (3375.00 588.00) TOP/BOTTOM 
  PF0100_VIN           VIA018-008STENTED    (2881.00 245.84) TOP/BOTTOM 
  PF0100_VIN           VIA018-008STENTED    (2420.00 101.84) TOP/BOTTOM 
  PF0100_VIN           VIA020-010STENDED    (2494.00 2805.00) TOP/BOTTOM 
  PF0100_VIN           VIA018-008STENTED    (2110.00 3414.00) TOP/BOTTOM 
  PF0100_VIN           VIA018-008STENTED    (3808.00 3750.00) TOP/BOTTOM 
  PF0100_VIN           VIA020-010STENDED    (395.80 2824.99) TOP/BOTTOM 
  PF0100_VIN           VIA020-010STENDED    (2419.30 3293.76) TOP/BOTTOM 
  PF0100_VIN           VIA020-010STENDED    (397.80 3317.99) TOP/BOTTOM 
  PF0100_VIN           VIA020-010STENDED    (397.80 3277.99) TOP/BOTTOM 
  PF0100_VIN           VIA020-010STENDED    (427.80 3297.99) TOP/BOTTOM 
  PF0100_VIN           VIA020-010STENDED    (3830.00 3545.00) TOP/BOTTOM 
  PF0100_VIN           VIA020-010STENDED    (3786.00 3546.00) TOP/BOTTOM 
  PF0100_VIN           VIA020-010STENDED    (1901.00 3285.00) TOP/BOTTOM 
  PF0100_VIN           VIA020-010STENDED    (1900.00 3240.00) TOP/BOTTOM 
  PF0100_VIN           VIA020-010STENDED    (1900.00 3202.00) TOP/BOTTOM 
  EPDC_BDR1            VIA018-008STENTED    (2335.00 347.84) TOP/BOTTOM 
  EPDC_BDR1            VIA018-008OPEN-BOT   (2212.00 1305.00) TOP/BOTTOM     (Test Via)
  GND                  VIA020-010BOT_OPEN   (4706.00 2941.00) TOP/BOTTOM     (Test Via)
  GND                  VIA020-010STENDED    (3277.62 814.00) TOP/BOTTOM 
  GND                  VIA018-008STENTED    (698.00 1750.00) TOP/BOTTOM 
  GND                  VIA020-010STENDED    (3385.59 2054.41) TOP/BOTTOM 
  GND                  VIA018-008STENTED    (943.00 1738.00) TOP/BOTTOM 
  GND                  VIA018-008STENTED    (796.37 1779.00) TOP/BOTTOM 
  GND                  VIA018-008STENTED    (2435.50 3356.00) TOP/BOTTOM 
  GND                  VIA018-008STENTED    (2663.50 2698.00) TOP/BOTTOM 
  GND                  VIA018-008STENTED    (2640.50 3225.00) TOP/BOTTOM 
  GND                  VIA018-008STENTED    (2771.46 2565.24) TOP/BOTTOM 
  GND                  VIA018-008STENTED    (2933.48 2462.78) TOP/BOTTOM 
  GND                  VIA018-008STENTED    (411.40 2075.34) TOP/BOTTOM 
  GND                  VIA018-008STENTED    (531.00 1666.00) TOP/BOTTOM 
  GND                  VIA018-008STENTED    (1335.47 720.97) TOP/BOTTOM 
  GND                  VIA020-010STENDED    (2598.50 3024.59) TOP/BOTTOM 
  GND                  VIA018-008STENTED    (2379.50 3294.00) TOP/BOTTOM 
  GND                  VIA018-008STENTED    (2171.00 3398.76) TOP/BOTTOM 
  GND                  VIA018-008STENTED    (2074.00 3419.50) TOP/BOTTOM 
  GND                  VIA020-010STENDED    (2314.00 3299.09) TOP/BOTTOM 
  GND                  VIA018-008STENTED    (2336.50 2735.00) TOP/BOTTOM 
  GND                  VIA020-010STENDED    (2170.15 2614.00) TOP/BOTTOM 
  GND                  VIA018-008STENTED    (2415.50 2591.00) TOP/BOTTOM 
  GND                  VIA020-010STENDED    (4612.81 779.81) TOP/BOTTOM 
  GND                  VIA018-008STENTED    (2493.86 2266.14) TOP/BOTTOM 
  GND                  VIA018-008STENTED    (610.00 1223.84) TOP/BOTTOM 
  GND                  VIA018-008STENTED    (742.00 2216.00) TOP/BOTTOM 
  GND                  VIA018-008STENTED    (564.00 2065.00) TOP/BOTTOM 
  GND                  VIA018-008STENTED    (2556.00 4035.00) TOP/BOTTOM 
  GND                  VIA018-008STENTED    (160.12 64.88)   TOP/BOTTOM 
  GND                  VIA018-008STENTED    (3447.00 486.00) TOP/BOTTOM 
  GND                  VIA018-008STENTED    (2760.00 1180.00) TOP/BOTTOM 
  GND                  VIA018-008STENTED    (150.00 1257.00) TOP/BOTTOM 
  GND                  VIA018-008STENTED    (1257.54 1559.98) TOP/BOTTOM 
  GND                  VIA018-008STENTED    (3597.50 2656.50) TOP/BOTTOM 
  GND                  VIA018-008STENTED    (4218.00 3505.00) TOP/BOTTOM 
  GND                  VIA018-008STENTED    (494.00 3918.00) TOP/BOTTOM 
  GND                  VIA018-008STENTED    (1164.00 3107.00) TOP/BOTTOM 
  GND                  VIA018-008STENTED    (567.37 4040.37) TOP/BOTTOM 
  GND                  VIA018-008STENTED    (1034.37 4045.37) TOP/BOTTOM 
  GND                  VIA018-008STENTED    (3.01 418.99)    TOP/BOTTOM 
  GND                  VIA018-008STENTED    (163.07 153.07)  TOP/BOTTOM 
  GND                  VIA018-008STENTED    (1834.00 1366.49) TOP/BOTTOM 
  GND                  VIA018-008STENTED    (1418.74 920.74) TOP/BOTTOM 
  GND                  VIA018-008STENTED    (1183.28 36.28)  TOP/BOTTOM 
  GND                  VIA018-008STENTED    (1402.00 10.00)  TOP/BOTTOM 
  GND                  VIA018-008STENTED    (3964.00 2619.76) TOP/BOTTOM 
  GND                  VIA020-010STENDED    (3300.00 1233.00) TOP/BOTTOM 
  GND                  VIA018-008STENTED    (3587.64 725.36) TOP/BOTTOM 
  GND                  VIA018-008STENTED    (3584.65 155.35) TOP/BOTTOM 
  GND                  VIA018-008STENTED    (3587.60 68.60)  TOP/BOTTOM 
  GND                  VIA018-008STENTED    (4220.80 1855.20) TOP/BOTTOM 
  GND                  VIA018-008STENTED    (3993.63 1316.63) TOP/BOTTOM 
  GND                  VIA018-008STENTED    (1079.40 3425.60) TOP/BOTTOM 
  GND                  VIA018-008STENTED    (2661.70 31.54)  TOP/BOTTOM 
  GND                  VIA018-008STENTED    (2736.00 60.31)  TOP/BOTTOM 
  GND                  VIA018-008STENTED    (1789.53 60.31)  TOP/BOTTOM 
  GND                  VIA018-008STENTED    (2586.00 60.31)  TOP/BOTTOM 
  GND                  VIA018-008STENTED    (2975.00 60.31)  TOP/BOTTOM 
  GND                  VIA018-008STENTED    (3225.28 58.84)  TOP/BOTTOM 
  GND                  VIA018-008STENTED    (2693.79 9.71)   TOP/BOTTOM 
  GND                  VIA018-008STENTED    (2752.84 28.71)  TOP/BOTTOM 
  GND                  VIA018-008STENTED    (2811.90 9.71)   TOP/BOTTOM 
  GND                  VIA018-008STENTED    (2930.01 9.71)   TOP/BOTTOM 
  GND                  VIA018-008STENTED    (2989.06 28.71)  TOP/BOTTOM 
  GND                  VIA018-008STENTED    (3048.12 9.71)   TOP/BOTTOM 
  GND                  VIA018-008STENTED    (3107.17 28.71)  TOP/BOTTOM 
  GND                  VIA018-008STENTED    (3166.23 9.71)   TOP/BOTTOM 
  GND                  VIA018-008STENTED    (1288.00 227.60) TOP/BOTTOM 
  GND                  VIA018-008STENTED    (2063.87 234.91) TOP/BOTTOM 
  GND                  VIA018-008STENTED    (2162.12 264.84) TOP/BOTTOM 
  GND                  VIA020-010STENDED    (2507.87 145.84) TOP/BOTTOM 
  GND                  VIA018-008STENTED    (3048.12 234.91) TOP/BOTTOM 
  GND                  VIA018-008STENTED    (1805.47 494.37) TOP/BOTTOM 
  GND                  VIA018-008STENTED    (1869.47 444.37) TOP/BOTTOM 
  GND                  VIA018-008STENTED    (1907.00 410.84) TOP/BOTTOM 
  GND                  VIA018-008STENTED    (2249.06 481.84) TOP/BOTTOM 
  GND                  VIA018-008STENTED    (1699.00 691.84) TOP/BOTTOM 
  GND                  VIA018-008STENTED    (1824.00 690.84) TOP/BOTTOM 
  GND                  VIA018-008STENTED    (1898.00 655.84) TOP/BOTTOM 
  GND                  VIA018-008STENTED    (2004.00 653.84) TOP/BOTTOM 
  GND                  VIA018-008STENTED    (2098.00 653.84) TOP/BOTTOM 
  GND                  VIA018-008STENTED    (2287.00 520.84) TOP/BOTTOM 
  GND                  VIA018-008STENTED    (2235.59 656.84) TOP/BOTTOM 
  GND                  VIA018-008STENTED    (188.00 870.00)  TOP/BOTTOM 
  GND                  VIA018-008STENTED    (582.00 816.84)  TOP/BOTTOM 
  GND                  VIA018-008STENTED    (923.11 817.84)  TOP/BOTTOM 
  GND                  VIA018-008STENTED    (1242.84 720.50) TOP/BOTTOM 
  GND                  VIA018-008STENTED    (1798.00 792.84) TOP/BOTTOM 
  GND                  VIA018-008STENTED    (1933.00 777.84) TOP/BOTTOM 
  GND                  VIA018-008STENTED    (2021.24 749.60) TOP/BOTTOM 
  GND                  VIA018-008STENTED    (2169.76 771.84) TOP/BOTTOM 
  GND                  VIA018-008STENTED    (2170.00 729.84) TOP/BOTTOM 
  GND                  VIA018-008STENTED    (2415.24 910.84) TOP/BOTTOM 
  GND                  VIA018-008STENTED    (2507.87 727.14) TOP/BOTTOM 
  GND                  VIA018-008STENTED    (2591.14 910.84) TOP/BOTTOM 
  GND                  VIA020-010STENDED    (1934.00 956.84) TOP/BOTTOM 
  GND                  VIA018-008STENTED    (2105.00 960.84) TOP/BOTTOM 
  GND                  VIA018-008STENTED    (2327.00 958.84) TOP/BOTTOM 
  GND                  VIA018-008STENTED    (2281.21 953.43) TOP/BOTTOM 
  GND                  VIA018-008STENTED    (4292.84 997.16) TOP/BOTTOM 
  GND                  VIA018-008STENTED    (4166.85 996.15) TOP/BOTTOM 
  GND                  VIA018-008STENTED    (4513.31 1001.31) TOP/BOTTOM 
  GND                  VIA018-008STENTED    (4418.82 999.82) TOP/BOTTOM 
  GND                  VIA018-008STENTED    (3820.40 1125.40) TOP/BOTTOM 
  GND                  VIA018-008STENTED    (3812.80 1324.20) TOP/BOTTOM 
  GND                  VIA018-008STENTED    (3767.80 1325.80) TOP/BOTTOM 
  GND                  VIA018-008STENTED    (4682.80 1327.80) TOP/BOTTOM 
  GND                  VIA018-008STENTED    (4670.79 1128.21) TOP/BOTTOM 
  GND                  VIA018-008STENTED    (4637.80 1327.20) TOP/BOTTOM 
  GND                  VIA020-010STENDED    (3665.00 1544.00) TOP/BOTTOM 
  GND                  VIA020-010STENDED    (3624.00 1544.00) TOP/BOTTOM 
  GND                  VIA020-010STENDED    (3940.00 1546.00) TOP/BOTTOM 
  GND                  VIA020-010STENDED    (3888.00 1546.00) TOP/BOTTOM 
  GND                  VIA020-010STENDED    (4695.00 1513.00) TOP/BOTTOM 
  GND                  VIA020-010STENDED    (4695.00 1474.00) TOP/BOTTOM 
  GND                  VIA018-008STENTED    (2189.13 1659.87) TOP/BOTTOM 
  GND                  VIA018-008STENTED    (2406.18 1566.00) TOP/BOTTOM 
  GND                  VIA018-008STENTED    (2283.42 1704.53) TOP/BOTTOM 
  GND                  VIA018-008STENTED    (2416.02 1704.10) TOP/BOTTOM 
  GND                  VIA018-008STENTED    (2497.30 1704.65) TOP/BOTTOM 
  GND                  VIA018-008STENTED    (2539.81 1647.87) TOP/BOTTOM 
  GND                  VIA018-008STENTED    (2603.80 1647.15) TOP/BOTTOM 
  GND                  VIA018-008STENTED    (2676.82 1725.98) TOP/BOTTOM 
  GND                  VIA018-008STENTED    (2679.80 1663.15) TOP/BOTTOM 
  GND                  VIA018-008STENTED    (2885.80 1657.15) TOP/BOTTOM 
  GND                  VIA018-008STENTED    (3192.00 1744.41) TOP/BOTTOM 
  GND                  VIA018-008STENTED    (3219.30 1636.15) TOP/BOTTOM 
  GND                  VIA018-008STENTED    (2241.46 1918.90) TOP/BOTTOM 
  GND                  VIA018-008STENTED    (2241.80 1790.15) TOP/BOTTOM 
  GND                  VIA018-008STENTED    (2522.30 1806.15) TOP/BOTTOM 
  GND                  VIA018-008STENTED    (2779.59 1818.73) TOP/BOTTOM 
  GND                  VIA018-008STENTED    (2826.30 1904.65) TOP/BOTTOM 
  GND                  VIA018-008STENTED    (2836.00 1835.00) TOP/BOTTOM 
  GND                  VIA018-008STENTED    (2683.80 1942.90) TOP/BOTTOM 
  GND                  VIA018-008STENTED    (2676.00 1855.46) TOP/BOTTOM 
  GND                  VIA018-008STENTED    (2682.00 1789.00) TOP/BOTTOM 
  GND                  VIA018-008STENTED    (2845.80 1770.10) TOP/BOTTOM 
  GND                  VIA018-008STENTED    (3212.00 1870.50) TOP/BOTTOM 
  GND                  VIA018-008STENTED    (62.80 2053.15)  TOP/BOTTOM 
  GND                  VIA018-008STENTED    (333.80 2040.15) TOP/BOTTOM 
  GND                  VIA018-008STENTED    (334.27 2162.64) TOP/BOTTOM 
  GND                  VIA018-008STENTED    (1052.00 2074.00) TOP/BOTTOM 
  GND                  VIA018-008STENTED    (2272.80 2173.99) TOP/BOTTOM 
  GND                  VIA018-008STENTED    (2522.13 1979.80) TOP/BOTTOM 
  GND                  VIA018-008STENTED    (2338.69 2082.55) TOP/BOTTOM 
  GND                  VIA018-008STENTED    (2241.89 2002.44) TOP/BOTTOM 
  GND                  VIA018-008STENTED    (2539.06 2137.99) TOP/BOTTOM 
  GND                  VIA018-008STENTED    (2422.80 2082.28) TOP/BOTTOM 
  GND                  VIA018-008STENTED    (2511.23 2084.09) TOP/BOTTOM 
  GND                  VIA018-008STENTED    (2677.30 2123.65) TOP/BOTTOM 
  GND                  VIA018-008STENTED    (2679.30 2061.65) TOP/BOTTOM 
  GND                  VIA018-008STENTED    (2677.83 1999.09) TOP/BOTTOM 
  GND                  VIA018-008STENTED    (3023.30 2127.83) TOP/BOTTOM 
  GND                  VIA018-008STENTED    (2843.65 2044.65) TOP/BOTTOM 
  GND                  VIA018-008STENTED    (2840.80 1990.40) TOP/BOTTOM 
  GND                  VIA018-008STENTED    (3220.73 2128.93) TOP/BOTTOM 
  GND                  VIA018-008STENTED    (3090.25 2070.14) TOP/BOTTOM 
  GND                  VIA018-008STENTED    (3978.50 2370.00) TOP/BOTTOM 
  GND                  VIA018-008STENTED    (4076.13 2405.66) TOP/BOTTOM 
  GND                  VIA020-010STENDED    (4020.33 2167.15) TOP/BOTTOM 
  GND                  VIA020-010STENDED    (4020.33 2216.17) TOP/BOTTOM 
  GND                  VIA020-010STENDED    (205.00 2322.84) TOP/BOTTOM 
  GND                  VIA018-008STENTED    (205.00 2475.67) TOP/BOTTOM 
  GND                  VIA018-008STENTED    (205.00 2960.63) TOP/BOTTOM 
  GND                  VIA018-008STENTED    (205.00 3113.15) TOP/BOTTOM 
  GND                  VIA018-008STENTED    (205.00 3748.15) TOP/BOTTOM 
  GND                  VIA018-008STENTED    (205.00 3505.63) TOP/BOTTOM 
  GND                  VIA018-008STENTED    (205.00 2718.15) TOP/BOTTOM 
  GND                  VIA018-008STENTED    (1603.06 2334.15) TOP/BOTTOM 
  GND                  VIA018-008STENTED    (1765.51 2339.51) TOP/BOTTOM 
  GND                  VIA018-008STENTED    (1764.72 2388.72) TOP/BOTTOM 
  GND                  VIA018-008STENTED    (1950.80 2297.00) TOP/BOTTOM 
  GND                  VIA018-008STENTED    (1986.00 2416.00) TOP/BOTTOM 
  GND                  VIA018-008STENTED    (3130.80 2281.94) TOP/BOTTOM 
  GND                  VIA018-008STENTED    (3186.08 2286.12) TOP/BOTTOM 
  GND                  VIA018-008STENTED    (3231.80 2251.65) TOP/BOTTOM 
  GND                  VIA018-008STENTED    (3271.80 2251.65) TOP/BOTTOM 
  GND                  VIA018-008STENTED    (4132.00 2294.15) TOP/BOTTOM 
  GND                  VIA018-008STENTED    (4193.35 2292.14) TOP/BOTTOM 
  GND                  VIA018-008STENTED    (166.58 2471.93) TOP/BOTTOM 
  GND                  VIA018-008STENTED    (165.63 2530.98) TOP/BOTTOM 
  GND                  VIA018-008STENTED    (165.91 2590.04) TOP/BOTTOM 
  GND                  VIA018-008STENTED    (1767.00 2445.00) TOP/BOTTOM 
  GND                  VIA018-008STENTED    (1766.15 2489.15) TOP/BOTTOM 
  GND                  VIA018-008STENTED    (1765.14 2540.86) TOP/BOTTOM 
  GND                  VIA018-008STENTED    (1765.42 2589.58) TOP/BOTTOM 
  GND                  VIA018-008STENTED    (4531.81 2488.14) TOP/BOTTOM 
  GND                  VIA018-008STENTED    (4432.00 2491.30) TOP/BOTTOM 
  GND                  VIA018-008STENTED    (166.86 2649.09) TOP/BOTTOM 
  GND                  VIA018-008STENTED    (167.80 2708.15) TOP/BOTTOM 
  GND                  VIA018-008STENTED    (166.85 2767.20) TOP/BOTTOM 
  GND                  VIA018-008STENTED    (1766.00 2639.79) TOP/BOTTOM 
  GND                  VIA018-008STENTED    (1767.50 2690.50) TOP/BOTTOM 
  GND                  VIA018-008STENTED    (1697.28 2633.46) TOP/BOTTOM 
  GND                  VIA018-008STENTED    (2937.00 2695.00) TOP/BOTTOM 
  GND                  VIA018-008STENTED    (3967.85 2695.15) TOP/BOTTOM 
  GND                  VIA018-008STENTED    (165.64 2885.31) TOP/BOTTOM 
  GND                  VIA018-008STENTED    (166.58 2944.37) TOP/BOTTOM 
  GND                  VIA018-008STENTED    (167.80 3003.42) TOP/BOTTOM 
  GND                  VIA018-008STENTED    (165.91 2826.26) TOP/BOTTOM 
  GND                  VIA018-008STENTED    (1630.30 2827.15) TOP/BOTTOM 
  GND                  VIA018-008STENTED    (3431.00 3010.50) TOP/BOTTOM 
  GND                  VIA020-010STENDED    (3779.93 3181.61) TOP/BOTTOM 
  GND                  VIA020-010STENDED    (3942.50 3336.50) TOP/BOTTOM 
  GND                  VIA018-008STENTED    (3997.80 3538.15) TOP/BOTTOM 
  GND                  VIA018-008STENTED    (3757.80 3588.15) TOP/BOTTOM 
  GND                  VIA018-008STENTED    (3857.80 3588.15) TOP/BOTTOM 
  GND                  VIA018-008STENTED    (3512.80 3433.15) TOP/BOTTOM 
  GND                  VIA018-008STENTED    (3512.80 3583.15) TOP/BOTTOM 
  GND                  VIA018-008STENTED    (3854.93 3300.63) TOP/BOTTOM 
  GND                  VIA018-008STENTED    (3854.93 3217.64) TOP/BOTTOM 
  GND                  VIA018-008STENTED    (3813.95 3258.62) TOP/BOTTOM 
  GND                  VIA018-008STENTED    (3854.93 3258.62) TOP/BOTTOM 
  GND                  VIA018-008STENTED    (3895.96 3258.62) TOP/BOTTOM 
  GND                  VIA018-008STENTED    (3512.80 3288.15) TOP/BOTTOM 
  GND                  VIA018-008STENTED    (3512.80 3153.15) TOP/BOTTOM 
  GND                  VIA018-008STENTED    (3712.80 3023.15) TOP/BOTTOM 
  GND                  VIA018-008STENTED    (3512.80 3023.15) TOP/BOTTOM 
  GND                  VIA018-008STENTED    (3844.64 3708.00) TOP/BOTTOM 
  GND                  VIA020-010STENDED    (4480.80 2883.15) TOP/BOTTOM 
  GND                  VIA018-008STENTED    (1696.59 3155.46) TOP/BOTTOM 
  GND                  VIA018-008STENTED    (3292.80 3141.15) TOP/BOTTOM 
  GND                  VIA020-010STENDED    (3347.80 3143.15) TOP/BOTTOM 
  GND                  VIA018-008STENTED    (1130.60 3423.15) TOP/BOTTOM 
  GND                  VIA018-008STENTED    (1280.94 3384.06) TOP/BOTTOM 
  GND                  VIA018-008STENTED    (1631.80 3349.65) TOP/BOTTOM 
  GND                  VIA018-008STENTED    (1766.22 3436.22) TOP/BOTTOM 
  GND                  VIA018-008STENTED    (1764.01 3387.01) TOP/BOTTOM 
  GND                  VIA020-010STENDED    (4393.15 3354.82) TOP/BOTTOM 
  GND                  VIA020-010STENDED    (4393.15 3392.30) TOP/BOTTOM 
  GND                  VIA020-010STENDED    (4393.15 3314.82) TOP/BOTTOM 
  GND                  VIA020-010STENDED    (4721.13 3284.82) TOP/BOTTOM 
  GND                  VIA020-010STENDED    (4720.67 3327.30) TOP/BOTTOM 
  GND                  VIA020-010STENDED    (4720.67 3372.30) TOP/BOTTOM 
  GND                  VIA018-008STENTED    (384.57 3534.92) TOP/BOTTOM 
  GND                  VIA020-010STENDED    (417.80 3633.34) TOP/BOTTOM 
  GND                  VIA018-008STENTED    (1765.06 3487.94) TOP/BOTTOM 
  GND                  VIA018-008STENTED    (1766.65 3536.65) TOP/BOTTOM 
  GND                  VIA018-008STENTED    (1766.00 3588.36) TOP/BOTTOM 
  GND                  VIA018-008STENTED    (1766.92 3637.08) TOP/BOTTOM 
  GND                  VIA018-008STENTED    (4132.80 3658.15) TOP/BOTTOM 
  GND                  VIA020-010STENDED    (691.82 3799.15) TOP/BOTTOM 
  GND                  VIA020-010STENDED    (841.82 3912.37) TOP/BOTTOM 
  GND                  VIA020-010STENDED    (801.82 3912.37) TOP/BOTTOM 
  GND                  VIA018-008STENTED    (760.80 3765.15) TOP/BOTTOM 
  GND                  VIA020-010STENDED    (949.30 3887.22) TOP/BOTTOM 
  GND                  VIA018-008STENTED    (1407.56 3792.15) TOP/BOTTOM 
  GND                  VIA018-008STENTED    (1765.71 3687.29) TOP/BOTTOM 
  GND                  VIA018-008STENTED    (1766.85 3725.15) TOP/BOTTOM 
  GND                  VIA018-008STENTED    (1697.28 3680.96) TOP/BOTTOM 
  GND                  VIA018-008STENTED    (1845.00 3779.50) TOP/BOTTOM 
  GND                  VIA020-010STENDED    (2494.00 3840.00) TOP/BOTTOM 
  GND                  VIA020-010STENDED    (4738.15 3759.82) TOP/BOTTOM 
  GND                  VIA018-008STENTED    (4696.00 3791.24) TOP/BOTTOM 
  GND                  VIA018-008STENTED    (705.75 3980.50) TOP/BOTTOM 
  GND                  VIA020-010STENDED    (622.00 3945.00) TOP/BOTTOM 
  GND                  VIA020-010STENDED    (4656.80 2631.15) TOP/BOTTOM 
  GND                  VIA020-010STENDED    (827.80 4017.14) TOP/BOTTOM 
  GND                  VIA018-008STENTED    (3899.14 1315.14) TOP/BOTTOM 
  GND                  VIA020-010STENDED    (3300.00 1165.00) TOP/BOTTOM 
  GND                  VIA018-008STENTED    (71.15 1034.15)  TOP/BOTTOM 
  GND                  VIA018-008STENTED    (562.00 1828.00) TOP/BOTTOM 
  GND                  VIA018-008T          (143.00 4200.00) TOP/BOTTOM 
  GND                  VIA018-008T          (243.00 4200.00) TOP/BOTTOM 
  GND                  VIA018-008T          (343.00 4200.00) TOP/BOTTOM 
  GND                  VIA018-008T          (443.00 4200.00) TOP/BOTTOM 
  GND                  VIA018-008T          (543.00 4200.00) TOP/BOTTOM 
  GND                  VIA018-008T          (1043.00 4200.00) TOP/BOTTOM 
  GND                  VIA018-008T          (1143.00 4200.00) TOP/BOTTOM 
  GND                  VIA018-008T          (1243.00 4200.00) TOP/BOTTOM 
  GND                  VIA018-008T          (1343.00 4200.00) TOP/BOTTOM 
  GND                  VIA018-008T          (1443.00 4200.00) TOP/BOTTOM 
  GND                  VIA018-008T          (1543.00 4200.00) TOP/BOTTOM 
  GND                  VIA018-008T          (1643.00 4200.00) TOP/BOTTOM 
  GND                  VIA018-008T          (1743.00 4200.00) TOP/BOTTOM 
  GND                  VIA018-008T          (1843.00 4200.00) TOP/BOTTOM 
  GND                  VIA018-008T          (1943.00 4200.00) TOP/BOTTOM 
  GND                  VIA018-008T          (2043.00 4200.00) TOP/BOTTOM 
  GND                  VIA018-008T          (2143.00 4200.00) TOP/BOTTOM 
  GND                  VIA018-008T          (2243.00 4200.00) TOP/BOTTOM 
  GND                  VIA018-008T          (2343.00 4200.00) TOP/BOTTOM 
  GND                  VIA018-008T          (2443.00 4200.00) TOP/BOTTOM 
  GND                  VIA018-008T          (2543.00 4200.00) TOP/BOTTOM 
  GND                  VIA018-008T          (2643.00 4200.00) TOP/BOTTOM 
  GND                  VIA018-008T          (2743.00 4200.00) TOP/BOTTOM 
  GND                  VIA018-008T          (2843.00 4200.00) TOP/BOTTOM 
  GND                  VIA018-008T          (2943.00 4200.00) TOP/BOTTOM 
  GND                  VIA018-008T          (3043.00 4200.00) TOP/BOTTOM 
  GND                  VIA018-008T          (3143.00 4200.00) TOP/BOTTOM 
  GND                  VIA018-008T          (3243.00 4200.00) TOP/BOTTOM 
  GND                  VIA018-008T          (3343.00 4200.00) TOP/BOTTOM 
  GND                  VIA018-008T          (3443.00 4200.00) TOP/BOTTOM 
  GND                  VIA018-008T          (3543.00 4200.00) TOP/BOTTOM 
  GND                  VIA018-008T          (3643.00 4200.00) TOP/BOTTOM 
  GND                  VIA018-008T          (3743.00 4200.00) TOP/BOTTOM 
  GND                  VIA018-008T          (3843.00 4200.00) TOP/BOTTOM 
  GND                  VIA018-008T          (3943.00 4200.00) TOP/BOTTOM 
  GND                  VIA018-008T          (4043.00 4200.00) TOP/BOTTOM 
  GND                  VIA018-008T          (4143.00 4200.00) TOP/BOTTOM 
  GND                  VIA018-008T          (4243.00 4200.00) TOP/BOTTOM 
  GND                  VIA018-008T          (4343.00 4200.00) TOP/BOTTOM 
  GND                  VIA018-008T          (4443.00 4200.00) TOP/BOTTOM 
  GND                  VIA018-008T          (4543.00 4200.00) TOP/BOTTOM 
  GND                  VIA018-008T          (4643.00 4200.00) TOP/BOTTOM 
  GND                  VIA018-008T          (4842.00 3994.00) TOP/BOTTOM 
  GND                  VIA018-008T          (4842.00 3894.00) TOP/BOTTOM 
  GND                  VIA018-008T          (4842.00 3794.00) TOP/BOTTOM 
  GND                  VIA018-008T          (4842.00 3694.00) TOP/BOTTOM 
  GND                  VIA018-008T          (4842.00 3594.00) TOP/BOTTOM 
  GND                  VIA018-008T          (4842.00 3494.00) TOP/BOTTOM 
  GND                  VIA018-008T          (4842.00 3394.00) TOP/BOTTOM 
  GND                  VIA018-008T          (4842.00 3294.00) TOP/BOTTOM 
  GND                  VIA018-008T          (4842.00 3194.00) TOP/BOTTOM 
  GND                  VIA018-008T          (4842.00 3094.00) TOP/BOTTOM 
  GND                  VIA018-008T          (4842.00 2994.00) TOP/BOTTOM 
  GND                  VIA018-008T          (4842.00 2394.00) TOP/BOTTOM 
  GND                  VIA018-008T          (4842.00 2294.00) TOP/BOTTOM 
  GND                  VIA018-008T          (4842.00 2194.00) TOP/BOTTOM 
  GND                  VIA018-008T          (4842.00 2094.00) TOP/BOTTOM 
  GND                  VIA018-008T          (4842.00 1994.00) TOP/BOTTOM 
  GND                  VIA018-008T          (4842.00 1894.00) TOP/BOTTOM 
  GND                  VIA018-008T          (4842.00 1794.00) TOP/BOTTOM 
  GND                  VIA018-008T          (4842.00 1694.00) TOP/BOTTOM 
  GND                  VIA018-008T          (4842.00 1594.00) TOP/BOTTOM 
  GND                  VIA018-008T          (4842.00 1244.00) TOP/BOTTOM 
  GND                  VIA018-008T          (4842.00 1144.00) TOP/BOTTOM 
  GND                  VIA018-008T          (4842.00 1044.00) TOP/BOTTOM 
  GND                  VIA018-008T          (4842.00 944.00) TOP/BOTTOM 
  GND                  VIA018-008T          (4842.00 844.00) TOP/BOTTOM 
  GND                  VIA018-008T          (4842.00 744.00) TOP/BOTTOM 
  GND                  VIA018-008T          (4842.00 644.00) TOP/BOTTOM 
  GND                  VIA018-008T          (4842.00 544.00) TOP/BOTTOM 
  GND                  VIA018-008T          (4842.00 444.00) TOP/BOTTOM 
  GND                  VIA018-008T          (4839.00 120.00) TOP/BOTTOM 
  GND                  VIA018-008T          (4653.00 -80.00) TOP/BOTTOM 
  GND                  VIA018-008T          (4553.00 -80.00) TOP/BOTTOM 
  GND                  VIA018-008T          (4453.00 -80.00) TOP/BOTTOM 
  GND                  VIA018-008T          (4353.00 -80.00) TOP/BOTTOM 
  GND                  VIA018-008T          (4253.00 -80.00) TOP/BOTTOM 
  GND                  VIA018-008T          (4153.00 -80.00) TOP/BOTTOM 
  GND                  VIA018-008T          (4053.00 -80.00) TOP/BOTTOM 
  GND                  VIA018-008T          (3953.00 -80.00) TOP/BOTTOM 
  GND                  VIA018-008T          (3853.00 -80.00) TOP/BOTTOM 
  GND                  VIA018-008T          (3753.00 -80.00) TOP/BOTTOM 
  GND                  VIA018-008T          (3653.00 -80.00) TOP/BOTTOM 
  GND                  VIA018-008T          (3533.00 -79.00) TOP/BOTTOM 
  GND                  VIA018-008T          (3453.00 -80.00) TOP/BOTTOM 
  GND                  VIA018-008T          (3303.00 -80.00) TOP/BOTTOM 
  GND                  VIA018-008T          (1870.00 -83.00) TOP/BOTTOM 
  GND                  VIA018-008T          (1720.00 -83.00) TOP/BOTTOM 
  GND                  VIA018-008T          (1620.00 -83.00) TOP/BOTTOM 
  GND                  VIA018-008T          (1420.00 -83.00) TOP/BOTTOM 
  GND                  VIA018-008T          (1157.00 -81.00) TOP/BOTTOM 
  GND                  VIA018-008T          (881.00 -80.00)  TOP/BOTTOM 
  GND                  VIA018-008T          (677.00 -80.00)  TOP/BOTTOM 
  GND                  VIA018-008T          (554.00 -79.00)  TOP/BOTTOM 
  GND                  VIA018-008T          (361.00 -80.00)  TOP/BOTTOM 
  GND                  VIA018-008T          (215.00 -85.00)  TOP/BOTTOM 
  GND                  VIA018-008T          (120.00 -83.00)  TOP/BOTTOM 
  GND                  VIA018-008T          (-82.00 556.00)  TOP/BOTTOM 
  GND                  VIA018-008T          (-82.00 656.00)  TOP/BOTTOM 
  GND                  VIA018-008T          (-82.00 856.00)  TOP/BOTTOM 
  GND                  VIA018-008T          (-82.00 956.00)  TOP/BOTTOM 
  GND                  VIA018-008T          (-81.00 1182.00) TOP/BOTTOM 
  GND                  VIA018-008T          (-80.00 1300.00) TOP/BOTTOM 
  GND                  VIA018-008T          (-81.00 1948.00) TOP/BOTTOM 
  GND                  VIA018-008T          (-80.00 2129.00) TOP/BOTTOM 
  GND                  VIA018-008T          (-82.00 2306.00) TOP/BOTTOM 
  GND                  VIA018-008T          (-82.00 2406.00) TOP/BOTTOM 
  GND                  VIA018-008T          (-82.00 2506.00) TOP/BOTTOM 
  GND                  VIA018-008T          (-82.00 2606.00) TOP/BOTTOM 
  GND                  VIA018-008T          (-82.00 2806.00) TOP/BOTTOM 
  GND                  VIA018-008T          (-82.00 2906.00) TOP/BOTTOM 
  GND                  VIA018-008T          (-82.00 3006.00) TOP/BOTTOM 
  GND                  VIA018-008T          (-82.00 3106.00) TOP/BOTTOM 
  GND                  VIA018-008T          (-82.00 3206.00) TOP/BOTTOM 
  GND                  VIA018-008T          (-82.00 3306.00) TOP/BOTTOM 
  GND                  VIA018-008T          (-82.00 3406.00) TOP/BOTTOM 
  GND                  VIA018-008T          (-82.00 3506.00) TOP/BOTTOM 
  GND                  VIA018-008T          (-82.00 3606.00) TOP/BOTTOM 
  GND                  VIA018-008T          (-82.00 3706.00) TOP/BOTTOM 
  GND                  VIA018-008T          (-82.00 3806.00) TOP/BOTTOM 
  GND                  VIA018-008T          (-82.00 3906.00) TOP/BOTTOM 
  GND                  VIA018-008T          (-82.00 4006.00) TOP/BOTTOM 
  GND                  VIA018-008T          (-81.00 2230.00) TOP/BOTTOM 
  GND                  VIA018-008T          (-83.00 2062.00) TOP/BOTTOM 
  GND                  VIA018-008T          (-82.00 1879.00) TOP/BOTTOM 
  GND                  VIA018-008STENTED    (-50.70 857.70)  TOP/BOTTOM 
  GND                  VIA018-008T          (-83.00 341.00)  TOP/BOTTOM 
  GND                  VIA018-008T          (-83.00 241.00)  TOP/BOTTOM 
  GND                  VIA018-008T          (-83.00 141.00)  TOP/BOTTOM 
  GND                  VIA018-008STENTED    (4453.80 2749.15) TOP/BOTTOM 
  GND                  VIA018-008STENTED    (4453.80 2665.15) TOP/BOTTOM 
  GND                  VIA018-008STENTED    (2031.00 2192.00) TOP/BOTTOM 
  GND                  VIA018-008STENTED    (3087.80 1904.65) TOP/BOTTOM 
  GND                  VIA018-008STENTED    (3131.00 1904.00) TOP/BOTTOM 
  GND                  VIA018-008STENTED    (2677.99 1891.00) TOP/BOTTOM 
  GND                  VIA018-008STENTED    (4123.80 1918.20) TOP/BOTTOM 
  GND                  VIA018-008STENTED    (4123.80 2003.20) TOP/BOTTOM 
  GND                  VIA018-008STENTED    (709.16 1222.84) TOP/BOTTOM 
  GND                  VIA018-008STENTED    (2432.50 2152.00) TOP/BOTTOM 
  GND                  VIA018-008STENTED    (2337.00 2775.00) TOP/BOTTOM 
  GND                  VIA018-008STENTED    (1810.00 2822.00) TOP/BOTTOM 
  GND                  VIA018-008STENTED    (1807.50 3258.50) TOP/BOTTOM 
  GND                  VIA018-008STENTED    (3082.80 1813.65) TOP/BOTTOM 
  GND                  VIA018-008STENTED    (460.51 1949.49) TOP/BOTTOM 
  GND                  VIA018-008STENTED    (2777.00 471.84) TOP/BOTTOM 
  GND                  VIA018-008STENTED    (2878.00 360.84) TOP/BOTTOM 
  GND                  VIA018-008STENTED    (2378.00 1258.84) TOP/BOTTOM 
  GND                  VIA018-008STENTED    (1986.00 1601.49) TOP/BOTTOM 
  GND                  VIA018-008STENTED    (1594.00 1572.49) TOP/BOTTOM 
  GND                  VIA018-008STENTED    (1437.00 1652.49) TOP/BOTTOM 
  GND                  VIA018-008STENTED    (1492.00 1558.49) TOP/BOTTOM 
  GND                  VIA018-008STENTED    (1367.00 1560.49) TOP/BOTTOM 
  GND                  VIA018-008STENTED    (2719.30 1467.15) TOP/BOTTOM 
  GND                  VIA018-008STENTED    (1650.00 246.60) TOP/BOTTOM 
  GND                  VIA018-008STENTED    (1533.00 203.60) TOP/BOTTOM 
  GND                  VIA018-008STENTED    (1453.00 204.60) TOP/BOTTOM 
  GND                  VIA018-008STENTED    (1800.00 128.60) TOP/BOTTOM 
  GND                  VIA018-008STENTED    (2745.50 3289.00) TOP/BOTTOM 
  GND                  VIA018-008STENTED    (2588.50 3438.00) TOP/BOTTOM 
  GND                  VIA018-008STENTED    (1259.54 1504.98) TOP/BOTTOM 
  GND                  VIA018-008STENTED    (1102.54 1136.98) TOP/BOTTOM 
  GND                  VIA018-008STENTED    (1420.54 1135.98) TOP/BOTTOM 
  GND                  VIA018-008STENTED    (1531.54 1136.98) TOP/BOTTOM 
  GND                  VIA018-008STENTED    (2653.00 -34.00) TOP/BOTTOM 
  GND                  VIA018-008STENTED    (4555.00 2705.00) TOP/BOTTOM 
  GND                  VIA018-008STENTED    (4656.80 2729.15) TOP/BOTTOM 
  GND                  VIA018-008STENTED    (1976.00 3097.00) TOP/BOTTOM 
  GND                  VIA018-008STENTED    (2022.00 3097.00) TOP/BOTTOM 
  GND                  VIA018-008STENTED    (1926.00 3095.00) TOP/BOTTOM 
  GND                  VIA018-008STENTED    (2607.00 3112.00) TOP/BOTTOM 
  GND                  VIA018-008STENTED    (2256.00 2762.00) TOP/BOTTOM 
  GND                  VIA018-008STENTED    (2255.00 2687.00) TOP/BOTTOM 
  GND                  VIA018-008STENTED    (3930.80 1960.20) TOP/BOTTOM 
  GND                  VIA018-008STENTED    (3835.80 1959.20) TOP/BOTTOM 
  GND                  VIA018-008T          (1286.00 -80.00) TOP/BOTTOM 
  GND                  VIA018-008T          (1062.00 -82.00) TOP/BOTTOM 
  GND                  VIA018-008T          (774.00 -79.00)  TOP/BOTTOM 
  GND                  VIA018-008T          (290.00 -80.00)  TOP/BOTTOM 
  GND                  VIA018-008T          (-82.00 2706.00) TOP/BOTTOM 
  GND                  VIA018-008STENTED    (2214.45 2833.51) TOP/BOTTOM 
  EPDC_SDCE0           VIA018-008STENTED    (2541.00 494.84) TOP/BOTTOM 
  EPDC_SDCE0           VIA018-008STENTED    (2604.00 1089.50) TOP/BOTTOM 
  ENET_LED2            VIA018-008OPEN-BOT   (2885.80 3126.15) TOP/BOTTOM     (Test Via)
  N17272270            VIA018-008OPEN-BOT   (2924.50 3047.50) TOP/BOTTOM     (Test Via)
  EPDC_GDCLK           VIA018-008STENTED    (2366.00 537.84) TOP/BOTTOM 
  EPDC_GDCLK           VIA018-008STENTED    (2484.50 1085.00) TOP/BOTTOM 
  EPDC_PWRWAKEUP       VIA018-008STENTED    (2783.00 1065.84) TOP/BOTTOM 
  EPDC_PWRWAKEUP       VIA018-008STENTED    (2918.00 419.84) TOP/BOTTOM 
  EPDC_D7              VIA018-008STENTED    (2384.75 610.84) TOP/BOTTOM 
  EPDC_D7              VIA018-008STENTED    (2398.00 1126.50) TOP/BOTTOM 
  P1V2_DDR_SW3         VIA018-008STENTED    (2282.00 3428.00) TOP/BOTTOM 
  P1V2_DDR_SW3         VIA018-008STENTED    (3335.80 1636.15) TOP/BOTTOM 
  P1V2_DDR_SW3         VIA018-008OPEN-BOT   (2910.91 2006.59) TOP/BOTTOM     (Test Via)
  P1V2_DDR_SW3         VIA018-008STENTED    (2902.23 1801.54) TOP/BOTTOM 
  P1V2_DDR_SW3         VIA018-008STENTED    (3007.80 2068.15) TOP/BOTTOM 
  P1V2_DDR_SW3         VIA018-008STENTED    (2946.79 2067.33) TOP/BOTTOM 
  P1V2_DDR_SW3         VIA018-008STENTED    (3116.25 2070.19) TOP/BOTTOM 
  P1V2_DDR_SW3         VIA018-008STENTED    (2933.67 1869.15) TOP/BOTTOM 
  P1V2_DDR_SW3         VIA018-008STENTED    (3161.42 2128.65) TOP/BOTTOM 
  P1V2_DDR_SW3         VIA018-008STENTED    (2957.80 1963.65) TOP/BOTTOM 
  P1V2_DDR_SW3         VIA018-008STENTED    (3161.30 2164.50) TOP/BOTTOM 
  P1V2_DDR_SW3         VIA020-010STENDED    (3291.00 2737.00) TOP/BOTTOM 
  P1V2_DDR_SW3         VIA020-010STENDED    (3325.00 2737.00) TOP/BOTTOM 
  P1V2_DDR_SW3         VIA020-010STENDED    (3362.00 2222.00) TOP/BOTTOM 
  P1V2_DDR_SW3         VIA020-010STENDED    (3362.00 2190.00) TOP/BOTTOM 
  P1V2_DDR_SW3         VIA018-008STENTED    (2347.00 3368.50) TOP/BOTTOM 
  P1V2_DDR_SW3         VIA020-010STENDED    (2394.82 3391.00) TOP/BOTTOM 
  KEY_COL1             VIA018-008STENTED    (1692.00 326.50) TOP/BOTTOM 
  KEY_COL1             VIA018-008OPEN-TOP   (1580.00 714.00) TOP/BOTTOM     (Test Via)
  MAG_LED2             VIA018-008OPEN-BOT   (2885.80 3226.15) TOP/BOTTOM     (Test Via)
  EPDC_D8              VIA018-008OPEN-BOT   (2707.00 1057.00) TOP/BOTTOM     (Test Via)
  EPDC_D8              VIA018-008STENTED    (2661.00 443.84) TOP/BOTTOM 
  MAG_LED1             VIA018-008OPEN-BOT   (3292.80 3225.15) TOP/BOTTOM     (Test Via)
  EPDC_GDRL            VIA018-008STENTED    (1968.00 659.84) TOP/BOTTOM 
  EPDC_GDRL            VIA018-008OPEN-BOT   (2035.00 1006.00) TOP/BOTTOM     (Test Via)
  ENET_LED1            VIA018-008OPEN-BOT   (3258.80 3059.15) TOP/BOTTOM     (Test Via)
  ENET_LED1            VIA018-008STENTED    (2946.00 3062.30) TOP/BOTTOM 
  EPDC_PWRCTRL1        VIA018-008STENTED    (2455.00 494.84) TOP/BOTTOM 
  EPDC_PWRCTRL1        VIA018-008STENTED    (2595.00 1139.50) TOP/BOTTOM 
  I2C2_SCL             VIA018-008OPEN-BOT   (698.00 1790.00) TOP/BOTTOM     (Test Via)
  I2C2_SCL             VIA018-008STENTED    (1100.80 1741.00) TOP/BOTTOM 
  I2C2_SCL             VIA018-008STENTED    (2274.50 1376.50) TOP/BOTTOM 
  I2C2_SCL             VIA018-008STENTED    (2949.46 1370.36) TOP/BOTTOM 
  I2C2_SCL             VIA018-008STENTED    (1544.50 1491.50) TOP/BOTTOM 
  I2C2_SCL             VIA018-008STENTED    (1569.50 1708.50) TOP/BOTTOM 
  GND_ENET             VIA018-008OPEN-TOP   (2702.80 3332.15) TOP/BOTTOM     (Test Via)
  ECSPI2_MISO          VIA018-008OPEN-BOT   (452.80 3408.15) TOP/BOTTOM     (Test Via)
  EPDC_D11             VIA018-008OPEN-BOT   (2703.00 1022.84) TOP/BOTTOM     (Test Via)
  EPDC_D11             VIA018-008STENTED    (2601.00 276.84) TOP/BOTTOM 
  ECSPI2_MOSI          VIA018-008OPEN-BOT   (389.00 3749.00) TOP/BOTTOM     (Test Via)
  ECSPI2_MOSI          VIA018-008STENTED    (384.29 3475.86) TOP/BOTTOM 
  P2V8_VGEN6           VIA018-008STENTED    (2465.00 907.00) TOP/BOTTOM 
  P2V8_VGEN6           VIA018-008OPEN-BOT   (3042.44 1266.22) TOP/BOTTOM     (Test Via)
  P2V8_VGEN6           VIA018-008STENTED    (3364.50 2674.50) TOP/BOTTOM 
  USB_HOST_VBUS        VIA018-008STENTED    (2324.30 2140.56) TOP/BOTTOM 
  SD3_CLK              VIA018-008STENTED    (2617.84 2521.66) TOP/BOTTOM 
  SD3_CLK              VIA018-008STENTED    (3550.00 2516.64) TOP/BOTTOM 
  EPDC_D15             VIA018-008STENTED    (2005.00 265.84) TOP/BOTTOM 
  EPDC_D15             VIA018-008STENTED    (2105.00 1010.84) TOP/BOTTOM 
  JTAG_MOD             VIA018-008OPEN-BOT   (2398.24 2211.00) TOP/BOTTOM     (Test Via)
  VTREF_JTAG           VIA018-008OPEN-TOP   (2307.80 3800.15) TOP/BOTTOM     (Test Via)
  EPDC_SDLE            VIA018-008STENTED    (2074.00 507.84) TOP/BOTTOM 
  EPDC_SDLE            VIA018-008OPEN-BOT   (2193.00 1000.00) TOP/BOTTOM     (Test Via)
  KEY_ROW5             VIA018-008STENTED    (1007.00 1566.00) TOP/BOTTOM 
  KEY_ROW5             VIA018-008OPEN-BOT   (1950.00 1411.50) TOP/BOTTOM     (Test Via)
  FTDI_3V3OUT          VIA018-008OPEN-TOP   (692.90 4005.00) TOP/BOTTOM     (Test Via)
  KEY_ROW2             VIA018-008OPEN-BOT   (582.80 2843.15) TOP/BOTTOM     (Test Via)
  J_DE_B               VIA018-008OPEN-TOP   (1507.56 3804.15) TOP/BOTTOM     (Test Via)
  EPDC_GDSP            VIA018-008STENTED    (2121.42 507.84) TOP/BOTTOM 
  EPDC_GDSP            VIA018-008STENTED    (2234.25 1049.84) TOP/BOTTOM 
  UART1_TXD            VIA018-008OPEN-BOT   (1649.00 2155.00) TOP/BOTTOM     (Test Via)
  UART1_TXD            VIA018-008STENTED    (1957.00 1619.50) TOP/BOTTOM 
  WDOG_B               VIA018-008STENTED    (1771.00 2187.00) TOP/BOTTOM 
  WDOG_B               VIA018-008STENTED    (1832.50 1041.00) TOP/BOTTOM 
  WDOG_B               VIA018-008STENTED    (170.91 1054.09) TOP/BOTTOM 
  WDOG_B               VIA018-008STENTED    (1278.75 2902.75) TOP/BOTTOM 
  OTG_USB_ID           C018-008TENTED       (4666.04 2665.96) TOP/BOTTOM 
  OTG_USB_ID           VIA018-008OPEN-BOT   (4550.56 2801.00) TOP/BOTTOM     (Test Via)
  EPDC_D3              VIA018-008OPEN-BOT   (1977.00 1008.84) TOP/BOTTOM     (Test Via)
  EPDC_D3              VIA018-008STENTED    (1944.00 525.84) TOP/BOTTOM 
  J_DBGACK             VIA018-008OPEN-TOP   (1378.04 3803.15) TOP/BOTTOM     (Test Via)
  EPDC_SDCE1           VIA018-008STENTED    (2372.00 1119.00) TOP/BOTTOM 
  EPDC_SDCE1           VIA018-008STENTED    (2506.00 390.84) TOP/BOTTOM 
  USB_5V_HOST          VIA018-008OPEN-BOT   (4083.00 2315.00) TOP/BOTTOM     (Test Via)
  P1V8_VGEN4           VIA020-010BOT_OPEN   (2428.00 2398.00) TOP/BOTTOM     (Test Via)
  P1V8_VGEN4           VIA020-010STENDED    (409.00 2404.87) TOP/BOTTOM 
  P1V8_VGEN4           VIA020-010STENDED    (2117.50 2396.50) TOP/BOTTOM 
  P1V8_VGEN4           VIA020-010STENDED    (2091.00 2443.50) TOP/BOTTOM 
  P1V8_VGEN4           VIA018-008STENTED    (2283.59 1868.46) TOP/BOTTOM 
  UART1_RXD            VIA018-008STENTED    (1629.00 2187.00) TOP/BOTTOM 
  UART1_RXD            VIA018-008STENTED    (1956.00 1568.50) TOP/BOTTOM 
  P1V5_VGEN2           VIA020-010STENDED    (3247.00 715.00) TOP/BOTTOM 
  EPDC_SDCE3           VIA018-008STENTED    (2195.09 498.52) TOP/BOTTOM 
  P3V15_VDDHIGH_SW2    VIA018-008STENTED    (851.00 2042.00) TOP/BOTTOM 
  P3V15_VDDHIGH_SW2    VIA018-008OPEN-BOT   (3859.50 2422.00) TOP/BOTTOM     (Test Via)
  P3V15_VDDHIGH_SW2    VIA018-008STENTED    (1117.00 3792.00) TOP/BOTTOM 
  P3V15_VDDHIGH_SW2    VIA020-010STENDED    (2518.00 3286.50) TOP/BOTTOM 
  P3V15_VDDHIGH_SW2    VIA020-010STENDED    (2812.00 242.84) TOP/BOTTOM 
  P3V15_VDDHIGH_SW2    VIA018-008STENTED    (3225.28 238.56) TOP/BOTTOM 
  P3V15_VDDHIGH_SW2    VIA020-010STENDED    (529.00 727.84)  TOP/BOTTOM 
  P3V15_VDDHIGH_SW2    VIA020-010STENDED    (582.00 727.84)  TOP/BOTTOM 
  P3V15_VDDHIGH_SW2    VIA020-010STENDED    (1836.90 960.72) TOP/BOTTOM 
  P3V15_VDDHIGH_SW2    VIA020-010STENDED    (1775.20 988.30) TOP/BOTTOM 
  P3V15_VDDHIGH_SW2    VIA018-008STENTED    (650.00 1310.00) TOP/BOTTOM 
  P3V15_VDDHIGH_SW2    VIA018-008STENTED    (1336.80 1136.20) TOP/BOTTOM 
  P3V15_VDDHIGH_SW2    VIA018-008STENTED    (1486.80 1136.20) TOP/BOTTOM 
  P3V15_VDDHIGH_SW2    VIA018-008STENTED    (1386.80 1255.00) TOP/BOTTOM 
  P3V15_VDDHIGH_SW2    VIA020-010STENDED    (1349.80 2131.15) TOP/BOTTOM 
  P3V15_VDDHIGH_SW2    VIA020-010STENDED    (403.00 2446.00) TOP/BOTTOM 
  P3V15_VDDHIGH_SW2    VIA018-008STENTED    (596.81 2467.00) TOP/BOTTOM 
  P3V15_VDDHIGH_SW2    VIA020-010STENDED    (2584.00 2839.00) TOP/BOTTOM 
  P3V15_VDDHIGH_SW2    VIA018-008STENTED    (2048.87 2815.76) TOP/BOTTOM 
  P3V15_VDDHIGH_SW2    VIA020-010STENDED    (2584.00 2788.15) TOP/BOTTOM 
  P3V15_VDDHIGH_SW2    VIA020-010STENDED    (2760.00 2775.00) TOP/BOTTOM 
  P3V15_VDDHIGH_SW2    VIA018-008STENTED    (3856.50 2489.50) TOP/BOTTOM 
  P3V15_VDDHIGH_SW2    VIA020-010STENDED    (3964.00 2585.70) TOP/BOTTOM 
  P3V15_VDDHIGH_SW2    VIA020-010STENDED    (415.00 2902.84) TOP/BOTTOM 
  P3V15_VDDHIGH_SW2    VIA020-010STENDED    (389.80 2883.99) TOP/BOTTOM 
  P3V15_VDDHIGH_SW2    VIA018-008STENTED    (1377.80 3323.15) TOP/BOTTOM 
  P3V15_VDDHIGH_SW2    VIA018-008STENTED    (1442.80 3765.65) TOP/BOTTOM 
  P3V15_VDDHIGH_SW2    VIA018-008STENTED    (1642.80 3763.65) TOP/BOTTOM 
  P3V15_VDDHIGH_SW2    VIA018-008STENTED    (2042.80 3763.65) TOP/BOTTOM 
  P3V15_VDDHIGH_SW2    VIA018-008STENTED    (2242.80 3763.65) TOP/BOTTOM 
  P3V15_VDDHIGH_SW2    VIA018-008STENTED    (2472.95 2338.04) TOP/BOTTOM 
  P3V15_VDDHIGH_SW2    VIA020-010STENDED    (2139.58 3437.50) TOP/BOTTOM 
  P3V15_VDDHIGH_SW2    VIA020-010STENDED    (2570.50 3333.00) TOP/BOTTOM 
  P3V15_VDDHIGH_SW2    VIA020-010STENDED    (2626.00 3286.50) TOP/BOTTOM 
  BOOT_MODE1           VIA018-008STENTED    (2398.00 3677.50) TOP/BOTTOM 
  BOOT_MODE1           VIA018-008STENTED    (2492.80 3677.50) TOP/BOTTOM 
  PWM1                 VIA018-008OPEN-BOT   (2615.62 2161.73) TOP/BOTTOM     (Test Via)
  EPDC_BDR0            VIA018-008OPEN-BOT   (2586.00 976.84) TOP/BOTTOM     (Test Via)
  EPDC_BDR0            VIA018-008STENTED    (2519.84 479.72) TOP/BOTTOM 
  P1V8_VGEN3           VIA018-008OPEN-BOT   (788.00 2174.00) TOP/BOTTOM     (Test Via)
  P1V8_VGEN3           VIA018-008STENTED    (2512.50 2354.00) TOP/BOTTOM 
  P1V8_VGEN3           VIA020-010STENDED    (2685.00 2966.50) TOP/BOTTOM 
  P1V8_VGEN3           VIA020-010STENDED    (1765.00 2242.00) TOP/BOTTOM 
  P1V8_VGEN3           VIA020-010STENDED    (1732.00 2242.00) TOP/BOTTOM 
  P1V8_VGEN3           VIA020-010STENDED    (951.50 2178.00) TOP/BOTTOM 
  CHG_CS               VIA018-008OPEN-TOP   (3875.50 3492.00) TOP/BOTTOM     (Test Via)
  ECSPI1_MOSI          VIA018-008OPEN-BOT   (1336.68 1565.00) TOP/BOTTOM     (Test Via)
  3GCARD_PWR           VIA020-010STENDED    (3695.53 1064.53) TOP/BOTTOM 
  3GCARD_PWR           VIA018-008OPEN-BOT   (3442.00 1443.00) TOP/BOTTOM     (Test Via)
  EPD_I2C_SCL          VIA018-008OPEN-TOP   (2957.80 283.00) TOP/BOTTOM     (Test Via)
  EPDC_PWRCTRL0        VIA018-008STENTED    (2476.98 480.82) TOP/BOTTOM 
  EPDC_PWRCTRL0        VIA018-008OPEN-BOT   (2579.50 1115.50) TOP/BOTTOM     (Test Via)
  LCD_I2C_SDA          VIA018-008STENTED    (2315.80 1422.50) TOP/BOTTOM 
  LCD_I2C_SDA          VIA018-008STENTED    (819.00 1641.00) TOP/BOTTOM 
  KEY_ROW6             VIA018-008OPEN-BOT   (1980.00 1342.00) TOP/BOTTOM     (Test Via)
  KEY_ROW6             VIA018-008STENTED    (2907.00 1353.00) TOP/BOTTOM 
  EPDC_VCOM0           VIA018-008OPEN-BOT   (2667.00 1150.00) TOP/BOTTOM     (Test Via)
  EPDC_VCOM0           VIA018-008STENTED    (2506.00 322.84) TOP/BOTTOM 
  N17336267            VIA018-008STENTED    (2300.09 9.71)   TOP/BOTTOM 
  N17336267            VIA018-008STENTED    (1568.80 208.49) TOP/BOTTOM 
  EPDC_D12             VIA018-008STENTED    (2536.37 371.71) TOP/BOTTOM 
  EPDC_D12             VIA018-008OPEN-BOT   (2644.00 1085.50) TOP/BOTTOM     (Test Via)
  KEY_ROW1             VIA018-008STENTED    (1059.00 1060.00) TOP/BOTTOM 
  KEY_ROW1             VIA018-008OPEN-BOT   (811.00 1013.00) TOP/BOTTOM     (Test Via)
  KEY_ROW1             VIA018-008STENTED    (1584.38 1059.00) TOP/BOTTOM 
  SD2_DAT2             VIA018-008STENTED    (908.38 1219.36) TOP/BOTTOM 
  SD2_DAT2             VIA018-008STENTED    (467.49 1080.66) TOP/BOTTOM 
  N17479677            VIA018-008STENTED    (1177.26 225.26) TOP/BOTTOM 
  N17479677            VIA018-008STENTED    (2580.00 219.84) TOP/BOTTOM 
  EPDC_VCOM1           VIA018-008OPEN-TOP   (2686.00 1172.50) TOP/BOTTOM     (Test Via)
  EPDC_VCOM1           VIA018-008STENTED    (2536.00 338.84) TOP/BOTTOM 
  BOOT_MODE0           VIA018-008OPEN-TOP   (2667.32 3577.50) TOP/BOTTOM     (Test Via)
  KEY_COL6             VIA018-008OPEN-BOT   (2808.00 1457.00) TOP/BOTTOM     (Test Via)
  KEY_COL6             VIA018-008STENTED    (2223.50 1544.00) TOP/BOTTOM 
  ECSPI1_MISO          VIA018-008OPEN-BOT   (1566.00 1377.00) TOP/BOTTOM     (Test Via)
  P3V0_STBY            VIA018-008STENTED    (2223.80 2424.00) TOP/BOTTOM 
  P3V0_STBY            VIA018-008OPEN-BOT   (2104.50 2802.50) TOP/BOTTOM     (Test Via)
  P3V0_STBY            VIA018-008STENTED    (2092.00 2194.00) TOP/BOTTOM 
  CHG_IDC              VIA018-008OPEN-BOT   (3854.93 3143.62) TOP/BOTTOM     (Test Via)
  JTAG_NSRST           VIA018-008OPEN-BOT   (1157.80 3638.15) TOP/BOTTOM     (Test Via)
  JTAG_NSRST           VIA018-008STENTED    (1578.04 3803.15) TOP/BOTTOM 
  N17090643            VIA018-008STENTED    (1749.16 226.00) TOP/BOTTOM 
  N17090643            VIA018-008OPEN-TOP   (2735.00 289.84) TOP/BOTTOM     (Test Via)
  CHG_ISET             VIA018-008OPEN-BOT   (3809.93 3138.62) TOP/BOTTOM     (Test Via)
  EPDC_SDCLK           VIA018-008STENTED    (2890.64 9.71)   TOP/BOTTOM 
  EPDC_SDCLK           VIA018-008STENTED    (2366.00 582.84) TOP/BOTTOM 
  EPDC_SDCLK           VIA018-008STENTED    (2480.00 1164.00) TOP/BOTTOM 
  JTAG_TRSTB           VIA018-008STENTED    (2178.04 3799.89) TOP/BOTTOM 
  P1V8_SW4             VIA018-008STENTED    (3138.80 1640.15) TOP/BOTTOM 
  P1V8_SW4             VIA018-008STENTED    (2905.79 1930.13) TOP/BOTTOM 
  P1V8_SW4             VIA020-010STENDED    (3334.00 2127.00) TOP/BOTTOM 
  P1V8_SW4             VIA020-010STENDED    (3326.00 2159.00) TOP/BOTTOM 
  EPDC_D0              VIA018-008STENTED    (1808.00 157.84) TOP/BOTTOM 
  EPDC_D0              VIA018-008STENTED    (1907.00 497.84) TOP/BOTTOM 
  EPDC_D0              VIA018-008STENTED    (2587.00 95.00)  TOP/BOTTOM 
  EPDC_D0              VIA018-008OPEN-BOT   (1947.00 1078.84) TOP/BOTTOM     (Test Via)
  N17479629            VIA018-008STENTED    (2053.50 1641.50) TOP/BOTTOM 
  N17479629            VIA018-008OPEN-BOT   (2859.48 1432.00) TOP/BOTTOM     (Test Via)
  CHG_VL               VIA018-008OPEN-BOT   (3939.93 3138.62) TOP/BOTTOM     (Test Via)
  EPDC_SDCE2           VIA018-008STENTED    (2168.66 482.84) TOP/BOTTOM 
  N17090581            VIA018-008STENTED    (1799.00 312.50) TOP/BOTTOM 
  N17090581            VIA018-008OPEN-TOP   (2770.00 392.84) TOP/BOTTOM     (Test Via)
  CHG_LX               VIA018-008OPEN-BOT   (4000.00 3466.00) TOP/BOTTOM     (Test Via)
  CHG_CT               VIA018-008OPEN-BOT   (3896.71 3137.99) TOP/BOTTOM     (Test Via)
  UART2_RXD            VIA018-008OPEN-BOT   (856.00 1004.00) TOP/BOTTOM     (Test Via)
  UART2_RXD            VIA018-008STENTED    (3072.80 316.00) TOP/BOTTOM 
  UART2_RXD            VIA018-008STENTED    (865.53 277.37)  TOP/BOTTOM 
  CHG_USB              VIA018-008OPEN-BOT   (3730.00 3231.00) TOP/BOTTOM     (Test Via)
  EPDC_GDOE            VIA018-008OPEN-BOT   (2207.38 1094.46) TOP/BOTTOM     (Test Via)
  EPDC_GDOE            VIA018-008STENTED    (2096.89 527.95) TOP/BOTTOM 
  SPDIF_IN             VIA018-008OPEN-TOP   (3120.50 279.50) TOP/BOTTOM     (Test Via)
  LCD_I2C_SCL          VIA018-008STENTED    (853.00 1641.00) TOP/BOTTOM 
  LCD_I2C_SCL          VIA018-008STENTED    (2277.00 1412.00) TOP/BOTTOM 
  WALL_OV_LED          VIA018-008OPEN-BOT   (4072.80 3643.15) TOP/BOTTOM     (Test Via)
  WALL_CTL_BASE1       VIA018-008STENTED    (4618.00 3765.24) TOP/BOTTOM 
  PF0100_SW4_LX        VIA018-008OPEN-BOT   (2475.00 3015.00) TOP/BOTTOM     (Test Via)
  SD2_DAT4             VIA018-008STENTED    (1835.00 2103.00) TOP/BOTTOM 
  SD2_DAT4             VIA018-008STENTED    (1606.00 1164.00) TOP/BOTTOM 
  SD2_DAT4             VIA018-008STENTED    (855.75 1207.84) TOP/BOTTOM 
  SD2_DAT4             VIA018-008STENTED    (1860.00 1716.72) TOP/BOTTOM 
  EPDC_D4              VIA018-008STENTED    (2851.27 9.71)   TOP/BOTTOM 
  EPDC_D4              VIA018-008STENTED    (1828.00 126.84) TOP/BOTTOM 
  EPDC_D4              VIA018-008STENTED    (1995.43 488.41) TOP/BOTTOM 
  EPDC_D4              VIA018-008OPEN-BOT   (2014.00 1047.22) TOP/BOTTOM     (Test Via)
  EPD_BRIGHTNESS_CTL   VIA018-008OPEN-BOT   (2739.50 2339.00) TOP/BOTTOM     (Test Via)
  EPD_BRIGHTNESS_CTL   VIA018-008STENTED    (3643.50 2346.50) TOP/BOTTOM 
  EPD_I2C_SDA          VIA018-008OPEN-TOP   (2992.80 280.00) TOP/BOTTOM     (Test Via)
  ONOFF                VIA018-008STENTED    (1283.00 991.00) TOP/BOTTOM 
  N17479219            VIA018-008STENTED    (926.00 1619.00) TOP/BOTTOM 
  N17479219            VIA018-008OPEN-BOT   (1990.00 1567.50) TOP/BOTTOM     (Test Via)
  N17479219            VIA018-008STENTED    (492.00 2786.89) TOP/BOTTOM 
  EPDC_D14             VIA018-008STENTED    (2024.50 235.84) TOP/BOTTOM 
  EPDC_D14             VIA018-008OPEN-BOT   (2146.00 1057.84) TOP/BOTTOM     (Test Via)
  CMOS_AGND            VIA018-008STENTED    (2215.91 482.93) TOP/BOTTOM 
  PF0100_SW2_LX        VIA018-008STENTED    (2482.01 3050.50) TOP/BOTTOM 
  POR_B                VIA018-008STENTED    (462.00 824.00)  TOP/BOTTOM 
  POR_B                VIA018-008STENTED    (1455.46 996.26) TOP/BOTTOM 
  POR_B                VIA018-008STENTED    (1741.00 1724.00) TOP/BOTTOM 
  POR_B                VIA018-008STENTED    (1680.00 2156.00) TOP/BOTTOM 
  POR_B                VIA018-008STENTED    (1737.50 1411.50) TOP/BOTTOM 
  51EXP_I2C_SDA        VIA018-008OPEN-BOT   (417.80 3683.15) TOP/BOTTOM     (Test Via)
  PF0100_SW1C_LX       VIA018-008OPEN-BOT   (2344.00 2809.50) TOP/BOTTOM     (Test Via)
  EPDC_PWRSTAT         VIA018-008STENTED    (2498.79 494.99) TOP/BOTTOM 
  EPDC_PWRSTAT         VIA018-008OPEN-BOT   (2623.50 1175.50) TOP/BOTTOM     (Test Via)
  PF0100_SW1AB_LX      VIA018-008OPEN-TOP   (2284.00 2831.23) TOP/BOTTOM     (Test Via)
  EPDC_SDOE            VIA018-008OPEN-BOT   (2669.00 1233.00) TOP/BOTTOM     (Test Via)
  EPDC_SDOE            VIA018-008STENTED    (2384.75 560.59) TOP/BOTTOM 
  LCD_INT              VIA018-008STENTED    (512.80 3768.15) TOP/BOTTOM 
  LCD_INT              VIA018-008STENTED    (1018.50 3710.00) TOP/BOTTOM 
  LCD_INT              VIA018-008STENTED    (1811.00 2187.00) TOP/BOTTOM 
  LCD_INT              VIA018-008STENTED    (2406.76 1453.38) TOP/BOTTOM 
  N17479626            VIA018-008OPEN-TOP   (2918.00 377.84) TOP/BOTTOM     (Test Via)
  N17479626            VIA018-008STENTED    (1739.50 642.00) TOP/BOTTOM 
  LCD_SPI_SCLK         VIA018-008STENTED    (417.80 3478.15) TOP/BOTTOM 
  UART2_TXD            VIA018-008STENTED    (3093.00 289.50) TOP/BOTTOM 
  UART2_TXD            VIA018-008STENTED    (834.00 275.84)  TOP/BOTTOM 
  N17479212            VIA018-008OPEN-BOT   (382.58 2944.37) TOP/BOTTOM     (Test Via)
  N17479212            VIA018-008STENTED    (693.00 1175.26) TOP/BOTTOM 
  N17479212            VIA018-008STENTED    (317.00 1230.50) TOP/BOTTOM 
  N17479212            VIA018-008STENTED    (706.50 2429.50) TOP/BOTTOM 
  BT_CFG_EN            VIA018-008OPEN-BOT   (1382.80 3443.15) TOP/BOTTOM     (Test Via)
  OUTPUT_PULSE         VIA018-008OPEN-BOT   (1105.00 3533.15) TOP/BOTTOM     (Test Via)
  N17479209            VIA018-008STENTED    (858.50 2303.00) TOP/BOTTOM 
  N17479209            VIA018-008OPEN-BOT   (383.53 3003.42) TOP/BOTTOM     (Test Via)
  SD2_DAT5             VIA018-008STENTED    (1789.00 2078.54) TOP/BOTTOM 
  SD2_DAT5             VIA018-008STENTED    (1579.00 1115.00) TOP/BOTTOM 
  SD2_DAT5             VIA018-008STENTED    (1829.50 1716.72) TOP/BOTTOM 
  N17478983            VIA018-008OPEN-BOT   (1762.00 1436.50) TOP/BOTTOM     (Test Via)
  N17478983            VIA018-008STENTED    (803.00 1604.00) TOP/BOTTOM 
  N17336289            VIA018-008STENTED    (2063.87 9.71)   TOP/BOTTOM 
  N17336289            VIA018-008STENTED    (1488.80 208.49) TOP/BOTTOM 
  N17089445            VIA018-008OPEN-BOT   (2743.00 1313.00) TOP/BOTTOM     (Test Via)
  N17089445            VIA018-008STENTED    (1807.00 1319.50) TOP/BOTTOM 
  I2C1_SDA             VIA018-008STENTED    (3413.54 2384.00) TOP/BOTTOM 
  N17336304            VIA018-008STENTED    (2044.18 28.71)  TOP/BOTTOM 
  N17336304            VIA018-008STENTED    (1408.80 208.49) TOP/BOTTOM 
  JTAG_RTCK            VIA018-008OPEN-TOP   (1778.04 3801.89) TOP/BOTTOM     (Test Via)
  CODEC_3V15           VIA018-008STENTED    (593.00 1804.00) TOP/BOTTOM 
  CODEC_3V15           VIA018-008STENTED    (17.80 2053.15)  TOP/BOTTOM 
  I2C1_SCL             VIA018-008OPEN-BOT   (3427.66 2357.96) TOP/BOTTOM     (Test Via)
  KEY_ROW0             VIA018-008STENTED    (2580.00 184.09) TOP/BOTTOM 
  KEY_ROW0             VIA018-008STENTED    (1673.00 210.50) TOP/BOTTOM 
  KEY_ROW0             VIA018-008STENTED    (1974.00 1746.00) TOP/BOTTOM 
  KEY_ROW0             VIA018-008STENTED    (2721.00 1404.00) TOP/BOTTOM 
  KEY_COL2             VIA018-008STENTED    (705.00 -44.00)  TOP/BOTTOM 
  KEY_COL2             VIA018-008STENTED    (773.40 839.34)  TOP/BOTTOM 
  P1V2_VGEN1           VIA020-010STENDED    (2689.00 2852.50) TOP/BOTTOM 
  P1V2_VGEN1           VIA020-010STENDED    (2689.00 2823.00) TOP/BOTTOM 
  EPDC_PWRCTRL2        VIA018-008OPEN-BOT   (2580.00 1161.50) TOP/BOTTOM     (Test Via)
  EPDC_PWRCTRL2        VIA018-008STENTED    (2426.00 494.72) TOP/BOTTOM 
  VDD_SOC_IN           VIA018-008STENTED    (2491.00 2665.00) TOP/BOTTOM 
  EPDC_SDSHR           VIA018-008STENTED    (2400.00 513.84) TOP/BOTTOM 
  EPDC_SDSHR           VIA018-008OPEN-BOT   (2700.00 1233.00) TOP/BOTTOM     (Test Via)
  DRAM_VREF            VIA018-008STENTED    (3339.50 2650.00) TOP/BOTTOM 
  I2C2_SDA             VIA018-008OPEN-BOT   (944.00 1792.25) TOP/BOTTOM     (Test Via)
  I2C2_SDA             VIA018-008STENTED    (662.00 1753.00) TOP/BOTTOM 
  I2C2_SDA             VIA018-008STENTED    (1071.00 1740.50) TOP/BOTTOM 
  I2C2_SDA             VIA018-008STENTED    (1566.50 1678.50) TOP/BOTTOM 
  I2C2_SDA             VIA018-008STENTED    (1574.00 1494.00) TOP/BOTTOM 
  I2C2_SDA             VIA018-008STENTED    (2317.00 1395.50) TOP/BOTTOM 
  I2C2_SDA             VIA018-008STENTED    (2949.46 1400.10) TOP/BOTTOM 
  EPDC_PWRCOM          C018-008TENTED       (2278.00 348.84) TOP/BOTTOM 
  EPDC_PWRCOM          VIA018-008OPEN-BOT   (2293.00 1080.84) TOP/BOTTOM     (Test Via)
  EPDC_PWRCOM          VIA018-008STENTED    (3293.00 197.00) TOP/BOTTOM 
  EPDC_PWRCOM          VIA018-008STENTED    (3443.00 1635.00) TOP/BOTTOM 
  EPDC_PWRCOM          VIA018-008STENTED    (4250.00 1705.00) TOP/BOTTOM 
  KEY_ROW3             VIA018-008OPEN-BOT   (2016.75 1685.50) TOP/BOTTOM     (Test Via)
  CODEC_I2C_SDA        VIA018-008STENTED    (967.00 1655.00) TOP/BOTTOM 
  CODEC_I2C_SDA        VIA018-008OPEN-TOP   (666.00 1655.00) TOP/BOTTOM     (Test Via)
  EPDC_D1              VIA018-008STENTED    (1909.00 525.84) TOP/BOTTOM 
  EPDC_D1              VIA018-008OPEN-BOT   (1929.00 1047.84) TOP/BOTTOM     (Test Via)

<< Summary >>
  Total dangling lines:       0
  Total dangling vias:       20
  Total antenna vias:       877
